[2025-07-16 10:22:13Z INFO HostContext] No proxy settings were found based on environmental variables (http_proxy/https_proxy/HTTP_PROXY/HTTPS_PROXY)
[2025-07-16 10:22:13Z INFO HostContext] Well known directory 'Bin': 'C:\salesforce-pre-sync\actions-runner\bin'
[2025-07-16 10:22:13Z INFO HostContext] Well known directory 'Root': 'C:\salesforce-pre-sync\actions-runner'
[2025-07-16 10:22:13Z INFO HostContext] Well known config file 'Credentials': 'C:\salesforce-pre-sync\actions-runner\.credentials'
[2025-07-16 10:22:13Z INFO HostContext] Well known directory 'Bin': 'C:\salesforce-pre-sync\actions-runner\bin'
[2025-07-16 10:22:13Z INFO HostContext] Well known directory 'Root': 'C:\salesforce-pre-sync\actions-runner'
[2025-07-16 10:22:13Z INFO HostContext] Well known config file 'Runner': 'C:\salesforce-pre-sync\actions-runner\.runner'
[2025-07-16 10:22:13Z INFO Listener] Runner is built for Windows (X64) - win-x64.
[2025-07-16 10:22:13Z INFO Listener] RuntimeInformation: Microsoft Windows 10.0.26100.
[2025-07-16 10:22:13Z INFO Listener] Version: 2.326.0
[2025-07-16 10:22:13Z INFO Listener] Commit: de0233c4d64676d8ebd16074221ae1e0e0bf2a13
[2025-07-16 10:22:13Z INFO Listener] Culture: es-ES
[2025-07-16 10:22:13Z INFO Listener] UI Culture: es-ES
[2025-07-16 10:22:13Z INFO HostContext] Well known directory 'Bin': 'C:\salesforce-pre-sync\actions-runner\bin'
[2025-07-16 10:22:13Z INFO HostContext] Well known directory 'Root': 'C:\salesforce-pre-sync\actions-runner'
[2025-07-16 10:22:13Z INFO Listener] Validating directory permissions for: 'C:\salesforce-pre-sync\actions-runner'
[2025-07-16 10:22:13Z INFO CommandLineParser] Parse
[2025-07-16 10:22:13Z INFO CommandLineParser] Parsing 1 args
[2025-07-16 10:22:13Z INFO CommandLineParser] parsing argument
[2025-07-16 10:22:13Z INFO CommandLineParser] HasArgs: False
[2025-07-16 10:22:13Z INFO CommandLineParser] Adding Command: run
[2025-07-16 10:22:13Z INFO Listener] Arguments parsed
[2025-07-16 10:22:13Z INFO Runner] ExecuteCommand
[2025-07-16 10:22:13Z INFO ConfigurationStore] currentAssemblyLocation: C:\salesforce-pre-sync\actions-runner\bin\Runner.Listener.dll
[2025-07-16 10:22:13Z INFO HostContext] Well known directory 'Bin': 'C:\salesforce-pre-sync\actions-runner\bin'
[2025-07-16 10:22:13Z INFO ConfigurationStore] binPath: C:\salesforce-pre-sync\actions-runner\bin
[2025-07-16 10:22:13Z INFO HostContext] Well known directory 'Bin': 'C:\salesforce-pre-sync\actions-runner\bin'
[2025-07-16 10:22:13Z INFO HostContext] Well known directory 'Root': 'C:\salesforce-pre-sync\actions-runner'
[2025-07-16 10:22:13Z INFO ConfigurationStore] RootFolder: C:\salesforce-pre-sync\actions-runner
[2025-07-16 10:22:13Z INFO HostContext] Well known directory 'Bin': 'C:\salesforce-pre-sync\actions-runner\bin'
[2025-07-16 10:22:13Z INFO HostContext] Well known directory 'Root': 'C:\salesforce-pre-sync\actions-runner'
[2025-07-16 10:22:13Z INFO HostContext] Well known config file 'Runner': 'C:\salesforce-pre-sync\actions-runner\.runner'
[2025-07-16 10:22:13Z INFO ConfigurationStore] ConfigFilePath: C:\salesforce-pre-sync\actions-runner\.runner
[2025-07-16 10:22:13Z INFO HostContext] Well known directory 'Bin': 'C:\salesforce-pre-sync\actions-runner\bin'
[2025-07-16 10:22:13Z INFO HostContext] Well known directory 'Root': 'C:\salesforce-pre-sync\actions-runner'
[2025-07-16 10:22:13Z INFO HostContext] Well known config file 'MigratedRunner': 'C:\salesforce-pre-sync\actions-runner\.runner_migrated'
[2025-07-16 10:22:13Z INFO ConfigurationStore] MigratedConfigFilePath: C:\salesforce-pre-sync\actions-runner\.runner_migrated
[2025-07-16 10:22:13Z INFO HostContext] Well known directory 'Bin': 'C:\salesforce-pre-sync\actions-runner\bin'
[2025-07-16 10:22:13Z INFO HostContext] Well known directory 'Root': 'C:\salesforce-pre-sync\actions-runner'
[2025-07-16 10:22:13Z INFO HostContext] Well known config file 'Credentials': 'C:\salesforce-pre-sync\actions-runner\.credentials'
[2025-07-16 10:22:13Z INFO ConfigurationStore] CredFilePath: C:\salesforce-pre-sync\actions-runner\.credentials
[2025-07-16 10:22:13Z INFO HostContext] Well known directory 'Bin': 'C:\salesforce-pre-sync\actions-runner\bin'
[2025-07-16 10:22:13Z INFO HostContext] Well known directory 'Root': 'C:\salesforce-pre-sync\actions-runner'
[2025-07-16 10:22:13Z INFO HostContext] Well known config file 'MigratedCredentials': 'C:\salesforce-pre-sync\actions-runner\.credentials_migrated'
[2025-07-16 10:22:13Z INFO ConfigurationStore] MigratedCredFilePath: C:\salesforce-pre-sync\actions-runner\.credentials_migrated
[2025-07-16 10:22:13Z INFO HostContext] Well known directory 'Bin': 'C:\salesforce-pre-sync\actions-runner\bin'
[2025-07-16 10:22:13Z INFO HostContext] Well known directory 'Root': 'C:\salesforce-pre-sync\actions-runner'
[2025-07-16 10:22:13Z INFO HostContext] Well known config file 'Service': 'C:\salesforce-pre-sync\actions-runner\.service'
[2025-07-16 10:22:13Z INFO ConfigurationStore] ServiceConfigFilePath: C:\salesforce-pre-sync\actions-runner\.service
[2025-07-16 10:22:13Z INFO CommandSettings] Flag 'help': 'False'
[2025-07-16 10:22:13Z INFO CommandSettings] Flag 'version': 'False'
[2025-07-16 10:22:13Z INFO CommandSettings] Flag 'commit': 'False'
[2025-07-16 10:22:13Z INFO CommandSettings] Flag 'check': 'False'
[2025-07-16 10:22:13Z INFO CommandSettings] Command 'configure': 'False'
[2025-07-16 10:22:13Z INFO CommandSettings] Command 'remove': 'False'
[2025-07-16 10:22:13Z INFO CommandSettings] Command 'warmup': 'False'
[2025-07-16 10:22:13Z INFO ConfigurationManager] LoadSettings
[2025-07-16 10:22:13Z INFO ConfigurationStore] IsConfigured()
[2025-07-16 10:22:13Z INFO ConfigurationStore] IsConfigured: True
[2025-07-16 10:22:13Z INFO ConfigurationManager] Is configured: True
[2025-07-16 10:22:13Z INFO ConfigurationStore] Read setting file: 410 chars
[2025-07-16 10:22:13Z INFO ConfigurationManager] Settings Loaded
[2025-07-16 10:22:13Z INFO ConfigurationStore] IsServiceConfigured()
[2025-07-16 10:22:13Z INFO ConfigurationStore] IsServiceConfigured: False
[2025-07-16 10:22:13Z INFO CommandSettings] Command 'run': 'True'
[2025-07-16 10:22:13Z INFO ConfigurationStore] IsConfigured()
[2025-07-16 10:22:13Z INFO ConfigurationStore] IsConfigured: True
[2025-07-16 10:22:13Z INFO ConfigurationManager] Is configured: True
[2025-07-16 10:22:13Z INFO Runner] Could not parse the argument value '' for StartupType. Defaulting to Manual
[2025-07-16 10:22:13Z INFO Runner] Set runner startup type - Manual
[2025-07-16 10:22:13Z INFO CommandSettings] Flag 'once': 'False'
[2025-07-16 10:22:13Z INFO CommandSettings] Flag 'once': 'False'
[2025-07-16 10:22:13Z INFO Runner] RunAsync
[2025-07-16 10:22:13Z INFO ConfigurationManager] LoadMigratedSettings
[2025-07-16 10:22:13Z INFO ConfigurationStore] IsMigratedConfigured()
[2025-07-16 10:22:13Z INFO ConfigurationStore] IsMigratedConfigured: False
[2025-07-16 10:22:13Z INFO Runner] Failed to load migrated settings: No migrated configuration found.
[2025-07-16 10:22:13Z INFO Runner] Falling back to original .runner settings
[2025-07-16 10:22:13Z INFO Runner] Using BrokerMessageListener
[2025-07-16 10:22:13Z INFO BrokerMessageListener] Using provided settings
[2025-07-16 10:22:13Z INFO BrokerMessageListener] {
  "AgentId": 2,
  "AgentName": "PRE-Sync-Runner",
  "PoolId": 1,
  "PoolName": "Default",
  "ServerUrl": "https://pipelinesghubeus10.actions.githubusercontent.com/x7356iyVm9kpWE8yzw7AR8gvmToSsHs9pLcxV0eas7qMGTpW3B/",
  "GitHubUrl": "https://github.com/soporteoaci/salesforce-pre-sync",
  "WorkFolder": "_work",
  "UseV2Flow": true,
  "ServerUrlV2": "https://broker.actions.githubusercontent.com/"
}
[2025-07-16 10:22:13Z INFO BrokerMessageListener] Loading Credentials
[2025-07-16 10:22:13Z INFO ConfigurationStore] HasCredentials()
[2025-07-16 10:22:13Z INFO ConfigurationStore] stored True
[2025-07-16 10:22:13Z INFO CredentialManager] GetCredentialProvider
[2025-07-16 10:22:13Z INFO CredentialManager] Creating type OAuth
[2025-07-16 10:22:13Z INFO CredentialManager] Creating credential type: OAuth
[2025-07-16 10:22:13Z INFO HostContext] Well known directory 'Bin': 'C:\salesforce-pre-sync\actions-runner\bin'
[2025-07-16 10:22:13Z INFO HostContext] Well known directory 'Root': 'C:\salesforce-pre-sync\actions-runner'
[2025-07-16 10:22:13Z INFO HostContext] Well known config file 'RSACredentials': 'C:\salesforce-pre-sync\actions-runner\.credentials_rsaparams'
[2025-07-16 10:22:13Z INFO RSAEncryptedFileKeyManager] Loading RSA key parameters from file C:\salesforce-pre-sync\actions-runner\.credentials_rsaparams
[2025-07-16 10:22:13Z INFO BrokerMessageListener] Attempt to create session.
[2025-07-16 10:22:13Z INFO BrokerMessageListener] Connecting to the Broker Server...
[2025-07-16 10:22:13Z INFO ConfigurationStore] HasCredentials()
[2025-07-16 10:22:13Z INFO ConfigurationStore] stored True
[2025-07-16 10:22:13Z INFO CredentialManager] GetCredentialProvider
[2025-07-16 10:22:13Z INFO CredentialManager] Creating type OAuth
[2025-07-16 10:22:13Z INFO CredentialManager] Creating credential type: OAuth
[2025-07-16 10:22:13Z INFO RSAEncryptedFileKeyManager] Loading RSA key parameters from file C:\salesforce-pre-sync\actions-runner\.credentials_rsaparams
[2025-07-16 10:22:13Z INFO BrokerMessageListener] VssConnection created
[2025-07-16 10:22:13Z INFO BrokerMessageListener] Connecting to the Runner server...
[2025-07-16 10:22:13Z INFO RunnerServer] EstablishVssConnection
[2025-07-16 10:22:13Z INFO RunnerServer] Establish connection with 100 seconds timeout.
[2025-07-16 10:22:13Z INFO GitHubActionsService] Starting operation Location.GetConnectionData
[2025-07-16 10:22:13Z INFO RunnerServer] EstablishVssConnection
[2025-07-16 10:22:13Z INFO RunnerServer] Establish connection with 60 seconds timeout.
[2025-07-16 10:22:13Z INFO GitHubActionsService] Starting operation Location.GetConnectionData
[2025-07-16 10:22:13Z INFO RunnerServer] EstablishVssConnection
[2025-07-16 10:22:13Z INFO RunnerServer] Establish connection with 60 seconds timeout.
[2025-07-16 10:22:13Z INFO GitHubActionsService] Starting operation Location.GetConnectionData
[2025-07-16 10:22:14Z INFO GitHubActionsService] Finished operation Location.GetConnectionData
[2025-07-16 10:22:14Z INFO GitHubActionsService] Finished operation Location.GetConnectionData
[2025-07-16 10:22:14Z INFO GitHubActionsService] Finished operation Location.GetConnectionData
[2025-07-16 10:22:14Z INFO BrokerMessageListener] VssConnection created
[2025-07-16 10:22:14Z INFO Terminal] WRITE LINE: 
[2025-07-16 10:22:14Z INFO Terminal] WRITE LINE: 
[2025-07-16 10:22:14Z INFO RSAEncryptedFileKeyManager] Loading RSA key parameters from file C:\salesforce-pre-sync\actions-runner\.credentials_rsaparams
[2025-07-16 10:22:14Z INFO RSAEncryptedFileKeyManager] Loading RSA key parameters from file C:\salesforce-pre-sync\actions-runner\.credentials_rsaparams
[2025-07-16 10:22:14Z INFO GitHubActionsService] AAD Correlation ID for this token request: Unknown
[2025-07-16 10:22:15Z INFO BrokerMessageListener] Session created.
[2025-07-16 10:22:15Z INFO Terminal] WRITE LINE: Current runner version: '2.326.0'
[2025-07-16 10:22:15Z INFO Terminal] WRITE LINE: 2025-07-16 10:22:15Z: Listening for Jobs
[2025-07-16 10:22:15Z INFO JobDispatcher] Set runner/worker IPC timeout to 30 seconds.
[2025-07-16 10:22:22Z INFO ConfigurationStore] HasCredentials()
[2025-07-16 10:22:22Z INFO ConfigurationStore] stored True
[2025-07-16 10:22:22Z INFO CredentialManager] GetCredentialProvider
[2025-07-16 10:22:22Z INFO CredentialManager] Creating type OAuth
[2025-07-16 10:22:22Z INFO CredentialManager] Creating credential type: OAuth
[2025-07-16 10:22:22Z INFO RSAEncryptedFileKeyManager] Loading RSA key parameters from file C:\salesforce-pre-sync\actions-runner\.credentials_rsaparams
[2025-07-16 10:22:22Z INFO RSAEncryptedFileKeyManager] Loading RSA key parameters from file C:\salesforce-pre-sync\actions-runner\.credentials_rsaparams
[2025-07-16 10:22:22Z INFO RSAEncryptedFileKeyManager] Loading RSA key parameters from file C:\salesforce-pre-sync\actions-runner\.credentials_rsaparams
[2025-07-16 10:22:23Z INFO GitHubActionsService] AAD Correlation ID for this token request: Unknown
[2025-07-16 10:22:24Z INFO JobDispatcher] Job request 0 for plan 8f54c75a-cca5-453b-987c-e1bb529a1251 job bec7a609-b8ae-5e8d-a0b5-eb23896614b4 received.
[2025-07-16 10:22:24Z INFO BrokerMessageListener] Received job status event. JobState: Busy
[2025-07-16 10:22:24Z INFO BrokerMessageListener] _getMessagesTokenSource is already disposed.
[2025-07-16 10:22:24Z INFO Terminal] WRITE LINE: 2025-07-16 10:22:24Z: Running job: sync
[2025-07-16 10:22:24Z INFO JobDispatcher] Start renew job request 0 for job bec7a609-b8ae-5e8d-a0b5-eb23896614b4.
[2025-07-16 10:22:24Z INFO JobDispatcher] Successfully renew job bec7a609-b8ae-5e8d-a0b5-eb23896614b4, job is valid till 16/07/2025 10:32:26
[2025-07-16 10:22:24Z INFO HostContext] Well known directory 'Bin': 'C:\salesforce-pre-sync\actions-runner\bin'
[2025-07-16 10:22:24Z INFO ProcessInvokerWrapper] Starting process:
[2025-07-16 10:22:24Z INFO ProcessInvokerWrapper]   File name: 'C:\salesforce-pre-sync\actions-runner\bin\Runner.Worker.exe'
[2025-07-16 10:22:24Z INFO ProcessInvokerWrapper]   Arguments: 'spawnclient 2288 2304'
[2025-07-16 10:22:24Z INFO ProcessInvokerWrapper]   Working directory: 'C:\salesforce-pre-sync\actions-runner\bin'
[2025-07-16 10:22:24Z INFO ProcessInvokerWrapper]   Require exit code zero: 'False'
[2025-07-16 10:22:24Z INFO ProcessInvokerWrapper]   Encoding web name:  ; code page: ''
[2025-07-16 10:22:24Z INFO ProcessInvokerWrapper]   Force kill process on cancellation: 'True'
[2025-07-16 10:22:24Z INFO ProcessInvokerWrapper]   Redirected STDIN: 'False'
[2025-07-16 10:22:24Z INFO ProcessInvokerWrapper]   Persist current code page: 'False'
[2025-07-16 10:22:24Z INFO ProcessInvokerWrapper]   Keep redirected STDIN open: 'False'
[2025-07-16 10:22:24Z INFO ProcessInvokerWrapper]   High priority process: 'True'
[2025-07-16 10:22:24Z INFO ProcessInvokerWrapper] Process started with process id 22332, waiting for process exit.
[2025-07-16 10:22:24Z INFO JobDispatcher] Send job request message to worker for job bec7a609-b8ae-5e8d-a0b5-eb23896614b4.
[2025-07-16 10:22:24Z INFO ProcessChannel] Sending message of length 18745, with hash '4446f6a5ede132f151f9a8617433898f9c16fe0be4a958eb483c36e2740ee68b'
[2025-07-16 10:22:25Z INFO JobNotification] Entering JobStarted Notification
[2025-07-16 10:22:25Z INFO JobNotification] Entering StartMonitor
[2025-07-16 10:22:50Z INFO ProcessInvokerWrapper] STDOUT/STDERR stream read finished.
[2025-07-16 10:22:50Z INFO ProcessInvokerWrapper] STDOUT/STDERR stream read finished.
[2025-07-16 10:22:50Z INFO ProcessInvokerWrapper] Finished process 22332 with exit code 102, and elapsed time 00:00:26.0157251.
[2025-07-16 10:22:50Z INFO JobDispatcher] Worker finished for job bec7a609-b8ae-5e8d-a0b5-eb23896614b4. Code: 102
[2025-07-16 10:22:50Z INFO JobDispatcher] finish job request for job bec7a609-b8ae-5e8d-a0b5-eb23896614b4 with result: Failed
[2025-07-16 10:22:50Z INFO Terminal] WRITE LINE: 2025-07-16 10:22:50Z: Job sync completed with result: Failed
[2025-07-16 10:22:50Z INFO JobDispatcher] Stop renew job request for job bec7a609-b8ae-5e8d-a0b5-eb23896614b4.
[2025-07-16 10:22:50Z INFO JobDispatcher] job renew has been cancelled, stop renew job bec7a609-b8ae-5e8d-a0b5-eb23896614b4.
[2025-07-16 10:22:50Z INFO JobNotification] Entering JobCompleted Notification
[2025-07-16 10:22:50Z INFO JobNotification] Entering EndMonitor
[2025-07-16 10:22:50Z INFO BrokerMessageListener] Received job status event. JobState: Online
[2025-07-16 10:22:50Z WARN GitHubActionsService] GET request to https://broker.actions.githubusercontent.com/message?sessionId=4857b9e0-f361-4e40-bf4c-78277633ca8d&status=Busy&runnerVersion=2.326.0&os=Windows&architecture=X64&disableUpdate=false has been cancelled.
[2025-07-16 10:22:50Z ERR  BrokerServer] Catch exception during request
[2025-07-16 10:22:50Z ERR  BrokerServer] System.Threading.Tasks.TaskCanceledException: The operation was canceled.
 ---> System.Threading.Tasks.TaskCanceledException: The operation was canceled.
 ---> System.IO.IOException: Unable to read data from the transport connection: La operación de E/S se anuló por una salida de subproceso o por una solicitud de aplicación..
 ---> System.Net.Sockets.SocketException (995): La operación de E/S se anuló por una salida de subproceso o por una solicitud de aplicación.
   --- End of inner exception stack trace ---
   at System.Net.Sockets.Socket.AwaitableSocketAsyncEventArgs.ThrowException(SocketError error, CancellationToken cancellationToken)
   at System.Net.Sockets.Socket.AwaitableSocketAsyncEventArgs.System.Threading.Tasks.Sources.IValueTaskSource<System.Int32>.GetResult(Int16 token)
   at System.Net.Security.SslStream.EnsureFullTlsFrameAsync[TIOAdapter](CancellationToken cancellationToken, Int32 estimatedSize)
   at System.Runtime.CompilerServices.PoolingAsyncValueTaskMethodBuilder`1.StateMachineBox`1.System.Threading.Tasks.Sources.IValueTaskSource<TResult>.GetResult(Int16 token)
   at System.Net.Security.SslStream.ReadAsyncInternal[TIOAdapter](Memory`1 buffer, CancellationToken cancellationToken)
   at System.Runtime.CompilerServices.PoolingAsyncValueTaskMethodBuilder`1.StateMachineBox`1.System.Threading.Tasks.Sources.IValueTaskSource<TResult>.GetResult(Int16 token)
   at System.Net.Http.HttpConnection.SendAsync(HttpRequestMessage request, Boolean async, CancellationToken cancellationToken)
   --- End of inner exception stack trace ---
   at System.Net.Http.HttpConnection.SendAsync(HttpRequestMessage request, Boolean async, CancellationToken cancellationToken)
   at System.Net.Http.AuthenticationHelper.SendWithNtAuthAsync(HttpRequestMessage request, Uri authUri, Boolean async, ICredentials credentials, Boolean isProxyAuth, HttpConnection connection, HttpConnectionPool connectionPool, CancellationToken cancellationToken)
   at System.Net.Http.HttpConnectionPool.SendWithVersionDetectionAndRetryAsync(HttpRequestMessage request, Boolean async, Boolean doRequestAuth, CancellationToken cancellationToken)
   at System.Net.Http.AuthenticationHelper.SendWithAuthAsync(HttpRequestMessage request, Uri authUri, Boolean async, ICredentials credentials, Boolean preAuthenticate, Boolean isProxyAuth, Boolean doRequestAuth, HttpConnectionPool pool, CancellationToken cancellationToken)
   at System.Net.Http.RedirectHandler.SendAsync(HttpRequestMessage request, Boolean async, CancellationToken cancellationToken)
   at GitHub.Services.Common.RawHttpMessageHandler.SendAsync(HttpRequestMessage request, CancellationToken cancellationToken)
   at GitHub.Services.Common.VssHttpRetryMessageHandler.SendAsync(HttpRequestMessage request, CancellationToken cancellationToken)
   at System.Net.Http.HttpClient.<SendAsync>g__Core|83_0(HttpRequestMessage request, HttpCompletionOption completionOption, CancellationTokenSource cts, Boolean disposeCts, CancellationTokenSource pendingRequestsCts, CancellationToken originalCancellationToken)
   --- End of inner exception stack trace ---
   at System.Net.Http.HttpClient.HandleFailure(Exception e, Boolean telemetryStarted, HttpResponseMessage response, CancellationTokenSource cts, CancellationToken cancellationToken, CancellationTokenSource pendingRequestsCts)
   at System.Net.Http.HttpClient.<SendAsync>g__Core|83_0(HttpRequestMessage request, HttpCompletionOption completionOption, CancellationTokenSource cts, Boolean disposeCts, CancellationTokenSource pendingRequestsCts, CancellationToken originalCancellationToken)
   at Sdk.WebApi.WebApi.RawHttpClientBase.SendAsync(HttpRequestMessage message, HttpCompletionOption completionOption, Object userState, CancellationToken cancellationToken)
   at Sdk.WebApi.WebApi.RawHttpClientBase.SendAsync[T](HttpRequestMessage message, Boolean readErrorBody, Object userState, CancellationToken cancellationToken)
   at Sdk.WebApi.WebApi.RawHttpClientBase.SendAsync[T](HttpMethod method, IEnumerable`1 additionalHeaders, Uri requestUri, HttpContent content, IEnumerable`1 queryParameters, Boolean readErrorBody, Object userState, CancellationToken cancellationToken)
   at GitHub.Actions.RunService.WebApi.BrokerHttpClient.GetRunnerMessageAsync(Nullable`1 sessionId, String runnerVersion, Nullable`1 status, String os, String architecture, Nullable`1 disableUpdate, CancellationToken cancellationToken)
   at GitHub.Runner.Common.BrokerServer.<>c__DisplayClass7_0.<<GetRunnerMessageAsync>b__0>d.MoveNext()
--- End of stack trace from previous location ---
   at GitHub.Runner.Common.RunnerService.RetryRequest[T](Func`1 func, CancellationToken cancellationToken, Int32 maxRetryAttemptsCount, Func`2 shouldRetry)
[2025-07-16 10:22:50Z ERR  BrokerServer] #####################################################
[2025-07-16 10:22:50Z ERR  BrokerServer] System.Threading.Tasks.TaskCanceledException: The operation was canceled.
 ---> System.IO.IOException: Unable to read data from the transport connection: La operación de E/S se anuló por una salida de subproceso o por una solicitud de aplicación..
 ---> System.Net.Sockets.SocketException (995): La operación de E/S se anuló por una salida de subproceso o por una solicitud de aplicación.
   --- End of inner exception stack trace ---
   at System.Net.Sockets.Socket.AwaitableSocketAsyncEventArgs.ThrowException(SocketError error, CancellationToken cancellationToken)
   at System.Net.Sockets.Socket.AwaitableSocketAsyncEventArgs.System.Threading.Tasks.Sources.IValueTaskSource<System.Int32>.GetResult(Int16 token)
   at System.Net.Security.SslStream.EnsureFullTlsFrameAsync[TIOAdapter](CancellationToken cancellationToken, Int32 estimatedSize)
   at System.Runtime.CompilerServices.PoolingAsyncValueTaskMethodBuilder`1.StateMachineBox`1.System.Threading.Tasks.Sources.IValueTaskSource<TResult>.GetResult(Int16 token)
   at System.Net.Security.SslStream.ReadAsyncInternal[TIOAdapter](Memory`1 buffer, CancellationToken cancellationToken)
   at System.Runtime.CompilerServices.PoolingAsyncValueTaskMethodBuilder`1.StateMachineBox`1.System.Threading.Tasks.Sources.IValueTaskSource<TResult>.GetResult(Int16 token)
   at System.Net.Http.HttpConnection.SendAsync(HttpRequestMessage request, Boolean async, CancellationToken cancellationToken)
   --- End of inner exception stack trace ---
   at System.Net.Http.HttpConnection.SendAsync(HttpRequestMessage request, Boolean async, CancellationToken cancellationToken)
   at System.Net.Http.AuthenticationHelper.SendWithNtAuthAsync(HttpRequestMessage request, Uri authUri, Boolean async, ICredentials credentials, Boolean isProxyAuth, HttpConnection connection, HttpConnectionPool connectionPool, CancellationToken cancellationToken)
   at System.Net.Http.HttpConnectionPool.SendWithVersionDetectionAndRetryAsync(HttpRequestMessage request, Boolean async, Boolean doRequestAuth, CancellationToken cancellationToken)
   at System.Net.Http.AuthenticationHelper.SendWithAuthAsync(HttpRequestMessage request, Uri authUri, Boolean async, ICredentials credentials, Boolean preAuthenticate, Boolean isProxyAuth, Boolean doRequestAuth, HttpConnectionPool pool, CancellationToken cancellationToken)
   at System.Net.Http.RedirectHandler.SendAsync(HttpRequestMessage request, Boolean async, CancellationToken cancellationToken)
   at GitHub.Services.Common.RawHttpMessageHandler.SendAsync(HttpRequestMessage request, CancellationToken cancellationToken)
   at GitHub.Services.Common.VssHttpRetryMessageHandler.SendAsync(HttpRequestMessage request, CancellationToken cancellationToken)
   at System.Net.Http.HttpClient.<SendAsync>g__Core|83_0(HttpRequestMessage request, HttpCompletionOption completionOption, CancellationTokenSource cts, Boolean disposeCts, CancellationTokenSource pendingRequestsCts, CancellationToken originalCancellationToken)
[2025-07-16 10:22:50Z ERR  BrokerServer] #####################################################
[2025-07-16 10:22:50Z ERR  BrokerServer] System.IO.IOException: Unable to read data from the transport connection: La operación de E/S se anuló por una salida de subproceso o por una solicitud de aplicación..
 ---> System.Net.Sockets.SocketException (995): La operación de E/S se anuló por una salida de subproceso o por una solicitud de aplicación.
   --- End of inner exception stack trace ---
   at System.Net.Sockets.Socket.AwaitableSocketAsyncEventArgs.ThrowException(SocketError error, CancellationToken cancellationToken)
   at System.Net.Sockets.Socket.AwaitableSocketAsyncEventArgs.System.Threading.Tasks.Sources.IValueTaskSource<System.Int32>.GetResult(Int16 token)
   at System.Net.Security.SslStream.EnsureFullTlsFrameAsync[TIOAdapter](CancellationToken cancellationToken, Int32 estimatedSize)
   at System.Runtime.CompilerServices.PoolingAsyncValueTaskMethodBuilder`1.StateMachineBox`1.System.Threading.Tasks.Sources.IValueTaskSource<TResult>.GetResult(Int16 token)
   at System.Net.Security.SslStream.ReadAsyncInternal[TIOAdapter](Memory`1 buffer, CancellationToken cancellationToken)
   at System.Runtime.CompilerServices.PoolingAsyncValueTaskMethodBuilder`1.StateMachineBox`1.System.Threading.Tasks.Sources.IValueTaskSource<TResult>.GetResult(Int16 token)
   at System.Net.Http.HttpConnection.SendAsync(HttpRequestMessage request, Boolean async, CancellationToken cancellationToken)
[2025-07-16 10:22:50Z ERR  BrokerServer] #####################################################
[2025-07-16 10:22:50Z ERR  BrokerServer] System.Net.Sockets.SocketException (995): La operación de E/S se anuló por una salida de subproceso o por una solicitud de aplicación.
[2025-07-16 10:22:50Z WARN BrokerServer] Back off 11,165 seconds before next retry. 4 attempt left.
[2025-07-16 10:22:50Z INFO BrokerMessageListener] Get messages has been cancelled using local token source. Continue to get messages with new status.
