[2025-07-16 09:36:45Z INFO HostContext] No proxy settings were found based on environmental variables (http_proxy/https_proxy/HTTP_PROXY/HTTPS_PROXY)
[2025-07-16 09:36:45Z INFO HostContext] Well known directory 'Bin': 'C:\salesforce-pre-sync\actions-runner\bin'
[2025-07-16 09:36:45Z INFO HostContext] Well known directory 'Root': 'C:\salesforce-pre-sync\actions-runner'
[2025-07-16 09:36:45Z INFO HostContext] Well known config file 'Credentials': 'C:\salesforce-pre-sync\actions-runner\.credentials'
[2025-07-16 09:36:45Z INFO HostContext] Well known directory 'Bin': 'C:\salesforce-pre-sync\actions-runner\bin'
[2025-07-16 09:36:45Z INFO HostContext] Well known directory 'Root': 'C:\salesforce-pre-sync\actions-runner'
[2025-07-16 09:36:45Z INFO HostContext] Well known config file 'Runner': 'C:\salesforce-pre-sync\actions-runner\.runner'
[2025-07-16 09:36:45Z INFO Listener] Runner is built for Windows (X64) - win-x64.
[2025-07-16 09:36:45Z INFO Listener] RuntimeInformation: Microsoft Windows 10.0.26100.
[2025-07-16 09:36:45Z INFO Listener] Version: 2.326.0
[2025-07-16 09:36:45Z INFO Listener] Commit: de0233c4d64676d8ebd16074221ae1e0e0bf2a13
[2025-07-16 09:36:45Z INFO Listener] Culture: es-ES
[2025-07-16 09:36:45Z INFO Listener] UI Culture: es-ES
[2025-07-16 09:36:45Z INFO HostContext] Well known directory 'Bin': 'C:\salesforce-pre-sync\actions-runner\bin'
[2025-07-16 09:36:45Z INFO HostContext] Well known directory 'Root': 'C:\salesforce-pre-sync\actions-runner'
[2025-07-16 09:36:45Z INFO Listener] Validating directory permissions for: 'C:\salesforce-pre-sync\actions-runner'
[2025-07-16 09:36:45Z INFO CommandLineParser] Parse
[2025-07-16 09:36:45Z INFO CommandLineParser] Parsing 5 args
[2025-07-16 09:36:45Z INFO CommandLineParser] parsing argument
[2025-07-16 09:36:45Z INFO CommandLineParser] HasArgs: False
[2025-07-16 09:36:45Z INFO CommandLineParser] Adding Command: configure
[2025-07-16 09:36:45Z INFO CommandLineParser] parsing argument
[2025-07-16 09:36:45Z INFO CommandLineParser] HasArgs: True
[2025-07-16 09:36:45Z INFO CommandLineParser] arg: url
[2025-07-16 09:36:45Z INFO CommandLineParser] parsing argument
[2025-07-16 09:36:45Z INFO CommandLineParser] HasArgs: True
[2025-07-16 09:36:45Z INFO CommandLineParser] Adding option 'url': 'https://github.com/soporteoaci/salesforce-pre-sync'
[2025-07-16 09:36:45Z INFO CommandLineParser] parsing argument
[2025-07-16 09:36:45Z INFO CommandLineParser] HasArgs: True
[2025-07-16 09:36:45Z INFO CommandLineParser] arg: token
[2025-07-16 09:36:45Z INFO CommandLineParser] parsing argument
[2025-07-16 09:36:45Z INFO CommandLineParser] HasArgs: True
[2025-07-16 09:36:45Z INFO CommandLineParser] Adding option 'token': '***'
[2025-07-16 09:36:45Z INFO Listener] Arguments parsed
[2025-07-16 09:36:46Z INFO Runner] ExecuteCommand
[2025-07-16 09:36:46Z INFO ConfigurationStore] currentAssemblyLocation: C:\salesforce-pre-sync\actions-runner\bin\Runner.Listener.dll
[2025-07-16 09:36:46Z INFO HostContext] Well known directory 'Bin': 'C:\salesforce-pre-sync\actions-runner\bin'
[2025-07-16 09:36:46Z INFO ConfigurationStore] binPath: C:\salesforce-pre-sync\actions-runner\bin
[2025-07-16 09:36:46Z INFO HostContext] Well known directory 'Bin': 'C:\salesforce-pre-sync\actions-runner\bin'
[2025-07-16 09:36:46Z INFO HostContext] Well known directory 'Root': 'C:\salesforce-pre-sync\actions-runner'
[2025-07-16 09:36:46Z INFO ConfigurationStore] RootFolder: C:\salesforce-pre-sync\actions-runner
[2025-07-16 09:36:46Z INFO HostContext] Well known directory 'Bin': 'C:\salesforce-pre-sync\actions-runner\bin'
[2025-07-16 09:36:46Z INFO HostContext] Well known directory 'Root': 'C:\salesforce-pre-sync\actions-runner'
[2025-07-16 09:36:46Z INFO HostContext] Well known config file 'Runner': 'C:\salesforce-pre-sync\actions-runner\.runner'
[2025-07-16 09:36:46Z INFO ConfigurationStore] ConfigFilePath: C:\salesforce-pre-sync\actions-runner\.runner
[2025-07-16 09:36:46Z INFO HostContext] Well known directory 'Bin': 'C:\salesforce-pre-sync\actions-runner\bin'
[2025-07-16 09:36:46Z INFO HostContext] Well known directory 'Root': 'C:\salesforce-pre-sync\actions-runner'
[2025-07-16 09:36:46Z INFO HostContext] Well known config file 'MigratedRunner': 'C:\salesforce-pre-sync\actions-runner\.runner_migrated'
[2025-07-16 09:36:46Z INFO ConfigurationStore] MigratedConfigFilePath: C:\salesforce-pre-sync\actions-runner\.runner_migrated
[2025-07-16 09:36:46Z INFO HostContext] Well known directory 'Bin': 'C:\salesforce-pre-sync\actions-runner\bin'
[2025-07-16 09:36:46Z INFO HostContext] Well known directory 'Root': 'C:\salesforce-pre-sync\actions-runner'
[2025-07-16 09:36:46Z INFO HostContext] Well known config file 'Credentials': 'C:\salesforce-pre-sync\actions-runner\.credentials'
[2025-07-16 09:36:46Z INFO ConfigurationStore] CredFilePath: C:\salesforce-pre-sync\actions-runner\.credentials
[2025-07-16 09:36:46Z INFO HostContext] Well known directory 'Bin': 'C:\salesforce-pre-sync\actions-runner\bin'
[2025-07-16 09:36:46Z INFO HostContext] Well known directory 'Root': 'C:\salesforce-pre-sync\actions-runner'
[2025-07-16 09:36:46Z INFO HostContext] Well known config file 'MigratedCredentials': 'C:\salesforce-pre-sync\actions-runner\.credentials_migrated'
[2025-07-16 09:36:46Z INFO ConfigurationStore] MigratedCredFilePath: C:\salesforce-pre-sync\actions-runner\.credentials_migrated
[2025-07-16 09:36:46Z INFO HostContext] Well known directory 'Bin': 'C:\salesforce-pre-sync\actions-runner\bin'
[2025-07-16 09:36:46Z INFO HostContext] Well known directory 'Root': 'C:\salesforce-pre-sync\actions-runner'
[2025-07-16 09:36:46Z INFO HostContext] Well known config file 'Service': 'C:\salesforce-pre-sync\actions-runner\.service'
[2025-07-16 09:36:46Z INFO ConfigurationStore] ServiceConfigFilePath: C:\salesforce-pre-sync\actions-runner\.service
[2025-07-16 09:36:46Z INFO CommandSettings] Flag 'help': 'False'
[2025-07-16 09:36:46Z INFO CommandSettings] Flag 'version': 'False'
[2025-07-16 09:36:46Z INFO CommandSettings] Flag 'commit': 'False'
[2025-07-16 09:36:46Z INFO CommandSettings] Flag 'check': 'False'
[2025-07-16 09:36:46Z INFO CommandSettings] Command 'configure': 'True'
[2025-07-16 09:36:46Z INFO Terminal] WRITE LINE: 
[2025-07-16 09:37:07Z INFO Terminal] WRITE LINE: --------------------------------------------------------------------------------
[2025-07-16 09:37:07Z INFO Terminal] WRITE LINE: |        ____ _ _   _   _       _          _        _   _                      |
[2025-07-16 09:37:07Z INFO Terminal] WRITE LINE: |       / ___(_) |_| | | |_   _| |__      / \   ___| |_(_) ___  _ __  ___      |
[2025-07-16 09:37:07Z INFO Terminal] WRITE LINE: |      | |  _| | __| |_| | | | | '_ \    / _ \ / __| __| |/ _ \| '_ \/ __|     |
[2025-07-16 09:37:07Z INFO Terminal] WRITE LINE: |      | |_| | | |_|  _  | |_| | |_) |  / ___ \ (__| |_| | (_) | | | \__ \     |
[2025-07-16 09:37:07Z INFO Terminal] WRITE LINE: |       \____|_|\__|_| |_|\__,_|_.__/  /_/   \_\___|\__|_|\___/|_| |_|___/     |
[2025-07-16 09:37:07Z INFO Terminal] WRITE LINE: |                                                                              |
[2025-07-16 09:37:07Z INFO Terminal] WRITE: |                       
[2025-07-16 09:37:07Z INFO Terminal] WRITE: Self-hosted runner registration
[2025-07-16 09:37:07Z INFO Terminal] WRITE LINE:                         |
[2025-07-16 09:37:07Z INFO Terminal] WRITE LINE: |                                                                              |
[2025-07-16 09:37:07Z INFO Terminal] WRITE LINE: --------------------------------------------------------------------------------
[2025-07-16 09:37:07Z INFO ConfigurationManager] ConfigureAsync
[2025-07-16 09:37:07Z INFO CommandSettings] Flag 'generateServiceConfig': 'False'
[2025-07-16 09:37:07Z INFO ConfigurationStore] IsConfigured()
[2025-07-16 09:37:07Z INFO ConfigurationStore] IsConfigured: False
[2025-07-16 09:37:07Z INFO ConfigurationManager] Is configured: False
[2025-07-16 09:37:07Z INFO CommandSettings] Arg 'url': 'https://github.com/soporteoaci/salesforce-pre-sync'
[2025-07-16 09:37:07Z INFO CommandSettings] Remove url from Arg dictionary.
[2025-07-16 09:37:07Z INFO CommandSettings] Arg 'token': '***'
[2025-07-16 09:37:07Z INFO CommandSettings] Remove token from Arg dictionary.
[2025-07-16 09:37:11Z INFO ConfigurationManager] Http response code: OK from 'POST https://api.github.com/actions/runner-registration' (0D33:16656C:35BA267:374642D:687772C9)
[2025-07-16 09:37:11Z INFO ConfigurationManager] Using V2 flow: False
[2025-07-16 09:37:11Z INFO ConfigurationManager] cred retrieved via GitHub auth
[2025-07-16 09:37:11Z INFO RunnerServer] EstablishVssConnection
[2025-07-16 09:37:11Z INFO RunnerServer] Establish connection with 100 seconds timeout.
[2025-07-16 09:37:12Z INFO GitHubActionsService] Starting operation Location.GetConnectionData
[2025-07-16 09:37:12Z INFO RunnerServer] EstablishVssConnection
[2025-07-16 09:37:12Z INFO RunnerServer] Establish connection with 60 seconds timeout.
[2025-07-16 09:37:12Z INFO GitHubActionsService] Starting operation Location.GetConnectionData
[2025-07-16 09:37:12Z INFO RunnerServer] EstablishVssConnection
[2025-07-16 09:37:12Z INFO RunnerServer] Establish connection with 60 seconds timeout.
[2025-07-16 09:37:12Z INFO GitHubActionsService] Starting operation Location.GetConnectionData
[2025-07-16 09:37:12Z INFO GitHubActionsService] Finished operation Location.GetConnectionData
[2025-07-16 09:37:12Z INFO GitHubActionsService] Finished operation Location.GetConnectionData
[2025-07-16 09:37:12Z INFO GitHubActionsService] Finished operation Location.GetConnectionData
[2025-07-16 09:37:13Z INFO Terminal] WRITE LINE: 
[2025-07-16 09:37:13Z INFO ConfigurationManager] Test Connection complete.
[2025-07-16 09:37:13Z INFO HostContext] Well known directory 'Bin': 'C:\salesforce-pre-sync\actions-runner\bin'
[2025-07-16 09:37:13Z INFO HostContext] Well known directory 'Root': 'C:\salesforce-pre-sync\actions-runner'
[2025-07-16 09:37:13Z INFO HostContext] Well known config file 'RSACredentials': 'C:\salesforce-pre-sync\actions-runner\.credentials_rsaparams'
[2025-07-16 09:37:13Z INFO RSAEncryptedFileKeyManager] Creating new RSA key using 2048-bit key length
[2025-07-16 09:37:13Z INFO RSAEncryptedFileKeyManager] Successfully saved RSA key parameters to file C:\salesforce-pre-sync\actions-runner\.credentials_rsaparams
[2025-07-16 09:37:13Z INFO CommandSettings] Arg 'runnergroup': ''
[2025-07-16 09:37:13Z INFO CommandSettings] Flag 'unattended': 'False'
[2025-07-16 09:37:13Z INFO PromptManager] ReadValue
[2025-07-16 09:37:13Z INFO Terminal] WRITE: Enter the name of the runner group to add this runner to: 
[2025-07-16 09:37:13Z INFO Terminal] WRITE: [press Enter for Default] 
[2025-07-16 09:37:13Z INFO Terminal] READ LINE
[2025-07-16 09:37:13Z INFO Terminal] Read value: './run.cmd./run.cmd'
[2025-07-16 09:37:13Z INFO Terminal] WRITE LINE: 
[2025-07-16 09:37:13Z ERR  Runner] GitHub.DistributedTask.WebApi.TaskAgentPoolNotFoundException: Could not find any self-hosted runner group named "./run.cmd./run.cmd".
   at GitHub.Runner.Listener.Configuration.ConfigurationManager.ConfigureAsync(CommandSettings command)
   at GitHub.Runner.Listener.Runner.ExecuteCommand(CommandSettings command)
[2025-07-16 09:37:13Z ERR  Terminal] WRITE ERROR: Could not find any self-hosted runner group named "./run.cmd./run.cmd".
[2025-07-16 09:37:13Z INFO Listener] Runner execution has finished with return code 1
