[2025-07-16 09:38:57Z INFO HostContext] No proxy settings were found based on environmental variables (http_proxy/https_proxy/HTTP_PROXY/HTTPS_PROXY)
[2025-07-16 09:38:57Z INFO HostContext] Well known directory 'Bin': 'C:\salesforce-pre-sync\actions-runner\bin'
[2025-07-16 09:38:57Z INFO HostContext] Well known directory 'Root': 'C:\salesforce-pre-sync\actions-runner'
[2025-07-16 09:38:57Z INFO HostContext] Well known config file 'Credentials': 'C:\salesforce-pre-sync\actions-runner\.credentials'
[2025-07-16 09:38:57Z INFO HostContext] Well known directory 'Bin': 'C:\salesforce-pre-sync\actions-runner\bin'
[2025-07-16 09:38:57Z INFO HostContext] Well known directory 'Root': 'C:\salesforce-pre-sync\actions-runner'
[2025-07-16 09:38:57Z INFO HostContext] Well known config file 'Runner': 'C:\salesforce-pre-sync\actions-runner\.runner'
[2025-07-16 09:38:57Z INFO Listener] Runner is built for Windows (X64) - win-x64.
[2025-07-16 09:38:57Z INFO Listener] RuntimeInformation: Microsoft Windows 10.0.26100.
[2025-07-16 09:38:57Z INFO Listener] Version: 2.326.0
[2025-07-16 09:38:57Z INFO Listener] Commit: de0233c4d64676d8ebd16074221ae1e0e0bf2a13
[2025-07-16 09:38:57Z INFO Listener] Culture: es-ES
[2025-07-16 09:38:57Z INFO Listener] UI Culture: es-ES
[2025-07-16 09:38:57Z INFO HostContext] Well known directory 'Bin': 'C:\salesforce-pre-sync\actions-runner\bin'
[2025-07-16 09:38:57Z INFO HostContext] Well known directory 'Root': 'C:\salesforce-pre-sync\actions-runner'
[2025-07-16 09:38:57Z INFO Listener] Validating directory permissions for: 'C:\salesforce-pre-sync\actions-runner'
[2025-07-16 09:38:57Z INFO CommandLineParser] Parse
[2025-07-16 09:38:57Z INFO CommandLineParser] Parsing 5 args
[2025-07-16 09:38:57Z INFO CommandLineParser] parsing argument
[2025-07-16 09:38:57Z INFO CommandLineParser] HasArgs: False
[2025-07-16 09:38:57Z INFO CommandLineParser] Adding Command: configure
[2025-07-16 09:38:57Z INFO CommandLineParser] parsing argument
[2025-07-16 09:38:57Z INFO CommandLineParser] HasArgs: True
[2025-07-16 09:38:57Z INFO CommandLineParser] arg: url
[2025-07-16 09:38:57Z INFO CommandLineParser] parsing argument
[2025-07-16 09:38:57Z INFO CommandLineParser] HasArgs: True
[2025-07-16 09:38:57Z INFO CommandLineParser] Adding option 'url': 'https://github.com/soporteoaci/salesforce-pre-sync'
[2025-07-16 09:38:57Z INFO CommandLineParser] parsing argument
[2025-07-16 09:38:57Z INFO CommandLineParser] HasArgs: True
[2025-07-16 09:38:57Z INFO CommandLineParser] arg: token
[2025-07-16 09:38:57Z INFO CommandLineParser] parsing argument
[2025-07-16 09:38:57Z INFO CommandLineParser] HasArgs: True
[2025-07-16 09:38:57Z INFO CommandLineParser] Adding option 'token': '***'
[2025-07-16 09:38:57Z INFO Listener] Arguments parsed
[2025-07-16 09:38:57Z INFO Runner] ExecuteCommand
[2025-07-16 09:38:57Z INFO ConfigurationStore] currentAssemblyLocation: C:\salesforce-pre-sync\actions-runner\bin\Runner.Listener.dll
[2025-07-16 09:38:57Z INFO HostContext] Well known directory 'Bin': 'C:\salesforce-pre-sync\actions-runner\bin'
[2025-07-16 09:38:57Z INFO ConfigurationStore] binPath: C:\salesforce-pre-sync\actions-runner\bin
[2025-07-16 09:38:57Z INFO HostContext] Well known directory 'Bin': 'C:\salesforce-pre-sync\actions-runner\bin'
[2025-07-16 09:38:57Z INFO HostContext] Well known directory 'Root': 'C:\salesforce-pre-sync\actions-runner'
[2025-07-16 09:38:57Z INFO ConfigurationStore] RootFolder: C:\salesforce-pre-sync\actions-runner
[2025-07-16 09:38:57Z INFO HostContext] Well known directory 'Bin': 'C:\salesforce-pre-sync\actions-runner\bin'
[2025-07-16 09:38:57Z INFO HostContext] Well known directory 'Root': 'C:\salesforce-pre-sync\actions-runner'
[2025-07-16 09:38:57Z INFO HostContext] Well known config file 'Runner': 'C:\salesforce-pre-sync\actions-runner\.runner'
[2025-07-16 09:38:57Z INFO ConfigurationStore] ConfigFilePath: C:\salesforce-pre-sync\actions-runner\.runner
[2025-07-16 09:38:57Z INFO HostContext] Well known directory 'Bin': 'C:\salesforce-pre-sync\actions-runner\bin'
[2025-07-16 09:38:57Z INFO HostContext] Well known directory 'Root': 'C:\salesforce-pre-sync\actions-runner'
[2025-07-16 09:38:57Z INFO HostContext] Well known config file 'MigratedRunner': 'C:\salesforce-pre-sync\actions-runner\.runner_migrated'
[2025-07-16 09:38:57Z INFO ConfigurationStore] MigratedConfigFilePath: C:\salesforce-pre-sync\actions-runner\.runner_migrated
[2025-07-16 09:38:57Z INFO HostContext] Well known directory 'Bin': 'C:\salesforce-pre-sync\actions-runner\bin'
[2025-07-16 09:38:57Z INFO HostContext] Well known directory 'Root': 'C:\salesforce-pre-sync\actions-runner'
[2025-07-16 09:38:57Z INFO HostContext] Well known config file 'Credentials': 'C:\salesforce-pre-sync\actions-runner\.credentials'
[2025-07-16 09:38:57Z INFO ConfigurationStore] CredFilePath: C:\salesforce-pre-sync\actions-runner\.credentials
[2025-07-16 09:38:57Z INFO HostContext] Well known directory 'Bin': 'C:\salesforce-pre-sync\actions-runner\bin'
[2025-07-16 09:38:57Z INFO HostContext] Well known directory 'Root': 'C:\salesforce-pre-sync\actions-runner'
[2025-07-16 09:38:57Z INFO HostContext] Well known config file 'MigratedCredentials': 'C:\salesforce-pre-sync\actions-runner\.credentials_migrated'
[2025-07-16 09:38:57Z INFO ConfigurationStore] MigratedCredFilePath: C:\salesforce-pre-sync\actions-runner\.credentials_migrated
[2025-07-16 09:38:57Z INFO HostContext] Well known directory 'Bin': 'C:\salesforce-pre-sync\actions-runner\bin'
[2025-07-16 09:38:57Z INFO HostContext] Well known directory 'Root': 'C:\salesforce-pre-sync\actions-runner'
[2025-07-16 09:38:57Z INFO HostContext] Well known config file 'Service': 'C:\salesforce-pre-sync\actions-runner\.service'
[2025-07-16 09:38:57Z INFO ConfigurationStore] ServiceConfigFilePath: C:\salesforce-pre-sync\actions-runner\.service
[2025-07-16 09:38:57Z INFO CommandSettings] Flag 'help': 'False'
[2025-07-16 09:38:57Z INFO CommandSettings] Flag 'version': 'False'
[2025-07-16 09:38:57Z INFO CommandSettings] Flag 'commit': 'False'
[2025-07-16 09:38:57Z INFO CommandSettings] Flag 'check': 'False'
[2025-07-16 09:38:57Z INFO CommandSettings] Command 'configure': 'True'
[2025-07-16 09:38:57Z INFO Terminal] WRITE LINE: 
[2025-07-16 09:38:57Z INFO Terminal] WRITE LINE: --------------------------------------------------------------------------------
[2025-07-16 09:38:57Z INFO Terminal] WRITE LINE: |        ____ _ _   _   _       _          _        _   _                      |
[2025-07-16 09:38:57Z INFO Terminal] WRITE LINE: |       / ___(_) |_| | | |_   _| |__      / \   ___| |_(_) ___  _ __  ___      |
[2025-07-16 09:38:57Z INFO Terminal] WRITE LINE: |      | |  _| | __| |_| | | | | '_ \    / _ \ / __| __| |/ _ \| '_ \/ __|     |
[2025-07-16 09:38:57Z INFO Terminal] WRITE LINE: |      | |_| | | |_|  _  | |_| | |_) |  / ___ \ (__| |_| | (_) | | | \__ \     |
[2025-07-16 09:38:57Z INFO Terminal] WRITE LINE: |       \____|_|\__|_| |_|\__,_|_.__/  /_/   \_\___|\__|_|\___/|_| |_|___/     |
[2025-07-16 09:38:57Z INFO Terminal] WRITE LINE: |                                                                              |
[2025-07-16 09:38:57Z INFO Terminal] WRITE: |                       
[2025-07-16 09:38:57Z INFO Terminal] WRITE: Self-hosted runner registration
[2025-07-16 09:38:57Z INFO Terminal] WRITE LINE:                         |
[2025-07-16 09:38:57Z INFO Terminal] WRITE LINE: |                                                                              |
[2025-07-16 09:38:57Z INFO Terminal] WRITE LINE: --------------------------------------------------------------------------------
[2025-07-16 09:38:57Z INFO ConfigurationManager] ConfigureAsync
[2025-07-16 09:38:57Z INFO CommandSettings] Flag 'generateServiceConfig': 'False'
[2025-07-16 09:38:57Z INFO ConfigurationStore] IsConfigured()
[2025-07-16 09:38:57Z INFO ConfigurationStore] IsConfigured: False
[2025-07-16 09:38:57Z INFO ConfigurationManager] Is configured: False
[2025-07-16 09:38:57Z INFO CommandSettings] Arg 'url': 'https://github.com/soporteoaci/salesforce-pre-sync'
[2025-07-16 09:38:57Z INFO CommandSettings] Remove url from Arg dictionary.
[2025-07-16 09:38:57Z INFO CommandSettings] Arg 'token': '***'
[2025-07-16 09:38:57Z INFO CommandSettings] Remove token from Arg dictionary.
[2025-07-16 09:38:58Z INFO ConfigurationManager] Http response code: OK from 'POST https://api.github.com/actions/runner-registration' (0D1F:245A85:19BC96C:1A6CB64:68777333)
[2025-07-16 09:38:58Z INFO ConfigurationManager] Using V2 flow: False
[2025-07-16 09:38:58Z INFO ConfigurationManager] cred retrieved via GitHub auth
[2025-07-16 09:38:58Z INFO RunnerServer] EstablishVssConnection
[2025-07-16 09:38:58Z INFO RunnerServer] Establish connection with 100 seconds timeout.
[2025-07-16 09:38:58Z INFO GitHubActionsService] Starting operation Location.GetConnectionData
[2025-07-16 09:38:58Z INFO RunnerServer] EstablishVssConnection
[2025-07-16 09:38:58Z INFO RunnerServer] Establish connection with 60 seconds timeout.
[2025-07-16 09:38:58Z INFO GitHubActionsService] Starting operation Location.GetConnectionData
[2025-07-16 09:38:58Z INFO RunnerServer] EstablishVssConnection
[2025-07-16 09:38:58Z INFO RunnerServer] Establish connection with 60 seconds timeout.
[2025-07-16 09:38:58Z INFO GitHubActionsService] Starting operation Location.GetConnectionData
[2025-07-16 09:38:58Z INFO GitHubActionsService] Finished operation Location.GetConnectionData
[2025-07-16 09:38:58Z INFO GitHubActionsService] Finished operation Location.GetConnectionData
[2025-07-16 09:38:58Z INFO GitHubActionsService] Finished operation Location.GetConnectionData
[2025-07-16 09:38:58Z INFO Terminal] WRITE LINE: 
[2025-07-16 09:38:58Z INFO ConfigurationManager] Test Connection complete.
[2025-07-16 09:38:58Z INFO HostContext] Well known directory 'Bin': 'C:\salesforce-pre-sync\actions-runner\bin'
[2025-07-16 09:38:58Z INFO HostContext] Well known directory 'Root': 'C:\salesforce-pre-sync\actions-runner'
[2025-07-16 09:38:58Z INFO HostContext] Well known config file 'RSACredentials': 'C:\salesforce-pre-sync\actions-runner\.credentials_rsaparams'
[2025-07-16 09:38:58Z INFO RSAEncryptedFileKeyManager] Found existing RSA key parameters file C:\salesforce-pre-sync\actions-runner\.credentials_rsaparams
[2025-07-16 09:38:59Z INFO CommandSettings] Arg 'runnergroup': ''
[2025-07-16 09:38:59Z INFO CommandSettings] Flag 'unattended': 'False'
[2025-07-16 09:38:59Z INFO PromptManager] ReadValue
[2025-07-16 09:38:59Z INFO Terminal] WRITE: Enter the name of the runner group to add this runner to: 
[2025-07-16 09:38:59Z INFO Terminal] WRITE: [press Enter for Default] 
[2025-07-16 09:38:59Z INFO Terminal] READ LINE
[2025-07-16 09:39:00Z INFO Terminal] Read value: ''
[2025-07-16 09:39:00Z INFO PromptManager] Falling back to the default: 'Default'
[2025-07-16 09:39:00Z INFO Terminal] WRITE LINE: 
[2025-07-16 09:39:00Z INFO ConfigurationManager] Found a self-hosted runner group with id 1 and name Default
[2025-07-16 09:39:00Z INFO CommandSettings] Flag 'disableupdate': 'False'
[2025-07-16 09:39:00Z INFO CommandSettings] Flag 'ephemeral': 'False'
[2025-07-16 09:39:00Z INFO CommandSettings] Arg 'name': ''
[2025-07-16 09:39:00Z INFO CommandSettings] Flag 'unattended': 'False'
[2025-07-16 09:39:00Z INFO PromptManager] ReadValue
[2025-07-16 09:39:00Z INFO Terminal] WRITE: Enter the name of runner: 
[2025-07-16 09:39:00Z INFO Terminal] WRITE: [press Enter for LAP08689] 
[2025-07-16 09:39:00Z INFO Terminal] READ LINE
[2025-07-16 09:39:05Z INFO Terminal] Read value: 'PRE-Sync-Runner'
[2025-07-16 09:39:05Z INFO Terminal] WRITE LINE: 
[2025-07-16 09:39:05Z INFO CommandSettings] Arg 'labels': ''
[2025-07-16 09:39:05Z INFO CommandSettings] Flag 'unattended': 'False'
[2025-07-16 09:39:05Z INFO PromptManager] ReadValue
[2025-07-16 09:39:05Z INFO Terminal] WRITE: This runner will have the following labels: 'self-hosted', 'Windows', 'X64' 
Enter any additional labels (ex. label-1,label-2): 
[2025-07-16 09:39:05Z INFO Terminal] WRITE: [press Enter to skip] 
[2025-07-16 09:39:05Z INFO Terminal] READ LINE
[2025-07-16 09:39:15Z INFO Terminal] Read value: ''
[2025-07-16 09:39:15Z INFO Terminal] WRITE LINE: 
[2025-07-16 09:39:15Z INFO CommandSettings] Flag 'disableupdate': 'False'
[2025-07-16 09:39:15Z INFO CommandSettings] Flag 'no-default-labels': 'False'
[2025-07-16 09:39:16Z INFO CommandSettings] Flag 'disableupdate': 'False'
[2025-07-16 09:39:16Z INFO CommandSettings] Flag 'ephemeral': 'False'
[2025-07-16 09:39:16Z INFO ConfigurationStore] Saving OAuth credential @ C:\salesforce-pre-sync\actions-runner\.credentials
[2025-07-16 09:39:16Z INFO ConfigurationStore] Credentials Saved.
[2025-07-16 09:39:16Z INFO ConfigurationStore] HasCredentials()
[2025-07-16 09:39:16Z INFO ConfigurationStore] stored True
[2025-07-16 09:39:16Z INFO CredentialManager] GetCredentialProvider
[2025-07-16 09:39:16Z INFO CredentialManager] Creating type OAuth
[2025-07-16 09:39:16Z INFO CredentialManager] Creating credential type: OAuth
[2025-07-16 09:39:16Z INFO RSAEncryptedFileKeyManager] Loading RSA key parameters from file C:\salesforce-pre-sync\actions-runner\.credentials_rsaparams
[2025-07-16 09:39:16Z INFO RunnerServer] EstablishVssConnection
[2025-07-16 09:39:16Z INFO RunnerServer] Establish connection with 100 seconds timeout.
[2025-07-16 09:39:16Z INFO GitHubActionsService] Starting operation Location.GetConnectionData
[2025-07-16 09:39:16Z INFO RunnerServer] EstablishVssConnection
[2025-07-16 09:39:16Z INFO RunnerServer] Establish connection with 60 seconds timeout.
[2025-07-16 09:39:16Z INFO GitHubActionsService] Starting operation Location.GetConnectionData
[2025-07-16 09:39:16Z INFO RunnerServer] EstablishVssConnection
[2025-07-16 09:39:16Z INFO RunnerServer] Establish connection with 60 seconds timeout.
[2025-07-16 09:39:16Z INFO GitHubActionsService] Starting operation Location.GetConnectionData
[2025-07-16 09:39:16Z INFO GitHubActionsService] Finished operation Location.GetConnectionData
[2025-07-16 09:39:16Z INFO GitHubActionsService] Finished operation Location.GetConnectionData
[2025-07-16 09:39:16Z INFO GitHubActionsService] Finished operation Location.GetConnectionData
[2025-07-16 09:39:16Z INFO RSAEncryptedFileKeyManager] Loading RSA key parameters from file C:\salesforce-pre-sync\actions-runner\.credentials_rsaparams
[2025-07-16 09:39:16Z INFO RSAEncryptedFileKeyManager] Loading RSA key parameters from file C:\salesforce-pre-sync\actions-runner\.credentials_rsaparams
[2025-07-16 09:39:17Z INFO GitHubActionsService] AAD Correlation ID for this token request: Unknown
[2025-07-16 09:39:17Z INFO ConfigurationManager] Service enforced serverUrlV2: https://broker.actions.githubusercontent.com/
[2025-07-16 09:39:17Z INFO ConfigurationManager] Service enforced useV2Flow: True
[2025-07-16 09:39:17Z INFO CommandSettings] Arg 'work': ''
[2025-07-16 09:39:17Z INFO CommandSettings] Flag 'unattended': 'False'
[2025-07-16 09:39:17Z INFO PromptManager] ReadValue
[2025-07-16 09:39:17Z INFO Terminal] WRITE: Enter name of work folder: 
[2025-07-16 09:39:17Z INFO Terminal] WRITE: [press Enter for _work] 
[2025-07-16 09:39:17Z INFO Terminal] READ LINE
[2025-07-16 09:39:27Z INFO Terminal] Read value: ''
[2025-07-16 09:39:27Z INFO PromptManager] Falling back to the default: '_work'
[2025-07-16 09:39:27Z INFO ConfigurationStore] Saving runner settings.
[2025-07-16 09:39:27Z INFO ConfigurationStore] Settings Saved.
[2025-07-16 09:39:27Z INFO Terminal] WRITE LINE: 
[2025-07-16 09:39:27Z INFO Terminal] WRITE LINE: 
[2025-07-16 09:39:27Z INFO CommandSettings] Flag 'runasservice': 'False'
[2025-07-16 09:39:27Z INFO CommandSettings] Flag 'unattended': 'False'
[2025-07-16 09:39:27Z INFO PromptManager] ReadValue
[2025-07-16 09:39:27Z INFO Terminal] WRITE: Would you like to run the runner as service? (Y/N) 
[2025-07-16 09:39:27Z INFO Terminal] WRITE: [press Enter for N] 
[2025-07-16 09:39:27Z INFO Terminal] READ LINE
[2025-07-16 09:39:41Z INFO Terminal] Read value: ''
[2025-07-16 09:39:41Z INFO PromptManager] Falling back to the default: 'N'
[2025-07-16 09:39:41Z INFO Listener] Runner execution has finished with return code 0
