[2025-07-16 09:39:50Z INFO HostContext] No proxy settings were found based on environmental variables (http_proxy/https_proxy/HTTP_PROXY/HTTPS_PROXY)
[2025-07-16 09:39:50Z INFO HostContext] Well known directory 'Bin': 'C:\salesforce-pre-sync\actions-runner\bin'
[2025-07-16 09:39:50Z INFO HostContext] Well known directory 'Root': 'C:\salesforce-pre-sync\actions-runner'
[2025-07-16 09:39:50Z INFO HostContext] Well known config file 'Credentials': 'C:\salesforce-pre-sync\actions-runner\.credentials'
[2025-07-16 09:39:50Z INFO HostContext] Well known directory 'Bin': 'C:\salesforce-pre-sync\actions-runner\bin'
[2025-07-16 09:39:50Z INFO HostContext] Well known directory 'Root': 'C:\salesforce-pre-sync\actions-runner'
[2025-07-16 09:39:50Z INFO HostContext] Well known config file 'Runner': 'C:\salesforce-pre-sync\actions-runner\.runner'
[2025-07-16 09:39:50Z INFO Listener] Runner is built for Windows (X64) - win-x64.
[2025-07-16 09:39:50Z INFO Listener] RuntimeInformation: Microsoft Windows 10.0.26100.
[2025-07-16 09:39:50Z INFO Listener] Version: 2.326.0
[2025-07-16 09:39:50Z INFO Listener] Commit: de0233c4d64676d8ebd16074221ae1e0e0bf2a13
[2025-07-16 09:39:50Z INFO Listener] Culture: es-ES
[2025-07-16 09:39:50Z INFO Listener] UI Culture: es-ES
[2025-07-16 09:39:50Z INFO HostContext] Well known directory 'Bin': 'C:\salesforce-pre-sync\actions-runner\bin'
[2025-07-16 09:39:50Z INFO HostContext] Well known directory 'Root': 'C:\salesforce-pre-sync\actions-runner'
[2025-07-16 09:39:50Z INFO Listener] Validating directory permissions for: 'C:\salesforce-pre-sync\actions-runner'
[2025-07-16 09:39:50Z INFO CommandLineParser] Parse
[2025-07-16 09:39:50Z INFO CommandLineParser] Parsing 1 args
[2025-07-16 09:39:50Z INFO CommandLineParser] parsing argument
[2025-07-16 09:39:50Z INFO CommandLineParser] HasArgs: False
[2025-07-16 09:39:50Z INFO CommandLineParser] Adding Command: run
[2025-07-16 09:39:50Z INFO Listener] Arguments parsed
[2025-07-16 09:39:50Z INFO Runner] ExecuteCommand
[2025-07-16 09:39:50Z INFO ConfigurationStore] currentAssemblyLocation: C:\salesforce-pre-sync\actions-runner\bin\Runner.Listener.dll
[2025-07-16 09:39:50Z INFO HostContext] Well known directory 'Bin': 'C:\salesforce-pre-sync\actions-runner\bin'
[2025-07-16 09:39:50Z INFO ConfigurationStore] binPath: C:\salesforce-pre-sync\actions-runner\bin
[2025-07-16 09:39:50Z INFO HostContext] Well known directory 'Bin': 'C:\salesforce-pre-sync\actions-runner\bin'
[2025-07-16 09:39:50Z INFO HostContext] Well known directory 'Root': 'C:\salesforce-pre-sync\actions-runner'
[2025-07-16 09:39:50Z INFO ConfigurationStore] RootFolder: C:\salesforce-pre-sync\actions-runner
[2025-07-16 09:39:50Z INFO HostContext] Well known directory 'Bin': 'C:\salesforce-pre-sync\actions-runner\bin'
[2025-07-16 09:39:50Z INFO HostContext] Well known directory 'Root': 'C:\salesforce-pre-sync\actions-runner'
[2025-07-16 09:39:50Z INFO HostContext] Well known config file 'Runner': 'C:\salesforce-pre-sync\actions-runner\.runner'
[2025-07-16 09:39:50Z INFO ConfigurationStore] ConfigFilePath: C:\salesforce-pre-sync\actions-runner\.runner
[2025-07-16 09:39:50Z INFO HostContext] Well known directory 'Bin': 'C:\salesforce-pre-sync\actions-runner\bin'
[2025-07-16 09:39:50Z INFO HostContext] Well known directory 'Root': 'C:\salesforce-pre-sync\actions-runner'
[2025-07-16 09:39:50Z INFO HostContext] Well known config file 'MigratedRunner': 'C:\salesforce-pre-sync\actions-runner\.runner_migrated'
[2025-07-16 09:39:50Z INFO ConfigurationStore] MigratedConfigFilePath: C:\salesforce-pre-sync\actions-runner\.runner_migrated
[2025-07-16 09:39:50Z INFO HostContext] Well known directory 'Bin': 'C:\salesforce-pre-sync\actions-runner\bin'
[2025-07-16 09:39:50Z INFO HostContext] Well known directory 'Root': 'C:\salesforce-pre-sync\actions-runner'
[2025-07-16 09:39:50Z INFO HostContext] Well known config file 'Credentials': 'C:\salesforce-pre-sync\actions-runner\.credentials'
[2025-07-16 09:39:50Z INFO ConfigurationStore] CredFilePath: C:\salesforce-pre-sync\actions-runner\.credentials
[2025-07-16 09:39:50Z INFO HostContext] Well known directory 'Bin': 'C:\salesforce-pre-sync\actions-runner\bin'
[2025-07-16 09:39:50Z INFO HostContext] Well known directory 'Root': 'C:\salesforce-pre-sync\actions-runner'
[2025-07-16 09:39:50Z INFO HostContext] Well known config file 'MigratedCredentials': 'C:\salesforce-pre-sync\actions-runner\.credentials_migrated'
[2025-07-16 09:39:50Z INFO ConfigurationStore] MigratedCredFilePath: C:\salesforce-pre-sync\actions-runner\.credentials_migrated
[2025-07-16 09:39:50Z INFO HostContext] Well known directory 'Bin': 'C:\salesforce-pre-sync\actions-runner\bin'
[2025-07-16 09:39:50Z INFO HostContext] Well known directory 'Root': 'C:\salesforce-pre-sync\actions-runner'
[2025-07-16 09:39:50Z INFO HostContext] Well known config file 'Service': 'C:\salesforce-pre-sync\actions-runner\.service'
[2025-07-16 09:39:50Z INFO ConfigurationStore] ServiceConfigFilePath: C:\salesforce-pre-sync\actions-runner\.service
[2025-07-16 09:39:50Z INFO CommandSettings] Flag 'help': 'False'
[2025-07-16 09:39:50Z INFO CommandSettings] Flag 'version': 'False'
[2025-07-16 09:39:50Z INFO CommandSettings] Flag 'commit': 'False'
[2025-07-16 09:39:50Z INFO CommandSettings] Flag 'check': 'False'
[2025-07-16 09:39:50Z INFO CommandSettings] Command 'configure': 'False'
[2025-07-16 09:39:50Z INFO CommandSettings] Command 'remove': 'False'
[2025-07-16 09:39:50Z INFO CommandSettings] Command 'warmup': 'False'
[2025-07-16 09:39:50Z INFO ConfigurationManager] LoadSettings
[2025-07-16 09:39:50Z INFO ConfigurationStore] IsConfigured()
[2025-07-16 09:39:50Z INFO ConfigurationStore] IsConfigured: True
[2025-07-16 09:39:50Z INFO ConfigurationManager] Is configured: True
[2025-07-16 09:39:50Z INFO ConfigurationStore] Read setting file: 410 chars
[2025-07-16 09:39:50Z INFO ConfigurationManager] Settings Loaded
[2025-07-16 09:39:50Z INFO ConfigurationStore] IsServiceConfigured()
[2025-07-16 09:39:50Z INFO ConfigurationStore] IsServiceConfigured: False
[2025-07-16 09:39:50Z INFO CommandSettings] Command 'run': 'True'
[2025-07-16 09:39:50Z INFO ConfigurationStore] IsConfigured()
[2025-07-16 09:39:50Z INFO ConfigurationStore] IsConfigured: True
[2025-07-16 09:39:50Z INFO ConfigurationManager] Is configured: True
[2025-07-16 09:39:50Z INFO Runner] Could not parse the argument value '' for StartupType. Defaulting to Manual
[2025-07-16 09:39:50Z INFO Runner] Set runner startup type - Manual
[2025-07-16 09:39:50Z INFO CommandSettings] Flag 'once': 'False'
[2025-07-16 09:39:50Z INFO CommandSettings] Flag 'once': 'False'
[2025-07-16 09:39:50Z INFO Runner] RunAsync
[2025-07-16 09:39:50Z INFO ConfigurationManager] LoadMigratedSettings
[2025-07-16 09:39:50Z INFO ConfigurationStore] IsMigratedConfigured()
[2025-07-16 09:39:50Z INFO ConfigurationStore] IsMigratedConfigured: False
[2025-07-16 09:39:50Z INFO Runner] Failed to load migrated settings: No migrated configuration found.
[2025-07-16 09:39:50Z INFO Runner] Falling back to original .runner settings
[2025-07-16 09:39:50Z INFO Runner] Using BrokerMessageListener
[2025-07-16 09:39:50Z INFO BrokerMessageListener] Using provided settings
[2025-07-16 09:39:50Z INFO BrokerMessageListener] {
  "AgentId": 2,
  "AgentName": "PRE-Sync-Runner",
  "PoolId": 1,
  "PoolName": "Default",
  "ServerUrl": "https://pipelinesghubeus10.actions.githubusercontent.com/x7356iyVm9kpWE8yzw7AR8gvmToSsHs9pLcxV0eas7qMGTpW3B/",
  "GitHubUrl": "https://github.com/soporteoaci/salesforce-pre-sync",
  "WorkFolder": "_work",
  "UseV2Flow": true,
  "ServerUrlV2": "https://broker.actions.githubusercontent.com/"
}
[2025-07-16 09:39:50Z INFO BrokerMessageListener] Loading Credentials
[2025-07-16 09:39:50Z INFO ConfigurationStore] HasCredentials()
[2025-07-16 09:39:50Z INFO ConfigurationStore] stored True
[2025-07-16 09:39:50Z INFO CredentialManager] GetCredentialProvider
[2025-07-16 09:39:50Z INFO CredentialManager] Creating type OAuth
[2025-07-16 09:39:50Z INFO CredentialManager] Creating credential type: OAuth
[2025-07-16 09:39:50Z INFO HostContext] Well known directory 'Bin': 'C:\salesforce-pre-sync\actions-runner\bin'
[2025-07-16 09:39:50Z INFO HostContext] Well known directory 'Root': 'C:\salesforce-pre-sync\actions-runner'
[2025-07-16 09:39:50Z INFO HostContext] Well known config file 'RSACredentials': 'C:\salesforce-pre-sync\actions-runner\.credentials_rsaparams'
[2025-07-16 09:39:50Z INFO RSAEncryptedFileKeyManager] Loading RSA key parameters from file C:\salesforce-pre-sync\actions-runner\.credentials_rsaparams
[2025-07-16 09:39:50Z INFO BrokerMessageListener] Attempt to create session.
[2025-07-16 09:39:50Z INFO BrokerMessageListener] Connecting to the Broker Server...
[2025-07-16 09:39:50Z INFO ConfigurationStore] HasCredentials()
[2025-07-16 09:39:50Z INFO ConfigurationStore] stored True
[2025-07-16 09:39:50Z INFO CredentialManager] GetCredentialProvider
[2025-07-16 09:39:50Z INFO CredentialManager] Creating type OAuth
[2025-07-16 09:39:50Z INFO CredentialManager] Creating credential type: OAuth
[2025-07-16 09:39:50Z INFO RSAEncryptedFileKeyManager] Loading RSA key parameters from file C:\salesforce-pre-sync\actions-runner\.credentials_rsaparams
[2025-07-16 09:39:50Z INFO BrokerMessageListener] VssConnection created
[2025-07-16 09:39:50Z INFO BrokerMessageListener] Connecting to the Runner server...
[2025-07-16 09:39:50Z INFO RunnerServer] EstablishVssConnection
[2025-07-16 09:39:50Z INFO RunnerServer] Establish connection with 100 seconds timeout.
[2025-07-16 09:39:50Z INFO GitHubActionsService] Starting operation Location.GetConnectionData
[2025-07-16 09:39:50Z INFO RunnerServer] EstablishVssConnection
[2025-07-16 09:39:50Z INFO RunnerServer] Establish connection with 60 seconds timeout.
[2025-07-16 09:39:50Z INFO GitHubActionsService] Starting operation Location.GetConnectionData
[2025-07-16 09:39:50Z INFO RunnerServer] EstablishVssConnection
[2025-07-16 09:39:50Z INFO RunnerServer] Establish connection with 60 seconds timeout.
[2025-07-16 09:39:50Z INFO GitHubActionsService] Starting operation Location.GetConnectionData
[2025-07-16 09:39:51Z INFO GitHubActionsService] Finished operation Location.GetConnectionData
[2025-07-16 09:39:51Z INFO GitHubActionsService] Finished operation Location.GetConnectionData
[2025-07-16 09:39:51Z INFO GitHubActionsService] Finished operation Location.GetConnectionData
[2025-07-16 09:39:51Z INFO BrokerMessageListener] VssConnection created
[2025-07-16 09:39:51Z INFO Terminal] WRITE LINE: 
[2025-07-16 09:39:51Z INFO Terminal] WRITE LINE: 
[2025-07-16 09:39:51Z INFO RSAEncryptedFileKeyManager] Loading RSA key parameters from file C:\salesforce-pre-sync\actions-runner\.credentials_rsaparams
[2025-07-16 09:39:51Z INFO RSAEncryptedFileKeyManager] Loading RSA key parameters from file C:\salesforce-pre-sync\actions-runner\.credentials_rsaparams
[2025-07-16 09:39:52Z INFO GitHubActionsService] AAD Correlation ID for this token request: Unknown
[2025-07-16 09:39:52Z INFO BrokerMessageListener] Session created.
[2025-07-16 09:39:52Z INFO Terminal] WRITE LINE: Current runner version: '2.326.0'
[2025-07-16 09:39:52Z INFO Terminal] WRITE LINE: 2025-07-16 09:39:52Z: Listening for Jobs
[2025-07-16 09:39:52Z INFO JobDispatcher] Set runner/worker IPC timeout to 30 seconds.
[2025-07-16 09:52:57Z INFO ConfigurationStore] HasCredentials()
[2025-07-16 09:52:57Z INFO ConfigurationStore] stored True
[2025-07-16 09:52:57Z INFO CredentialManager] GetCredentialProvider
[2025-07-16 09:52:57Z INFO CredentialManager] Creating type OAuth
[2025-07-16 09:52:57Z INFO CredentialManager] Creating credential type: OAuth
[2025-07-16 09:52:57Z INFO RSAEncryptedFileKeyManager] Loading RSA key parameters from file C:\salesforce-pre-sync\actions-runner\.credentials_rsaparams
[2025-07-16 09:52:57Z INFO RSAEncryptedFileKeyManager] Loading RSA key parameters from file C:\salesforce-pre-sync\actions-runner\.credentials_rsaparams
[2025-07-16 09:52:57Z INFO RSAEncryptedFileKeyManager] Loading RSA key parameters from file C:\salesforce-pre-sync\actions-runner\.credentials_rsaparams
[2025-07-16 09:52:57Z INFO GitHubActionsService] AAD Correlation ID for this token request: Unknown
[2025-07-16 09:52:59Z INFO JobDispatcher] Job request 0 for plan 812ebaf4-071f-4a43-838b-5a23f89fd947 job 870867d8-c6e0-5160-b120-e6fcbf44f95d received.
[2025-07-16 09:52:59Z INFO BrokerMessageListener] Received job status event. JobState: Busy
[2025-07-16 09:52:59Z INFO BrokerMessageListener] _getMessagesTokenSource is already disposed.
[2025-07-16 09:52:59Z INFO Terminal] WRITE LINE: 2025-07-16 09:52:59Z: Running job: sync
[2025-07-16 09:52:59Z INFO JobDispatcher] Start renew job request 0 for job 870867d8-c6e0-5160-b120-e6fcbf44f95d.
[2025-07-16 09:52:59Z INFO JobDispatcher] Successfully renew job 870867d8-c6e0-5160-b120-e6fcbf44f95d, job is valid till 16/07/2025 10:03:01
[2025-07-16 09:52:59Z INFO HostContext] Well known directory 'Bin': 'C:\salesforce-pre-sync\actions-runner\bin'
[2025-07-16 09:52:59Z INFO ProcessInvokerWrapper] Starting process:
[2025-07-16 09:52:59Z INFO ProcessInvokerWrapper]   File name: 'C:\salesforce-pre-sync\actions-runner\bin\Runner.Worker.exe'
[2025-07-16 09:52:59Z INFO ProcessInvokerWrapper]   Arguments: 'spawnclient 1976 1600'
[2025-07-16 09:52:59Z INFO ProcessInvokerWrapper]   Working directory: 'C:\salesforce-pre-sync\actions-runner\bin'
[2025-07-16 09:52:59Z INFO ProcessInvokerWrapper]   Require exit code zero: 'False'
[2025-07-16 09:52:59Z INFO ProcessInvokerWrapper]   Encoding web name:  ; code page: ''
[2025-07-16 09:52:59Z INFO ProcessInvokerWrapper]   Force kill process on cancellation: 'True'
[2025-07-16 09:52:59Z INFO ProcessInvokerWrapper]   Redirected STDIN: 'False'
[2025-07-16 09:52:59Z INFO ProcessInvokerWrapper]   Persist current code page: 'False'
[2025-07-16 09:52:59Z INFO ProcessInvokerWrapper]   Keep redirected STDIN open: 'False'
[2025-07-16 09:52:59Z INFO ProcessInvokerWrapper]   High priority process: 'True'
[2025-07-16 09:53:00Z INFO ProcessInvokerWrapper] Process started with process id 36656, waiting for process exit.
[2025-07-16 09:53:00Z INFO JobDispatcher] Send job request message to worker for job 870867d8-c6e0-5160-b120-e6fcbf44f95d.
[2025-07-16 09:53:00Z INFO ProcessChannel] Sending message of length 17889, with hash '0491178601b5cc6b0994e27b4c5fe5a7ff8f1fcb3e05327000d9e4f5fa576c82'
[2025-07-16 09:53:02Z INFO JobNotification] Entering JobStarted Notification
[2025-07-16 09:53:02Z INFO JobNotification] Entering StartMonitor
[2025-07-16 09:54:00Z INFO JobDispatcher] Successfully renew job 870867d8-c6e0-5160-b120-e6fcbf44f95d, job is valid till 16/07/2025 10:04:02
[2025-07-16 09:54:37Z INFO ProcessInvokerWrapper] STDOUT/STDERR stream read finished.
[2025-07-16 09:54:37Z INFO ProcessInvokerWrapper] STDOUT/STDERR stream read finished.
[2025-07-16 09:54:37Z INFO ProcessInvokerWrapper] Finished process 36656 with exit code 102, and elapsed time 00:01:37.5691253.
[2025-07-16 09:54:37Z INFO JobDispatcher] Worker finished for job 870867d8-c6e0-5160-b120-e6fcbf44f95d. Code: 102
[2025-07-16 09:54:37Z INFO JobDispatcher] finish job request for job 870867d8-c6e0-5160-b120-e6fcbf44f95d with result: Failed
[2025-07-16 09:54:37Z INFO Terminal] WRITE LINE: 2025-07-16 09:54:37Z: Job sync completed with result: Failed
[2025-07-16 09:54:37Z INFO JobDispatcher] Stop renew job request for job 870867d8-c6e0-5160-b120-e6fcbf44f95d.
[2025-07-16 09:54:37Z INFO JobDispatcher] job renew has been cancelled, stop renew job 870867d8-c6e0-5160-b120-e6fcbf44f95d.
[2025-07-16 09:54:37Z INFO JobNotification] Entering JobCompleted Notification
[2025-07-16 09:54:37Z INFO JobNotification] Entering EndMonitor
[2025-07-16 09:54:37Z INFO BrokerMessageListener] Received job status event. JobState: Online
[2025-07-16 09:54:37Z WARN GitHubActionsService] GET request to https://broker.actions.githubusercontent.com/message?sessionId=829666a6-c625-4815-9908-7815d0c19716&status=Busy&runnerVersion=2.326.0&os=Windows&architecture=X64&disableUpdate=false has been cancelled.
[2025-07-16 09:54:37Z ERR  BrokerServer] Catch exception during request
[2025-07-16 09:54:37Z ERR  BrokerServer] System.Threading.Tasks.TaskCanceledException: The operation was canceled.
 ---> System.Threading.Tasks.TaskCanceledException: The operation was canceled.
 ---> System.IO.IOException: Unable to read data from the transport connection: La operación de E/S se anuló por una salida de subproceso o por una solicitud de aplicación..
 ---> System.Net.Sockets.SocketException (995): La operación de E/S se anuló por una salida de subproceso o por una solicitud de aplicación.
   --- End of inner exception stack trace ---
   at System.Net.Sockets.Socket.AwaitableSocketAsyncEventArgs.ThrowException(SocketError error, CancellationToken cancellationToken)
   at System.Net.Sockets.Socket.AwaitableSocketAsyncEventArgs.System.Threading.Tasks.Sources.IValueTaskSource<System.Int32>.GetResult(Int16 token)
   at System.Net.Security.SslStream.EnsureFullTlsFrameAsync[TIOAdapter](CancellationToken cancellationToken, Int32 estimatedSize)
   at System.Runtime.CompilerServices.PoolingAsyncValueTaskMethodBuilder`1.StateMachineBox`1.System.Threading.Tasks.Sources.IValueTaskSource<TResult>.GetResult(Int16 token)
   at System.Net.Security.SslStream.ReadAsyncInternal[TIOAdapter](Memory`1 buffer, CancellationToken cancellationToken)
   at System.Runtime.CompilerServices.PoolingAsyncValueTaskMethodBuilder`1.StateMachineBox`1.System.Threading.Tasks.Sources.IValueTaskSource<TResult>.GetResult(Int16 token)
   at System.Net.Http.HttpConnection.SendAsync(HttpRequestMessage request, Boolean async, CancellationToken cancellationToken)
   --- End of inner exception stack trace ---
   at System.Net.Http.HttpConnection.SendAsync(HttpRequestMessage request, Boolean async, CancellationToken cancellationToken)
   at System.Net.Http.AuthenticationHelper.SendWithNtAuthAsync(HttpRequestMessage request, Uri authUri, Boolean async, ICredentials credentials, Boolean isProxyAuth, HttpConnection connection, HttpConnectionPool connectionPool, CancellationToken cancellationToken)
   at System.Net.Http.HttpConnectionPool.SendWithVersionDetectionAndRetryAsync(HttpRequestMessage request, Boolean async, Boolean doRequestAuth, CancellationToken cancellationToken)
   at System.Net.Http.AuthenticationHelper.SendWithAuthAsync(HttpRequestMessage request, Uri authUri, Boolean async, ICredentials credentials, Boolean preAuthenticate, Boolean isProxyAuth, Boolean doRequestAuth, HttpConnectionPool pool, CancellationToken cancellationToken)
   at System.Net.Http.RedirectHandler.SendAsync(HttpRequestMessage request, Boolean async, CancellationToken cancellationToken)
   at GitHub.Services.Common.RawHttpMessageHandler.SendAsync(HttpRequestMessage request, CancellationToken cancellationToken)
   at GitHub.Services.Common.VssHttpRetryMessageHandler.SendAsync(HttpRequestMessage request, CancellationToken cancellationToken)
   at System.Net.Http.HttpClient.<SendAsync>g__Core|83_0(HttpRequestMessage request, HttpCompletionOption completionOption, CancellationTokenSource cts, Boolean disposeCts, CancellationTokenSource pendingRequestsCts, CancellationToken originalCancellationToken)
   --- End of inner exception stack trace ---
   at System.Net.Http.HttpClient.HandleFailure(Exception e, Boolean telemetryStarted, HttpResponseMessage response, CancellationTokenSource cts, CancellationToken cancellationToken, CancellationTokenSource pendingRequestsCts)
   at System.Net.Http.HttpClient.<SendAsync>g__Core|83_0(HttpRequestMessage request, HttpCompletionOption completionOption, CancellationTokenSource cts, Boolean disposeCts, CancellationTokenSource pendingRequestsCts, CancellationToken originalCancellationToken)
   at Sdk.WebApi.WebApi.RawHttpClientBase.SendAsync(HttpRequestMessage message, HttpCompletionOption completionOption, Object userState, CancellationToken cancellationToken)
   at Sdk.WebApi.WebApi.RawHttpClientBase.SendAsync[T](HttpRequestMessage message, Boolean readErrorBody, Object userState, CancellationToken cancellationToken)
   at Sdk.WebApi.WebApi.RawHttpClientBase.SendAsync[T](HttpMethod method, IEnumerable`1 additionalHeaders, Uri requestUri, HttpContent content, IEnumerable`1 queryParameters, Boolean readErrorBody, Object userState, CancellationToken cancellationToken)
   at GitHub.Actions.RunService.WebApi.BrokerHttpClient.GetRunnerMessageAsync(Nullable`1 sessionId, String runnerVersion, Nullable`1 status, String os, String architecture, Nullable`1 disableUpdate, CancellationToken cancellationToken)
   at GitHub.Runner.Common.BrokerServer.<>c__DisplayClass7_0.<<GetRunnerMessageAsync>b__0>d.MoveNext()
--- End of stack trace from previous location ---
   at GitHub.Runner.Common.RunnerService.RetryRequest[T](Func`1 func, CancellationToken cancellationToken, Int32 maxRetryAttemptsCount, Func`2 shouldRetry)
[2025-07-16 09:54:37Z ERR  BrokerServer] #####################################################
[2025-07-16 09:54:37Z ERR  BrokerServer] System.Threading.Tasks.TaskCanceledException: The operation was canceled.
 ---> System.IO.IOException: Unable to read data from the transport connection: La operación de E/S se anuló por una salida de subproceso o por una solicitud de aplicación..
 ---> System.Net.Sockets.SocketException (995): La operación de E/S se anuló por una salida de subproceso o por una solicitud de aplicación.
   --- End of inner exception stack trace ---
   at System.Net.Sockets.Socket.AwaitableSocketAsyncEventArgs.ThrowException(SocketError error, CancellationToken cancellationToken)
   at System.Net.Sockets.Socket.AwaitableSocketAsyncEventArgs.System.Threading.Tasks.Sources.IValueTaskSource<System.Int32>.GetResult(Int16 token)
   at System.Net.Security.SslStream.EnsureFullTlsFrameAsync[TIOAdapter](CancellationToken cancellationToken, Int32 estimatedSize)
   at System.Runtime.CompilerServices.PoolingAsyncValueTaskMethodBuilder`1.StateMachineBox`1.System.Threading.Tasks.Sources.IValueTaskSource<TResult>.GetResult(Int16 token)
   at System.Net.Security.SslStream.ReadAsyncInternal[TIOAdapter](Memory`1 buffer, CancellationToken cancellationToken)
   at System.Runtime.CompilerServices.PoolingAsyncValueTaskMethodBuilder`1.StateMachineBox`1.System.Threading.Tasks.Sources.IValueTaskSource<TResult>.GetResult(Int16 token)
   at System.Net.Http.HttpConnection.SendAsync(HttpRequestMessage request, Boolean async, CancellationToken cancellationToken)
   --- End of inner exception stack trace ---
   at System.Net.Http.HttpConnection.SendAsync(HttpRequestMessage request, Boolean async, CancellationToken cancellationToken)
   at System.Net.Http.AuthenticationHelper.SendWithNtAuthAsync(HttpRequestMessage request, Uri authUri, Boolean async, ICredentials credentials, Boolean isProxyAuth, HttpConnection connection, HttpConnectionPool connectionPool, CancellationToken cancellationToken)
   at System.Net.Http.HttpConnectionPool.SendWithVersionDetectionAndRetryAsync(HttpRequestMessage request, Boolean async, Boolean doRequestAuth, CancellationToken cancellationToken)
   at System.Net.Http.AuthenticationHelper.SendWithAuthAsync(HttpRequestMessage request, Uri authUri, Boolean async, ICredentials credentials, Boolean preAuthenticate, Boolean isProxyAuth, Boolean doRequestAuth, HttpConnectionPool pool, CancellationToken cancellationToken)
   at System.Net.Http.RedirectHandler.SendAsync(HttpRequestMessage request, Boolean async, CancellationToken cancellationToken)
   at GitHub.Services.Common.RawHttpMessageHandler.SendAsync(HttpRequestMessage request, CancellationToken cancellationToken)
   at GitHub.Services.Common.VssHttpRetryMessageHandler.SendAsync(HttpRequestMessage request, CancellationToken cancellationToken)
   at System.Net.Http.HttpClient.<SendAsync>g__Core|83_0(HttpRequestMessage request, HttpCompletionOption completionOption, CancellationTokenSource cts, Boolean disposeCts, CancellationTokenSource pendingRequestsCts, CancellationToken originalCancellationToken)
[2025-07-16 09:54:37Z ERR  BrokerServer] #####################################################
[2025-07-16 09:54:37Z ERR  BrokerServer] System.IO.IOException: Unable to read data from the transport connection: La operación de E/S se anuló por una salida de subproceso o por una solicitud de aplicación..
 ---> System.Net.Sockets.SocketException (995): La operación de E/S se anuló por una salida de subproceso o por una solicitud de aplicación.
   --- End of inner exception stack trace ---
   at System.Net.Sockets.Socket.AwaitableSocketAsyncEventArgs.ThrowException(SocketError error, CancellationToken cancellationToken)
   at System.Net.Sockets.Socket.AwaitableSocketAsyncEventArgs.System.Threading.Tasks.Sources.IValueTaskSource<System.Int32>.GetResult(Int16 token)
   at System.Net.Security.SslStream.EnsureFullTlsFrameAsync[TIOAdapter](CancellationToken cancellationToken, Int32 estimatedSize)
   at System.Runtime.CompilerServices.PoolingAsyncValueTaskMethodBuilder`1.StateMachineBox`1.System.Threading.Tasks.Sources.IValueTaskSource<TResult>.GetResult(Int16 token)
   at System.Net.Security.SslStream.ReadAsyncInternal[TIOAdapter](Memory`1 buffer, CancellationToken cancellationToken)
   at System.Runtime.CompilerServices.PoolingAsyncValueTaskMethodBuilder`1.StateMachineBox`1.System.Threading.Tasks.Sources.IValueTaskSource<TResult>.GetResult(Int16 token)
   at System.Net.Http.HttpConnection.SendAsync(HttpRequestMessage request, Boolean async, CancellationToken cancellationToken)
[2025-07-16 09:54:37Z ERR  BrokerServer] #####################################################
[2025-07-16 09:54:37Z ERR  BrokerServer] System.Net.Sockets.SocketException (995): La operación de E/S se anuló por una salida de subproceso o por una solicitud de aplicación.
[2025-07-16 09:54:37Z WARN BrokerServer] Back off 5,196 seconds before next retry. 4 attempt left.
[2025-07-16 09:54:37Z INFO BrokerMessageListener] Get messages has been cancelled using local token source. Continue to get messages with new status.
[2025-07-16 10:06:45Z INFO Terminal] WRITE LINE: Exiting...
[2025-07-16 10:06:45Z INFO ConfigurationStore] IsServiceConfigured()
[2025-07-16 10:06:45Z INFO ConfigurationStore] IsServiceConfigured: False
[2025-07-16 10:06:45Z INFO HostContext] Runner will be shutdown for UserCancelled
[2025-07-16 10:06:45Z WARN GitHubActionsService] GET request to https://broker.actions.githubusercontent.com/message?sessionId=829666a6-c625-4815-9908-7815d0c19716&status=Online&runnerVersion=2.326.0&os=Windows&architecture=X64&disableUpdate=false has been cancelled.
[2025-07-16 10:06:45Z ERR  BrokerServer] Catch exception during request
[2025-07-16 10:06:45Z ERR  BrokerServer] System.Threading.Tasks.TaskCanceledException: The operation was canceled.
 ---> System.Threading.Tasks.TaskCanceledException: The operation was canceled.
 ---> System.IO.IOException: Unable to read data from the transport connection: La operación de E/S se anuló por una salida de subproceso o por una solicitud de aplicación..
 ---> System.Net.Sockets.SocketException (995): La operación de E/S se anuló por una salida de subproceso o por una solicitud de aplicación.
   --- End of inner exception stack trace ---
   at System.Net.Sockets.Socket.AwaitableSocketAsyncEventArgs.System.Threading.Tasks.Sources.IValueTaskSource<System.Int32>.GetResult(Int16 token)
   at System.Net.Security.SslStream.EnsureFullTlsFrameAsync[TIOAdapter](CancellationToken cancellationToken, Int32 estimatedSize)
   at System.Runtime.CompilerServices.PoolingAsyncValueTaskMethodBuilder`1.StateMachineBox`1.System.Threading.Tasks.Sources.IValueTaskSource<TResult>.GetResult(Int16 token)
   at System.Net.Security.SslStream.ReadAsyncInternal[TIOAdapter](Memory`1 buffer, CancellationToken cancellationToken)
   at System.Runtime.CompilerServices.PoolingAsyncValueTaskMethodBuilder`1.StateMachineBox`1.System.Threading.Tasks.Sources.IValueTaskSource<TResult>.GetResult(Int16 token)
   at System.Net.Http.HttpConnection.SendAsync(HttpRequestMessage request, Boolean async, CancellationToken cancellationToken)
   --- End of inner exception stack trace ---
   at System.Net.Http.HttpConnection.SendAsync(HttpRequestMessage request, Boolean async, CancellationToken cancellationToken)
   at System.Net.Http.AuthenticationHelper.SendWithNtAuthAsync(HttpRequestMessage request, Uri authUri, Boolean async, ICredentials credentials, Boolean isProxyAuth, HttpConnection connection, HttpConnectionPool connectionPool, CancellationToken cancellationToken)
   at System.Net.Http.HttpConnectionPool.SendWithVersionDetectionAndRetryAsync(HttpRequestMessage request, Boolean async, Boolean doRequestAuth, CancellationToken cancellationToken)
   at System.Net.Http.AuthenticationHelper.SendWithAuthAsync(HttpRequestMessage request, Uri authUri, Boolean async, ICredentials credentials, Boolean preAuthenticate, Boolean isProxyAuth, Boolean doRequestAuth, HttpConnectionPool pool, CancellationToken cancellationToken)
   at System.Net.Http.RedirectHandler.SendAsync(HttpRequestMessage request, Boolean async, CancellationToken cancellationToken)
   at GitHub.Services.Common.RawHttpMessageHandler.SendAsync(HttpRequestMessage request, CancellationToken cancellationToken)
   at GitHub.Services.Common.VssHttpRetryMessageHandler.SendAsync(HttpRequestMessage request, CancellationToken cancellationToken)
   at System.Net.Http.HttpClient.<SendAsync>g__Core|83_0(HttpRequestMessage request, HttpCompletionOption completionOption, CancellationTokenSource cts, Boolean disposeCts, CancellationTokenSource pendingRequestsCts, CancellationToken originalCancellationToken)
   --- End of inner exception stack trace ---
   at System.Net.Http.HttpClient.HandleFailure(Exception e, Boolean telemetryStarted, HttpResponseMessage response, CancellationTokenSource cts, CancellationToken cancellationToken, CancellationTokenSource pendingRequestsCts)
   at System.Net.Http.HttpClient.<SendAsync>g__Core|83_0(HttpRequestMessage request, HttpCompletionOption completionOption, CancellationTokenSource cts, Boolean disposeCts, CancellationTokenSource pendingRequestsCts, CancellationToken originalCancellationToken)
   at Sdk.WebApi.WebApi.RawHttpClientBase.SendAsync(HttpRequestMessage message, HttpCompletionOption completionOption, Object userState, CancellationToken cancellationToken)
   at Sdk.WebApi.WebApi.RawHttpClientBase.SendAsync[T](HttpRequestMessage message, Boolean readErrorBody, Object userState, CancellationToken cancellationToken)
   at Sdk.WebApi.WebApi.RawHttpClientBase.SendAsync[T](HttpMethod method, IEnumerable`1 additionalHeaders, Uri requestUri, HttpContent content, IEnumerable`1 queryParameters, Boolean readErrorBody, Object userState, CancellationToken cancellationToken)
   at GitHub.Actions.RunService.WebApi.BrokerHttpClient.GetRunnerMessageAsync(Nullable`1 sessionId, String runnerVersion, Nullable`1 status, String os, String architecture, Nullable`1 disableUpdate, CancellationToken cancellationToken)
   at GitHub.Runner.Common.BrokerServer.<>c__DisplayClass7_0.<<GetRunnerMessageAsync>b__0>d.MoveNext()
--- End of stack trace from previous location ---
   at GitHub.Runner.Common.RunnerService.RetryRequest[T](Func`1 func, CancellationToken cancellationToken, Int32 maxRetryAttemptsCount, Func`2 shouldRetry)
[2025-07-16 10:06:45Z ERR  BrokerServer] #####################################################
[2025-07-16 10:06:45Z ERR  BrokerServer] System.Threading.Tasks.TaskCanceledException: The operation was canceled.
 ---> System.IO.IOException: Unable to read data from the transport connection: La operación de E/S se anuló por una salida de subproceso o por una solicitud de aplicación..
 ---> System.Net.Sockets.SocketException (995): La operación de E/S se anuló por una salida de subproceso o por una solicitud de aplicación.
   --- End of inner exception stack trace ---
   at System.Net.Sockets.Socket.AwaitableSocketAsyncEventArgs.System.Threading.Tasks.Sources.IValueTaskSource<System.Int32>.GetResult(Int16 token)
   at System.Net.Security.SslStream.EnsureFullTlsFrameAsync[TIOAdapter](CancellationToken cancellationToken, Int32 estimatedSize)
   at System.Runtime.CompilerServices.PoolingAsyncValueTaskMethodBuilder`1.StateMachineBox`1.System.Threading.Tasks.Sources.IValueTaskSource<TResult>.GetResult(Int16 token)
   at System.Net.Security.SslStream.ReadAsyncInternal[TIOAdapter](Memory`1 buffer, CancellationToken cancellationToken)
   at System.Runtime.CompilerServices.PoolingAsyncValueTaskMethodBuilder`1.StateMachineBox`1.System.Threading.Tasks.Sources.IValueTaskSource<TResult>.GetResult(Int16 token)
   at System.Net.Http.HttpConnection.SendAsync(HttpRequestMessage request, Boolean async, CancellationToken cancellationToken)
   --- End of inner exception stack trace ---
   at System.Net.Http.HttpConnection.SendAsync(HttpRequestMessage request, Boolean async, CancellationToken cancellationToken)
   at System.Net.Http.AuthenticationHelper.SendWithNtAuthAsync(HttpRequestMessage request, Uri authUri, Boolean async, ICredentials credentials, Boolean isProxyAuth, HttpConnection connection, HttpConnectionPool connectionPool, CancellationToken cancellationToken)
   at System.Net.Http.HttpConnectionPool.SendWithVersionDetectionAndRetryAsync(HttpRequestMessage request, Boolean async, Boolean doRequestAuth, CancellationToken cancellationToken)
   at System.Net.Http.AuthenticationHelper.SendWithAuthAsync(HttpRequestMessage request, Uri authUri, Boolean async, ICredentials credentials, Boolean preAuthenticate, Boolean isProxyAuth, Boolean doRequestAuth, HttpConnectionPool pool, CancellationToken cancellationToken)
   at System.Net.Http.RedirectHandler.SendAsync(HttpRequestMessage request, Boolean async, CancellationToken cancellationToken)
   at GitHub.Services.Common.RawHttpMessageHandler.SendAsync(HttpRequestMessage request, CancellationToken cancellationToken)
   at GitHub.Services.Common.VssHttpRetryMessageHandler.SendAsync(HttpRequestMessage request, CancellationToken cancellationToken)
   at System.Net.Http.HttpClient.<SendAsync>g__Core|83_0(HttpRequestMessage request, HttpCompletionOption completionOption, CancellationTokenSource cts, Boolean disposeCts, CancellationTokenSource pendingRequestsCts, CancellationToken originalCancellationToken)
[2025-07-16 10:06:45Z ERR  BrokerServer] #####################################################
[2025-07-16 10:06:45Z ERR  BrokerServer] System.IO.IOException: Unable to read data from the transport connection: La operación de E/S se anuló por una salida de subproceso o por una solicitud de aplicación..
 ---> System.Net.Sockets.SocketException (995): La operación de E/S se anuló por una salida de subproceso o por una solicitud de aplicación.
   --- End of inner exception stack trace ---
   at System.Net.Sockets.Socket.AwaitableSocketAsyncEventArgs.System.Threading.Tasks.Sources.IValueTaskSource<System.Int32>.GetResult(Int16 token)
   at System.Net.Security.SslStream.EnsureFullTlsFrameAsync[TIOAdapter](CancellationToken cancellationToken, Int32 estimatedSize)
   at System.Runtime.CompilerServices.PoolingAsyncValueTaskMethodBuilder`1.StateMachineBox`1.System.Threading.Tasks.Sources.IValueTaskSource<TResult>.GetResult(Int16 token)
   at System.Net.Security.SslStream.ReadAsyncInternal[TIOAdapter](Memory`1 buffer, CancellationToken cancellationToken)
   at System.Runtime.CompilerServices.PoolingAsyncValueTaskMethodBuilder`1.StateMachineBox`1.System.Threading.Tasks.Sources.IValueTaskSource<TResult>.GetResult(Int16 token)
   at System.Net.Http.HttpConnection.SendAsync(HttpRequestMessage request, Boolean async, CancellationToken cancellationToken)
[2025-07-16 10:06:45Z ERR  BrokerServer] #####################################################
[2025-07-16 10:06:45Z ERR  BrokerServer] System.Net.Sockets.SocketException (995): La operación de E/S se anuló por una salida de subproceso o por una solicitud de aplicación.
[2025-07-16 10:06:45Z WARN BrokerServer] Back off 12,159 seconds before next retry. 4 attempt left.
[2025-07-16 10:06:45Z INFO BrokerMessageListener] Get next message has been cancelled.
[2025-07-16 10:06:45Z INFO JobDispatcher] Shutting down JobDispatcher. Make sure all WorkerDispatcher has finished.
[2025-07-16 10:06:45Z INFO JobDispatcher] Ensure WorkerDispatcher for job 870867d8-c6e0-5160-b120-e6fcbf44f95d run to finish, cancel any running job.
[2025-07-16 10:06:45Z INFO JobDispatcher] Job request 870867d8-c6e0-5160-b120-e6fcbf44f95d processed succeed.
[2025-07-16 10:06:45Z INFO Runner] Deleting Runner Session...
[2025-07-16 10:06:46Z INFO Listener] Runner execution been cancelled.
