[2025-07-16 10:06:53Z INFO HostContext] No proxy settings were found based on environmental variables (http_proxy/https_proxy/HTTP_PROXY/HTTPS_PROXY)
[2025-07-16 10:06:53Z INFO HostContext] Well known directory 'Bin': 'C:\salesforce-pre-sync\actions-runner\bin'
[2025-07-16 10:06:53Z INFO HostContext] Well known directory 'Root': 'C:\salesforce-pre-sync\actions-runner'
[2025-07-16 10:06:53Z INFO HostContext] Well known config file 'Credentials': 'C:\salesforce-pre-sync\actions-runner\.credentials'
[2025-07-16 10:06:53Z INFO HostContext] Well known directory 'Bin': 'C:\salesforce-pre-sync\actions-runner\bin'
[2025-07-16 10:06:53Z INFO HostContext] Well known directory 'Root': 'C:\salesforce-pre-sync\actions-runner'
[2025-07-16 10:06:53Z INFO HostContext] Well known config file 'Runner': 'C:\salesforce-pre-sync\actions-runner\.runner'
[2025-07-16 10:06:53Z INFO Listener] Runner is built for Windows (X64) - win-x64.
[2025-07-16 10:06:53Z INFO Listener] RuntimeInformation: Microsoft Windows 10.0.26100.
[2025-07-16 10:06:53Z INFO Listener] Version: 2.326.0
[2025-07-16 10:06:53Z INFO Listener] Commit: de0233c4d64676d8ebd16074221ae1e0e0bf2a13
[2025-07-16 10:06:53Z INFO Listener] Culture: es-ES
[2025-07-16 10:06:53Z INFO Listener] UI Culture: es-ES
[2025-07-16 10:06:53Z INFO HostContext] Well known directory 'Bin': 'C:\salesforce-pre-sync\actions-runner\bin'
[2025-07-16 10:06:53Z INFO HostContext] Well known directory 'Root': 'C:\salesforce-pre-sync\actions-runner'
[2025-07-16 10:06:53Z INFO Listener] Validating directory permissions for: 'C:\salesforce-pre-sync\actions-runner'
[2025-07-16 10:06:53Z INFO CommandLineParser] Parse
[2025-07-16 10:06:53Z INFO CommandLineParser] Parsing 1 args
[2025-07-16 10:06:53Z INFO CommandLineParser] parsing argument
[2025-07-16 10:06:53Z INFO CommandLineParser] HasArgs: False
[2025-07-16 10:06:53Z INFO CommandLineParser] Adding Command: run
[2025-07-16 10:06:53Z INFO Listener] Arguments parsed
[2025-07-16 10:06:53Z INFO Runner] ExecuteCommand
[2025-07-16 10:06:53Z INFO ConfigurationStore] currentAssemblyLocation: C:\salesforce-pre-sync\actions-runner\bin\Runner.Listener.dll
[2025-07-16 10:06:53Z INFO HostContext] Well known directory 'Bin': 'C:\salesforce-pre-sync\actions-runner\bin'
[2025-07-16 10:06:53Z INFO ConfigurationStore] binPath: C:\salesforce-pre-sync\actions-runner\bin
[2025-07-16 10:06:53Z INFO HostContext] Well known directory 'Bin': 'C:\salesforce-pre-sync\actions-runner\bin'
[2025-07-16 10:06:53Z INFO HostContext] Well known directory 'Root': 'C:\salesforce-pre-sync\actions-runner'
[2025-07-16 10:06:53Z INFO ConfigurationStore] RootFolder: C:\salesforce-pre-sync\actions-runner
[2025-07-16 10:06:53Z INFO HostContext] Well known directory 'Bin': 'C:\salesforce-pre-sync\actions-runner\bin'
[2025-07-16 10:06:53Z INFO HostContext] Well known directory 'Root': 'C:\salesforce-pre-sync\actions-runner'
[2025-07-16 10:06:53Z INFO HostContext] Well known config file 'Runner': 'C:\salesforce-pre-sync\actions-runner\.runner'
[2025-07-16 10:06:53Z INFO ConfigurationStore] ConfigFilePath: C:\salesforce-pre-sync\actions-runner\.runner
[2025-07-16 10:06:53Z INFO HostContext] Well known directory 'Bin': 'C:\salesforce-pre-sync\actions-runner\bin'
[2025-07-16 10:06:53Z INFO HostContext] Well known directory 'Root': 'C:\salesforce-pre-sync\actions-runner'
[2025-07-16 10:06:53Z INFO HostContext] Well known config file 'MigratedRunner': 'C:\salesforce-pre-sync\actions-runner\.runner_migrated'
[2025-07-16 10:06:53Z INFO ConfigurationStore] MigratedConfigFilePath: C:\salesforce-pre-sync\actions-runner\.runner_migrated
[2025-07-16 10:06:53Z INFO HostContext] Well known directory 'Bin': 'C:\salesforce-pre-sync\actions-runner\bin'
[2025-07-16 10:06:53Z INFO HostContext] Well known directory 'Root': 'C:\salesforce-pre-sync\actions-runner'
[2025-07-16 10:06:53Z INFO HostContext] Well known config file 'Credentials': 'C:\salesforce-pre-sync\actions-runner\.credentials'
[2025-07-16 10:06:53Z INFO ConfigurationStore] CredFilePath: C:\salesforce-pre-sync\actions-runner\.credentials
[2025-07-16 10:06:53Z INFO HostContext] Well known directory 'Bin': 'C:\salesforce-pre-sync\actions-runner\bin'
[2025-07-16 10:06:53Z INFO HostContext] Well known directory 'Root': 'C:\salesforce-pre-sync\actions-runner'
[2025-07-16 10:06:53Z INFO HostContext] Well known config file 'MigratedCredentials': 'C:\salesforce-pre-sync\actions-runner\.credentials_migrated'
[2025-07-16 10:06:53Z INFO ConfigurationStore] MigratedCredFilePath: C:\salesforce-pre-sync\actions-runner\.credentials_migrated
[2025-07-16 10:06:53Z INFO HostContext] Well known directory 'Bin': 'C:\salesforce-pre-sync\actions-runner\bin'
[2025-07-16 10:06:53Z INFO HostContext] Well known directory 'Root': 'C:\salesforce-pre-sync\actions-runner'
[2025-07-16 10:06:53Z INFO HostContext] Well known config file 'Service': 'C:\salesforce-pre-sync\actions-runner\.service'
[2025-07-16 10:06:53Z INFO ConfigurationStore] ServiceConfigFilePath: C:\salesforce-pre-sync\actions-runner\.service
[2025-07-16 10:06:53Z INFO CommandSettings] Flag 'help': 'False'
[2025-07-16 10:06:53Z INFO CommandSettings] Flag 'version': 'False'
[2025-07-16 10:06:53Z INFO CommandSettings] Flag 'commit': 'False'
[2025-07-16 10:06:53Z INFO CommandSettings] Flag 'check': 'False'
[2025-07-16 10:06:53Z INFO CommandSettings] Command 'configure': 'False'
[2025-07-16 10:06:53Z INFO CommandSettings] Command 'remove': 'False'
[2025-07-16 10:06:53Z INFO CommandSettings] Command 'warmup': 'False'
[2025-07-16 10:06:53Z INFO ConfigurationManager] LoadSettings
[2025-07-16 10:06:53Z INFO ConfigurationStore] IsConfigured()
[2025-07-16 10:06:53Z INFO ConfigurationStore] IsConfigured: True
[2025-07-16 10:06:53Z INFO ConfigurationManager] Is configured: True
[2025-07-16 10:06:53Z INFO ConfigurationStore] Read setting file: 410 chars
[2025-07-16 10:06:53Z INFO ConfigurationManager] Settings Loaded
[2025-07-16 10:06:53Z INFO ConfigurationStore] IsServiceConfigured()
[2025-07-16 10:06:53Z INFO ConfigurationStore] IsServiceConfigured: False
[2025-07-16 10:06:53Z INFO CommandSettings] Command 'run': 'True'
[2025-07-16 10:06:53Z INFO ConfigurationStore] IsConfigured()
[2025-07-16 10:06:53Z INFO ConfigurationStore] IsConfigured: True
[2025-07-16 10:06:53Z INFO ConfigurationManager] Is configured: True
[2025-07-16 10:06:53Z INFO Runner] Could not parse the argument value '' for StartupType. Defaulting to Manual
[2025-07-16 10:06:53Z INFO Runner] Set runner startup type - Manual
[2025-07-16 10:06:53Z INFO CommandSettings] Flag 'once': 'False'
[2025-07-16 10:06:53Z INFO CommandSettings] Flag 'once': 'False'
[2025-07-16 10:06:53Z INFO Runner] RunAsync
[2025-07-16 10:06:53Z INFO ConfigurationManager] LoadMigratedSettings
[2025-07-16 10:06:53Z INFO ConfigurationStore] IsMigratedConfigured()
[2025-07-16 10:06:53Z INFO ConfigurationStore] IsMigratedConfigured: False
[2025-07-16 10:06:53Z INFO Runner] Failed to load migrated settings: No migrated configuration found.
[2025-07-16 10:06:53Z INFO Runner] Falling back to original .runner settings
[2025-07-16 10:06:53Z INFO Runner] Using BrokerMessageListener
[2025-07-16 10:06:53Z INFO BrokerMessageListener] Using provided settings
[2025-07-16 10:06:53Z INFO BrokerMessageListener] {
  "AgentId": 2,
  "AgentName": "PRE-Sync-Runner",
  "PoolId": 1,
  "PoolName": "Default",
  "ServerUrl": "https://pipelinesghubeus10.actions.githubusercontent.com/x7356iyVm9kpWE8yzw7AR8gvmToSsHs9pLcxV0eas7qMGTpW3B/",
  "GitHubUrl": "https://github.com/soporteoaci/salesforce-pre-sync",
  "WorkFolder": "_work",
  "UseV2Flow": true,
  "ServerUrlV2": "https://broker.actions.githubusercontent.com/"
}
[2025-07-16 10:06:53Z INFO BrokerMessageListener] Loading Credentials
[2025-07-16 10:06:53Z INFO ConfigurationStore] HasCredentials()
[2025-07-16 10:06:53Z INFO ConfigurationStore] stored True
[2025-07-16 10:06:53Z INFO CredentialManager] GetCredentialProvider
[2025-07-16 10:06:53Z INFO CredentialManager] Creating type OAuth
[2025-07-16 10:06:53Z INFO CredentialManager] Creating credential type: OAuth
[2025-07-16 10:06:53Z INFO HostContext] Well known directory 'Bin': 'C:\salesforce-pre-sync\actions-runner\bin'
[2025-07-16 10:06:53Z INFO HostContext] Well known directory 'Root': 'C:\salesforce-pre-sync\actions-runner'
[2025-07-16 10:06:53Z INFO HostContext] Well known config file 'RSACredentials': 'C:\salesforce-pre-sync\actions-runner\.credentials_rsaparams'
[2025-07-16 10:06:53Z INFO RSAEncryptedFileKeyManager] Loading RSA key parameters from file C:\salesforce-pre-sync\actions-runner\.credentials_rsaparams
[2025-07-16 10:06:53Z INFO BrokerMessageListener] Attempt to create session.
[2025-07-16 10:06:53Z INFO BrokerMessageListener] Connecting to the Broker Server...
[2025-07-16 10:06:53Z INFO ConfigurationStore] HasCredentials()
[2025-07-16 10:06:53Z INFO ConfigurationStore] stored True
[2025-07-16 10:06:53Z INFO CredentialManager] GetCredentialProvider
[2025-07-16 10:06:53Z INFO CredentialManager] Creating type OAuth
[2025-07-16 10:06:53Z INFO CredentialManager] Creating credential type: OAuth
[2025-07-16 10:06:53Z INFO RSAEncryptedFileKeyManager] Loading RSA key parameters from file C:\salesforce-pre-sync\actions-runner\.credentials_rsaparams
[2025-07-16 10:06:53Z INFO BrokerMessageListener] VssConnection created
[2025-07-16 10:06:53Z INFO BrokerMessageListener] Connecting to the Runner server...
[2025-07-16 10:06:53Z INFO RunnerServer] EstablishVssConnection
[2025-07-16 10:06:53Z INFO RunnerServer] Establish connection with 100 seconds timeout.
[2025-07-16 10:06:53Z INFO GitHubActionsService] Starting operation Location.GetConnectionData
[2025-07-16 10:06:53Z INFO RunnerServer] EstablishVssConnection
[2025-07-16 10:06:53Z INFO RunnerServer] Establish connection with 60 seconds timeout.
[2025-07-16 10:06:53Z INFO GitHubActionsService] Starting operation Location.GetConnectionData
[2025-07-16 10:06:53Z INFO RunnerServer] EstablishVssConnection
[2025-07-16 10:06:53Z INFO RunnerServer] Establish connection with 60 seconds timeout.
[2025-07-16 10:06:53Z INFO GitHubActionsService] Starting operation Location.GetConnectionData
[2025-07-16 10:06:54Z INFO GitHubActionsService] Finished operation Location.GetConnectionData
[2025-07-16 10:06:54Z INFO GitHubActionsService] Finished operation Location.GetConnectionData
[2025-07-16 10:06:54Z INFO GitHubActionsService] Finished operation Location.GetConnectionData
[2025-07-16 10:06:54Z INFO BrokerMessageListener] VssConnection created
[2025-07-16 10:06:54Z INFO Terminal] WRITE LINE: 
[2025-07-16 10:06:54Z INFO Terminal] WRITE LINE: 
[2025-07-16 10:06:54Z INFO RSAEncryptedFileKeyManager] Loading RSA key parameters from file C:\salesforce-pre-sync\actions-runner\.credentials_rsaparams
[2025-07-16 10:06:54Z INFO RSAEncryptedFileKeyManager] Loading RSA key parameters from file C:\salesforce-pre-sync\actions-runner\.credentials_rsaparams
[2025-07-16 10:06:55Z INFO GitHubActionsService] AAD Correlation ID for this token request: Unknown
[2025-07-16 10:06:55Z INFO BrokerMessageListener] Session created.
[2025-07-16 10:06:55Z INFO Terminal] WRITE LINE: Current runner version: '2.326.0'
[2025-07-16 10:06:55Z INFO Terminal] WRITE LINE: 2025-07-16 10:06:55Z: Listening for Jobs
[2025-07-16 10:06:55Z INFO JobDispatcher] Set runner/worker IPC timeout to 30 seconds.
[2025-07-16 10:07:42Z INFO ConfigurationStore] HasCredentials()
[2025-07-16 10:07:42Z INFO ConfigurationStore] stored True
[2025-07-16 10:07:42Z INFO CredentialManager] GetCredentialProvider
[2025-07-16 10:07:42Z INFO CredentialManager] Creating type OAuth
[2025-07-16 10:07:42Z INFO CredentialManager] Creating credential type: OAuth
[2025-07-16 10:07:42Z INFO RSAEncryptedFileKeyManager] Loading RSA key parameters from file C:\salesforce-pre-sync\actions-runner\.credentials_rsaparams
[2025-07-16 10:07:42Z INFO RSAEncryptedFileKeyManager] Loading RSA key parameters from file C:\salesforce-pre-sync\actions-runner\.credentials_rsaparams
[2025-07-16 10:07:42Z INFO RSAEncryptedFileKeyManager] Loading RSA key parameters from file C:\salesforce-pre-sync\actions-runner\.credentials_rsaparams
[2025-07-16 10:07:43Z INFO GitHubActionsService] AAD Correlation ID for this token request: Unknown
[2025-07-16 10:07:44Z INFO JobDispatcher] Job request 0 for plan 788c30ab-efc0-43c1-a84a-0430a23d1159 job d2d6b076-de46-5f11-8b74-6d6964e6dc18 received.
[2025-07-16 10:07:44Z INFO BrokerMessageListener] Received job status event. JobState: Busy
[2025-07-16 10:07:44Z INFO BrokerMessageListener] _getMessagesTokenSource is already disposed.
[2025-07-16 10:07:44Z INFO Terminal] WRITE LINE: 2025-07-16 10:07:44Z: Running job: sync
[2025-07-16 10:07:44Z INFO JobDispatcher] Start renew job request 0 for job d2d6b076-de46-5f11-8b74-6d6964e6dc18.
[2025-07-16 10:07:45Z INFO JobDispatcher] Successfully renew job d2d6b076-de46-5f11-8b74-6d6964e6dc18, job is valid till 16/07/2025 10:17:46
[2025-07-16 10:07:45Z INFO HostContext] Well known directory 'Bin': 'C:\salesforce-pre-sync\actions-runner\bin'
[2025-07-16 10:07:45Z INFO ProcessInvokerWrapper] Starting process:
[2025-07-16 10:07:45Z INFO ProcessInvokerWrapper]   File name: 'C:\salesforce-pre-sync\actions-runner\bin\Runner.Worker.exe'
[2025-07-16 10:07:45Z INFO ProcessInvokerWrapper]   Arguments: 'spawnclient 1356 1316'
[2025-07-16 10:07:45Z INFO ProcessInvokerWrapper]   Working directory: 'C:\salesforce-pre-sync\actions-runner\bin'
[2025-07-16 10:07:45Z INFO ProcessInvokerWrapper]   Require exit code zero: 'False'
[2025-07-16 10:07:45Z INFO ProcessInvokerWrapper]   Encoding web name:  ; code page: ''
[2025-07-16 10:07:45Z INFO ProcessInvokerWrapper]   Force kill process on cancellation: 'True'
[2025-07-16 10:07:45Z INFO ProcessInvokerWrapper]   Redirected STDIN: 'False'
[2025-07-16 10:07:45Z INFO ProcessInvokerWrapper]   Persist current code page: 'False'
[2025-07-16 10:07:45Z INFO ProcessInvokerWrapper]   Keep redirected STDIN open: 'False'
[2025-07-16 10:07:45Z INFO ProcessInvokerWrapper]   High priority process: 'True'
[2025-07-16 10:07:45Z INFO ProcessInvokerWrapper] Process started with process id 28256, waiting for process exit.
[2025-07-16 10:07:45Z INFO JobDispatcher] Send job request message to worker for job d2d6b076-de46-5f11-8b74-6d6964e6dc18.
[2025-07-16 10:07:45Z INFO ProcessChannel] Sending message of length 19118, with hash '5daa4f0ccfebf5377c5f0ec0bb40245adc7a038dccc9b7c31acfb7d4c9ddb413'
[2025-07-16 10:07:45Z INFO JobNotification] Entering JobStarted Notification
[2025-07-16 10:07:45Z INFO JobNotification] Entering StartMonitor
[2025-07-16 10:08:45Z INFO JobDispatcher] Successfully renew job d2d6b076-de46-5f11-8b74-6d6964e6dc18, job is valid till 16/07/2025 10:18:47
[2025-07-16 10:09:23Z INFO ProcessInvokerWrapper] STDOUT/STDERR stream read finished.
[2025-07-16 10:09:23Z INFO ProcessInvokerWrapper] STDOUT/STDERR stream read finished.
[2025-07-16 10:09:23Z INFO ProcessInvokerWrapper] Finished process 28256 with exit code 102, and elapsed time 00:01:38.8258894.
[2025-07-16 10:09:23Z INFO JobDispatcher] Worker finished for job d2d6b076-de46-5f11-8b74-6d6964e6dc18. Code: 102
[2025-07-16 10:09:23Z INFO JobDispatcher] finish job request for job d2d6b076-de46-5f11-8b74-6d6964e6dc18 with result: Failed
[2025-07-16 10:09:23Z INFO Terminal] WRITE LINE: 2025-07-16 10:09:23Z: Job sync completed with result: Failed
[2025-07-16 10:09:23Z INFO JobDispatcher] Stop renew job request for job d2d6b076-de46-5f11-8b74-6d6964e6dc18.
[2025-07-16 10:09:23Z INFO JobDispatcher] job renew has been cancelled, stop renew job d2d6b076-de46-5f11-8b74-6d6964e6dc18.
[2025-07-16 10:09:23Z INFO JobNotification] Entering JobCompleted Notification
[2025-07-16 10:09:23Z INFO JobNotification] Entering EndMonitor
[2025-07-16 10:09:23Z INFO BrokerMessageListener] Received job status event. JobState: Online
[2025-07-16 10:09:23Z WARN GitHubActionsService] GET request to https://broker.actions.githubusercontent.com/message?sessionId=152fef9d-9034-4f95-b1b6-5d7ae1bb850d&status=Busy&runnerVersion=2.326.0&os=Windows&architecture=X64&disableUpdate=false has been cancelled.
[2025-07-16 10:09:23Z ERR  BrokerServer] Catch exception during request
[2025-07-16 10:09:23Z ERR  BrokerServer] System.Threading.Tasks.TaskCanceledException: The operation was canceled.
 ---> System.Threading.Tasks.TaskCanceledException: The operation was canceled.
 ---> System.IO.IOException: Unable to read data from the transport connection: La operación de E/S se anuló por una salida de subproceso o por una solicitud de aplicación..
 ---> System.Net.Sockets.SocketException (995): La operación de E/S se anuló por una salida de subproceso o por una solicitud de aplicación.
   --- End of inner exception stack trace ---
   at System.Net.Sockets.Socket.AwaitableSocketAsyncEventArgs.ThrowException(SocketError error, CancellationToken cancellationToken)
   at System.Net.Sockets.Socket.AwaitableSocketAsyncEventArgs.System.Threading.Tasks.Sources.IValueTaskSource<System.Int32>.GetResult(Int16 token)
   at System.Net.Security.SslStream.EnsureFullTlsFrameAsync[TIOAdapter](CancellationToken cancellationToken, Int32 estimatedSize)
   at System.Runtime.CompilerServices.PoolingAsyncValueTaskMethodBuilder`1.StateMachineBox`1.System.Threading.Tasks.Sources.IValueTaskSource<TResult>.GetResult(Int16 token)
   at System.Net.Security.SslStream.ReadAsyncInternal[TIOAdapter](Memory`1 buffer, CancellationToken cancellationToken)
   at System.Runtime.CompilerServices.PoolingAsyncValueTaskMethodBuilder`1.StateMachineBox`1.System.Threading.Tasks.Sources.IValueTaskSource<TResult>.GetResult(Int16 token)
   at System.Net.Http.HttpConnection.SendAsync(HttpRequestMessage request, Boolean async, CancellationToken cancellationToken)
   --- End of inner exception stack trace ---
   at System.Net.Http.HttpConnection.SendAsync(HttpRequestMessage request, Boolean async, CancellationToken cancellationToken)
   at System.Net.Http.AuthenticationHelper.SendWithNtAuthAsync(HttpRequestMessage request, Uri authUri, Boolean async, ICredentials credentials, Boolean isProxyAuth, HttpConnection connection, HttpConnectionPool connectionPool, CancellationToken cancellationToken)
   at System.Net.Http.HttpConnectionPool.SendWithVersionDetectionAndRetryAsync(HttpRequestMessage request, Boolean async, Boolean doRequestAuth, CancellationToken cancellationToken)
   at System.Net.Http.AuthenticationHelper.SendWithAuthAsync(HttpRequestMessage request, Uri authUri, Boolean async, ICredentials credentials, Boolean preAuthenticate, Boolean isProxyAuth, Boolean doRequestAuth, HttpConnectionPool pool, CancellationToken cancellationToken)
   at System.Net.Http.RedirectHandler.SendAsync(HttpRequestMessage request, Boolean async, CancellationToken cancellationToken)
   at GitHub.Services.Common.RawHttpMessageHandler.SendAsync(HttpRequestMessage request, CancellationToken cancellationToken)
   at GitHub.Services.Common.VssHttpRetryMessageHandler.SendAsync(HttpRequestMessage request, CancellationToken cancellationToken)
   at System.Net.Http.HttpClient.<SendAsync>g__Core|83_0(HttpRequestMessage request, HttpCompletionOption completionOption, CancellationTokenSource cts, Boolean disposeCts, CancellationTokenSource pendingRequestsCts, CancellationToken originalCancellationToken)
   --- End of inner exception stack trace ---
   at System.Net.Http.HttpClient.HandleFailure(Exception e, Boolean telemetryStarted, HttpResponseMessage response, CancellationTokenSource cts, CancellationToken cancellationToken, CancellationTokenSource pendingRequestsCts)
   at System.Net.Http.HttpClient.<SendAsync>g__Core|83_0(HttpRequestMessage request, HttpCompletionOption completionOption, CancellationTokenSource cts, Boolean disposeCts, CancellationTokenSource pendingRequestsCts, CancellationToken originalCancellationToken)
   at Sdk.WebApi.WebApi.RawHttpClientBase.SendAsync(HttpRequestMessage message, HttpCompletionOption completionOption, Object userState, CancellationToken cancellationToken)
   at Sdk.WebApi.WebApi.RawHttpClientBase.SendAsync[T](HttpRequestMessage message, Boolean readErrorBody, Object userState, CancellationToken cancellationToken)
   at Sdk.WebApi.WebApi.RawHttpClientBase.SendAsync[T](HttpMethod method, IEnumerable`1 additionalHeaders, Uri requestUri, HttpContent content, IEnumerable`1 queryParameters, Boolean readErrorBody, Object userState, CancellationToken cancellationToken)
   at GitHub.Actions.RunService.WebApi.BrokerHttpClient.GetRunnerMessageAsync(Nullable`1 sessionId, String runnerVersion, Nullable`1 status, String os, String architecture, Nullable`1 disableUpdate, CancellationToken cancellationToken)
   at GitHub.Runner.Common.BrokerServer.<>c__DisplayClass7_0.<<GetRunnerMessageAsync>b__0>d.MoveNext()
--- End of stack trace from previous location ---
   at GitHub.Runner.Common.RunnerService.RetryRequest[T](Func`1 func, CancellationToken cancellationToken, Int32 maxRetryAttemptsCount, Func`2 shouldRetry)
[2025-07-16 10:09:23Z ERR  BrokerServer] #####################################################
[2025-07-16 10:09:23Z ERR  BrokerServer] System.Threading.Tasks.TaskCanceledException: The operation was canceled.
 ---> System.IO.IOException: Unable to read data from the transport connection: La operación de E/S se anuló por una salida de subproceso o por una solicitud de aplicación..
 ---> System.Net.Sockets.SocketException (995): La operación de E/S se anuló por una salida de subproceso o por una solicitud de aplicación.
   --- End of inner exception stack trace ---
   at System.Net.Sockets.Socket.AwaitableSocketAsyncEventArgs.ThrowException(SocketError error, CancellationToken cancellationToken)
   at System.Net.Sockets.Socket.AwaitableSocketAsyncEventArgs.System.Threading.Tasks.Sources.IValueTaskSource<System.Int32>.GetResult(Int16 token)
   at System.Net.Security.SslStream.EnsureFullTlsFrameAsync[TIOAdapter](CancellationToken cancellationToken, Int32 estimatedSize)
   at System.Runtime.CompilerServices.PoolingAsyncValueTaskMethodBuilder`1.StateMachineBox`1.System.Threading.Tasks.Sources.IValueTaskSource<TResult>.GetResult(Int16 token)
   at System.Net.Security.SslStream.ReadAsyncInternal[TIOAdapter](Memory`1 buffer, CancellationToken cancellationToken)
   at System.Runtime.CompilerServices.PoolingAsyncValueTaskMethodBuilder`1.StateMachineBox`1.System.Threading.Tasks.Sources.IValueTaskSource<TResult>.GetResult(Int16 token)
   at System.Net.Http.HttpConnection.SendAsync(HttpRequestMessage request, Boolean async, CancellationToken cancellationToken)
   --- End of inner exception stack trace ---
   at System.Net.Http.HttpConnection.SendAsync(HttpRequestMessage request, Boolean async, CancellationToken cancellationToken)
   at System.Net.Http.AuthenticationHelper.SendWithNtAuthAsync(HttpRequestMessage request, Uri authUri, Boolean async, ICredentials credentials, Boolean isProxyAuth, HttpConnection connection, HttpConnectionPool connectionPool, CancellationToken cancellationToken)
   at System.Net.Http.HttpConnectionPool.SendWithVersionDetectionAndRetryAsync(HttpRequestMessage request, Boolean async, Boolean doRequestAuth, CancellationToken cancellationToken)
   at System.Net.Http.AuthenticationHelper.SendWithAuthAsync(HttpRequestMessage request, Uri authUri, Boolean async, ICredentials credentials, Boolean preAuthenticate, Boolean isProxyAuth, Boolean doRequestAuth, HttpConnectionPool pool, CancellationToken cancellationToken)
   at System.Net.Http.RedirectHandler.SendAsync(HttpRequestMessage request, Boolean async, CancellationToken cancellationToken)
   at GitHub.Services.Common.RawHttpMessageHandler.SendAsync(HttpRequestMessage request, CancellationToken cancellationToken)
   at GitHub.Services.Common.VssHttpRetryMessageHandler.SendAsync(HttpRequestMessage request, CancellationToken cancellationToken)
   at System.Net.Http.HttpClient.<SendAsync>g__Core|83_0(HttpRequestMessage request, HttpCompletionOption completionOption, CancellationTokenSource cts, Boolean disposeCts, CancellationTokenSource pendingRequestsCts, CancellationToken originalCancellationToken)
[2025-07-16 10:09:23Z ERR  BrokerServer] #####################################################
[2025-07-16 10:09:23Z ERR  BrokerServer] System.IO.IOException: Unable to read data from the transport connection: La operación de E/S se anuló por una salida de subproceso o por una solicitud de aplicación..
 ---> System.Net.Sockets.SocketException (995): La operación de E/S se anuló por una salida de subproceso o por una solicitud de aplicación.
   --- End of inner exception stack trace ---
   at System.Net.Sockets.Socket.AwaitableSocketAsyncEventArgs.ThrowException(SocketError error, CancellationToken cancellationToken)
   at System.Net.Sockets.Socket.AwaitableSocketAsyncEventArgs.System.Threading.Tasks.Sources.IValueTaskSource<System.Int32>.GetResult(Int16 token)
   at System.Net.Security.SslStream.EnsureFullTlsFrameAsync[TIOAdapter](CancellationToken cancellationToken, Int32 estimatedSize)
   at System.Runtime.CompilerServices.PoolingAsyncValueTaskMethodBuilder`1.StateMachineBox`1.System.Threading.Tasks.Sources.IValueTaskSource<TResult>.GetResult(Int16 token)
   at System.Net.Security.SslStream.ReadAsyncInternal[TIOAdapter](Memory`1 buffer, CancellationToken cancellationToken)
   at System.Runtime.CompilerServices.PoolingAsyncValueTaskMethodBuilder`1.StateMachineBox`1.System.Threading.Tasks.Sources.IValueTaskSource<TResult>.GetResult(Int16 token)
   at System.Net.Http.HttpConnection.SendAsync(HttpRequestMessage request, Boolean async, CancellationToken cancellationToken)
[2025-07-16 10:09:23Z ERR  BrokerServer] #####################################################
[2025-07-16 10:09:23Z ERR  BrokerServer] System.Net.Sockets.SocketException (995): La operación de E/S se anuló por una salida de subproceso o por una solicitud de aplicación.
[2025-07-16 10:09:23Z WARN BrokerServer] Back off 9,295 seconds before next retry. 4 attempt left.
[2025-07-16 10:09:23Z INFO BrokerMessageListener] Get messages has been cancelled using local token source. Continue to get messages with new status.
[2025-07-16 10:17:56Z INFO ConfigurationStore] HasCredentials()
[2025-07-16 10:17:56Z INFO ConfigurationStore] stored True
[2025-07-16 10:17:56Z INFO CredentialManager] GetCredentialProvider
[2025-07-16 10:17:56Z INFO CredentialManager] Creating type OAuth
[2025-07-16 10:17:56Z INFO CredentialManager] Creating credential type: OAuth
[2025-07-16 10:17:56Z INFO RSAEncryptedFileKeyManager] Loading RSA key parameters from file C:\salesforce-pre-sync\actions-runner\.credentials_rsaparams
[2025-07-16 10:17:56Z INFO RSAEncryptedFileKeyManager] Loading RSA key parameters from file C:\salesforce-pre-sync\actions-runner\.credentials_rsaparams
[2025-07-16 10:17:56Z INFO RSAEncryptedFileKeyManager] Loading RSA key parameters from file C:\salesforce-pre-sync\actions-runner\.credentials_rsaparams
[2025-07-16 10:17:56Z INFO GitHubActionsService] AAD Correlation ID for this token request: Unknown
[2025-07-16 10:17:58Z INFO JobDispatcher] Job request 0 for plan bac2ad90-8e7e-4970-b9ae-0568a0fdd8dc job d9e6434e-17c0-5b27-b34d-8ed42e6f75d0 received.
[2025-07-16 10:17:58Z INFO BrokerMessageListener] Received job status event. JobState: Busy
[2025-07-16 10:17:58Z INFO BrokerMessageListener] _getMessagesTokenSource is already disposed.
[2025-07-16 10:17:58Z INFO JobDispatcher] Job request d2d6b076-de46-5f11-8b74-6d6964e6dc18 processed succeed.
[2025-07-16 10:17:58Z INFO Terminal] WRITE LINE: 2025-07-16 10:17:58Z: Running job: sync
[2025-07-16 10:17:58Z INFO JobDispatcher] Start renew job request 0 for job d9e6434e-17c0-5b27-b34d-8ed42e6f75d0.
[2025-07-16 10:18:01Z INFO JobDispatcher] Successfully renew job d9e6434e-17c0-5b27-b34d-8ed42e6f75d0, job is valid till 16/07/2025 10:28:03
[2025-07-16 10:18:01Z INFO HostContext] Well known directory 'Bin': 'C:\salesforce-pre-sync\actions-runner\bin'
[2025-07-16 10:18:01Z INFO ProcessInvokerWrapper] Starting process:
[2025-07-16 10:18:01Z INFO ProcessInvokerWrapper]   File name: 'C:\salesforce-pre-sync\actions-runner\bin\Runner.Worker.exe'
[2025-07-16 10:18:01Z INFO ProcessInvokerWrapper]   Arguments: 'spawnclient 2088 2216'
[2025-07-16 10:18:01Z INFO ProcessInvokerWrapper]   Working directory: 'C:\salesforce-pre-sync\actions-runner\bin'
[2025-07-16 10:18:01Z INFO ProcessInvokerWrapper]   Require exit code zero: 'False'
[2025-07-16 10:18:01Z INFO ProcessInvokerWrapper]   Encoding web name:  ; code page: ''
[2025-07-16 10:18:01Z INFO ProcessInvokerWrapper]   Force kill process on cancellation: 'True'
[2025-07-16 10:18:01Z INFO ProcessInvokerWrapper]   Redirected STDIN: 'False'
[2025-07-16 10:18:01Z INFO ProcessInvokerWrapper]   Persist current code page: 'False'
[2025-07-16 10:18:01Z INFO ProcessInvokerWrapper]   Keep redirected STDIN open: 'False'
[2025-07-16 10:18:01Z INFO ProcessInvokerWrapper]   High priority process: 'True'
[2025-07-16 10:18:01Z INFO ProcessInvokerWrapper] Process started with process id 18340, waiting for process exit.
[2025-07-16 10:18:01Z INFO JobDispatcher] Send job request message to worker for job d9e6434e-17c0-5b27-b34d-8ed42e6f75d0.
[2025-07-16 10:18:01Z INFO ProcessChannel] Sending message of length 18746, with hash 'e2bc19e9481e7ad84f06a5565bca698cf8eb6c2fe6beaf7f4f485be4a501691d'
[2025-07-16 10:18:02Z INFO JobNotification] Entering JobStarted Notification
[2025-07-16 10:18:02Z INFO JobNotification] Entering StartMonitor
[2025-07-16 10:18:06Z INFO JobDispatcher] Job cancellation request d9e6434e-17c0-5b27-b34d-8ed42e6f75d0 received, cancellation timeout 5 minutes.
[2025-07-16 10:18:06Z INFO JobDispatcher] Send job cancellation message to worker for job d9e6434e-17c0-5b27-b34d-8ed42e6f75d0.
[2025-07-16 10:18:06Z INFO ProcessChannel] Sending message of length 0, with hash 'e3b0c44298fc1c149afbf4c8996fb92427ae41e4649b934ca495991b7852b855'
[2025-07-16 10:18:06Z INFO JobDispatcher] Job cancellation request d9e6434e-17c0-5b27-b34d-8ed42e6f75d0 received, cancellation timeout 5 minutes.
[2025-07-16 10:18:06Z INFO JobDispatcher] Job cancellation request d9e6434e-17c0-5b27-b34d-8ed42e6f75d0 received, cancellation timeout 5 minutes.
[2025-07-16 10:18:06Z INFO JobDispatcher] Job cancellation request d9e6434e-17c0-5b27-b34d-8ed42e6f75d0 received, cancellation timeout 5 minutes.
[2025-07-16 10:18:07Z INFO JobDispatcher] Job cancellation request d9e6434e-17c0-5b27-b34d-8ed42e6f75d0 received, cancellation timeout 5 minutes.
[2025-07-16 10:18:07Z INFO JobDispatcher] Job cancellation request d9e6434e-17c0-5b27-b34d-8ed42e6f75d0 received, cancellation timeout 5 minutes.
[2025-07-16 10:18:07Z INFO JobDispatcher] Job cancellation request d9e6434e-17c0-5b27-b34d-8ed42e6f75d0 received, cancellation timeout 5 minutes.
[2025-07-16 10:18:07Z INFO JobDispatcher] Job cancellation request d9e6434e-17c0-5b27-b34d-8ed42e6f75d0 received, cancellation timeout 5 minutes.
[2025-07-16 10:18:07Z INFO JobDispatcher] Job cancellation request d9e6434e-17c0-5b27-b34d-8ed42e6f75d0 received, cancellation timeout 5 minutes.
[2025-07-16 10:18:08Z INFO JobDispatcher] Job cancellation request d9e6434e-17c0-5b27-b34d-8ed42e6f75d0 received, cancellation timeout 5 minutes.
[2025-07-16 10:18:08Z INFO JobDispatcher] Job cancellation request d9e6434e-17c0-5b27-b34d-8ed42e6f75d0 received, cancellation timeout 5 minutes.
[2025-07-16 10:18:08Z INFO JobDispatcher] Job cancellation request d9e6434e-17c0-5b27-b34d-8ed42e6f75d0 received, cancellation timeout 5 minutes.
[2025-07-16 10:18:08Z INFO JobDispatcher] Job cancellation request d9e6434e-17c0-5b27-b34d-8ed42e6f75d0 received, cancellation timeout 5 minutes.
[2025-07-16 10:18:08Z INFO JobDispatcher] Job cancellation request d9e6434e-17c0-5b27-b34d-8ed42e6f75d0 received, cancellation timeout 5 minutes.
[2025-07-16 10:18:09Z INFO JobDispatcher] Job cancellation request d9e6434e-17c0-5b27-b34d-8ed42e6f75d0 received, cancellation timeout 5 minutes.
[2025-07-16 10:18:09Z INFO JobDispatcher] Job cancellation request d9e6434e-17c0-5b27-b34d-8ed42e6f75d0 received, cancellation timeout 5 minutes.
[2025-07-16 10:18:09Z INFO JobDispatcher] Job cancellation request d9e6434e-17c0-5b27-b34d-8ed42e6f75d0 received, cancellation timeout 5 minutes.
[2025-07-16 10:18:09Z INFO JobDispatcher] Job cancellation request d9e6434e-17c0-5b27-b34d-8ed42e6f75d0 received, cancellation timeout 5 minutes.
[2025-07-16 10:18:09Z INFO JobDispatcher] Job cancellation request d9e6434e-17c0-5b27-b34d-8ed42e6f75d0 received, cancellation timeout 5 minutes.
[2025-07-16 10:18:09Z INFO JobDispatcher] Job cancellation request d9e6434e-17c0-5b27-b34d-8ed42e6f75d0 received, cancellation timeout 5 minutes.
[2025-07-16 10:18:10Z INFO ProcessInvokerWrapper] STDOUT/STDERR stream read finished.
[2025-07-16 10:18:10Z INFO ProcessInvokerWrapper] STDOUT/STDERR stream read finished.
[2025-07-16 10:18:10Z INFO JobDispatcher] Job cancellation request d9e6434e-17c0-5b27-b34d-8ed42e6f75d0 received, cancellation timeout 5 minutes.
[2025-07-16 10:18:10Z INFO ProcessInvokerWrapper] Finished process 18340 with exit code 103, and elapsed time 00:00:08.3788763.
[2025-07-16 10:18:10Z INFO JobDispatcher] finish job request for job d9e6434e-17c0-5b27-b34d-8ed42e6f75d0 with result: Canceled
[2025-07-16 10:18:10Z INFO Terminal] WRITE LINE: 2025-07-16 10:18:10Z: Job sync completed with result: Canceled
[2025-07-16 10:18:10Z INFO JobDispatcher] Stop renew job request for job d9e6434e-17c0-5b27-b34d-8ed42e6f75d0.
[2025-07-16 10:18:10Z INFO JobDispatcher] job renew has been cancelled, stop renew job d9e6434e-17c0-5b27-b34d-8ed42e6f75d0.
[2025-07-16 10:18:10Z INFO JobNotification] Entering JobCompleted Notification
[2025-07-16 10:18:10Z INFO JobNotification] Entering EndMonitor
[2025-07-16 10:18:10Z INFO BrokerMessageListener] Received job status event. JobState: Online
[2025-07-16 10:18:10Z WARN GitHubActionsService] GET request to https://broker.actions.githubusercontent.com/message?sessionId=152fef9d-9034-4f95-b1b6-5d7ae1bb850d&status=Busy&runnerVersion=2.326.0&os=Windows&architecture=X64&disableUpdate=false has been cancelled.
[2025-07-16 10:18:10Z ERR  BrokerServer] Catch exception during request
[2025-07-16 10:18:10Z ERR  BrokerServer] System.Threading.Tasks.TaskCanceledException: The operation was canceled.
 ---> System.Threading.Tasks.TaskCanceledException: The operation was canceled.
 ---> System.IO.IOException: Unable to read data from the transport connection: La operación de E/S se anuló por una salida de subproceso o por una solicitud de aplicación..
 ---> System.Net.Sockets.SocketException (995): La operación de E/S se anuló por una salida de subproceso o por una solicitud de aplicación.
   --- End of inner exception stack trace ---
   at System.Net.Sockets.Socket.AwaitableSocketAsyncEventArgs.ThrowException(SocketError error, CancellationToken cancellationToken)
   at System.Net.Sockets.Socket.AwaitableSocketAsyncEventArgs.System.Threading.Tasks.Sources.IValueTaskSource<System.Int32>.GetResult(Int16 token)
   at System.Net.Security.SslStream.EnsureFullTlsFrameAsync[TIOAdapter](CancellationToken cancellationToken, Int32 estimatedSize)
   at System.Runtime.CompilerServices.PoolingAsyncValueTaskMethodBuilder`1.StateMachineBox`1.System.Threading.Tasks.Sources.IValueTaskSource<TResult>.GetResult(Int16 token)
   at System.Net.Security.SslStream.ReadAsyncInternal[TIOAdapter](Memory`1 buffer, CancellationToken cancellationToken)
   at System.Runtime.CompilerServices.PoolingAsyncValueTaskMethodBuilder`1.StateMachineBox`1.System.Threading.Tasks.Sources.IValueTaskSource<TResult>.GetResult(Int16 token)
   at System.Net.Http.HttpConnection.SendAsync(HttpRequestMessage request, Boolean async, CancellationToken cancellationToken)
   --- End of inner exception stack trace ---
   at System.Net.Http.HttpConnection.SendAsync(HttpRequestMessage request, Boolean async, CancellationToken cancellationToken)
   at System.Net.Http.AuthenticationHelper.SendWithNtAuthAsync(HttpRequestMessage request, Uri authUri, Boolean async, ICredentials credentials, Boolean isProxyAuth, HttpConnection connection, HttpConnectionPool connectionPool, CancellationToken cancellationToken)
   at System.Net.Http.HttpConnectionPool.SendWithVersionDetectionAndRetryAsync(HttpRequestMessage request, Boolean async, Boolean doRequestAuth, CancellationToken cancellationToken)
   at System.Net.Http.AuthenticationHelper.SendWithAuthAsync(HttpRequestMessage request, Uri authUri, Boolean async, ICredentials credentials, Boolean preAuthenticate, Boolean isProxyAuth, Boolean doRequestAuth, HttpConnectionPool pool, CancellationToken cancellationToken)
   at System.Net.Http.RedirectHandler.SendAsync(HttpRequestMessage request, Boolean async, CancellationToken cancellationToken)
   at GitHub.Services.Common.RawHttpMessageHandler.SendAsync(HttpRequestMessage request, CancellationToken cancellationToken)
   at GitHub.Services.Common.VssHttpRetryMessageHandler.SendAsync(HttpRequestMessage request, CancellationToken cancellationToken)
   at System.Net.Http.HttpClient.<SendAsync>g__Core|83_0(HttpRequestMessage request, HttpCompletionOption completionOption, CancellationTokenSource cts, Boolean disposeCts, CancellationTokenSource pendingRequestsCts, CancellationToken originalCancellationToken)
   --- End of inner exception stack trace ---
   at System.Net.Http.HttpClient.HandleFailure(Exception e, Boolean telemetryStarted, HttpResponseMessage response, CancellationTokenSource cts, CancellationToken cancellationToken, CancellationTokenSource pendingRequestsCts)
   at System.Net.Http.HttpClient.<SendAsync>g__Core|83_0(HttpRequestMessage request, HttpCompletionOption completionOption, CancellationTokenSource cts, Boolean disposeCts, CancellationTokenSource pendingRequestsCts, CancellationToken originalCancellationToken)
   at Sdk.WebApi.WebApi.RawHttpClientBase.SendAsync(HttpRequestMessage message, HttpCompletionOption completionOption, Object userState, CancellationToken cancellationToken)
   at Sdk.WebApi.WebApi.RawHttpClientBase.SendAsync[T](HttpRequestMessage message, Boolean readErrorBody, Object userState, CancellationToken cancellationToken)
   at Sdk.WebApi.WebApi.RawHttpClientBase.SendAsync[T](HttpMethod method, IEnumerable`1 additionalHeaders, Uri requestUri, HttpContent content, IEnumerable`1 queryParameters, Boolean readErrorBody, Object userState, CancellationToken cancellationToken)
   at GitHub.Actions.RunService.WebApi.BrokerHttpClient.GetRunnerMessageAsync(Nullable`1 sessionId, String runnerVersion, Nullable`1 status, String os, String architecture, Nullable`1 disableUpdate, CancellationToken cancellationToken)
   at GitHub.Runner.Common.BrokerServer.<>c__DisplayClass7_0.<<GetRunnerMessageAsync>b__0>d.MoveNext()
--- End of stack trace from previous location ---
   at GitHub.Runner.Common.RunnerService.RetryRequest[T](Func`1 func, CancellationToken cancellationToken, Int32 maxRetryAttemptsCount, Func`2 shouldRetry)
[2025-07-16 10:18:10Z ERR  BrokerServer] #####################################################
[2025-07-16 10:18:10Z ERR  BrokerServer] System.Threading.Tasks.TaskCanceledException: The operation was canceled.
 ---> System.IO.IOException: Unable to read data from the transport connection: La operación de E/S se anuló por una salida de subproceso o por una solicitud de aplicación..
 ---> System.Net.Sockets.SocketException (995): La operación de E/S se anuló por una salida de subproceso o por una solicitud de aplicación.
   --- End of inner exception stack trace ---
   at System.Net.Sockets.Socket.AwaitableSocketAsyncEventArgs.ThrowException(SocketError error, CancellationToken cancellationToken)
   at System.Net.Sockets.Socket.AwaitableSocketAsyncEventArgs.System.Threading.Tasks.Sources.IValueTaskSource<System.Int32>.GetResult(Int16 token)
   at System.Net.Security.SslStream.EnsureFullTlsFrameAsync[TIOAdapter](CancellationToken cancellationToken, Int32 estimatedSize)
   at System.Runtime.CompilerServices.PoolingAsyncValueTaskMethodBuilder`1.StateMachineBox`1.System.Threading.Tasks.Sources.IValueTaskSource<TResult>.GetResult(Int16 token)
   at System.Net.Security.SslStream.ReadAsyncInternal[TIOAdapter](Memory`1 buffer, CancellationToken cancellationToken)
   at System.Runtime.CompilerServices.PoolingAsyncValueTaskMethodBuilder`1.StateMachineBox`1.System.Threading.Tasks.Sources.IValueTaskSource<TResult>.GetResult(Int16 token)
   at System.Net.Http.HttpConnection.SendAsync(HttpRequestMessage request, Boolean async, CancellationToken cancellationToken)
   --- End of inner exception stack trace ---
   at System.Net.Http.HttpConnection.SendAsync(HttpRequestMessage request, Boolean async, CancellationToken cancellationToken)
   at System.Net.Http.AuthenticationHelper.SendWithNtAuthAsync(HttpRequestMessage request, Uri authUri, Boolean async, ICredentials credentials, Boolean isProxyAuth, HttpConnection connection, HttpConnectionPool connectionPool, CancellationToken cancellationToken)
   at System.Net.Http.HttpConnectionPool.SendWithVersionDetectionAndRetryAsync(HttpRequestMessage request, Boolean async, Boolean doRequestAuth, CancellationToken cancellationToken)
   at System.Net.Http.AuthenticationHelper.SendWithAuthAsync(HttpRequestMessage request, Uri authUri, Boolean async, ICredentials credentials, Boolean preAuthenticate, Boolean isProxyAuth, Boolean doRequestAuth, HttpConnectionPool pool, CancellationToken cancellationToken)
   at System.Net.Http.RedirectHandler.SendAsync(HttpRequestMessage request, Boolean async, CancellationToken cancellationToken)
   at GitHub.Services.Common.RawHttpMessageHandler.SendAsync(HttpRequestMessage request, CancellationToken cancellationToken)
   at GitHub.Services.Common.VssHttpRetryMessageHandler.SendAsync(HttpRequestMessage request, CancellationToken cancellationToken)
   at System.Net.Http.HttpClient.<SendAsync>g__Core|83_0(HttpRequestMessage request, HttpCompletionOption completionOption, CancellationTokenSource cts, Boolean disposeCts, CancellationTokenSource pendingRequestsCts, CancellationToken originalCancellationToken)
[2025-07-16 10:18:10Z ERR  BrokerServer] #####################################################
[2025-07-16 10:18:10Z ERR  BrokerServer] System.IO.IOException: Unable to read data from the transport connection: La operación de E/S se anuló por una salida de subproceso o por una solicitud de aplicación..
 ---> System.Net.Sockets.SocketException (995): La operación de E/S se anuló por una salida de subproceso o por una solicitud de aplicación.
   --- End of inner exception stack trace ---
   at System.Net.Sockets.Socket.AwaitableSocketAsyncEventArgs.ThrowException(SocketError error, CancellationToken cancellationToken)
   at System.Net.Sockets.Socket.AwaitableSocketAsyncEventArgs.System.Threading.Tasks.Sources.IValueTaskSource<System.Int32>.GetResult(Int16 token)
   at System.Net.Security.SslStream.EnsureFullTlsFrameAsync[TIOAdapter](CancellationToken cancellationToken, Int32 estimatedSize)
   at System.Runtime.CompilerServices.PoolingAsyncValueTaskMethodBuilder`1.StateMachineBox`1.System.Threading.Tasks.Sources.IValueTaskSource<TResult>.GetResult(Int16 token)
   at System.Net.Security.SslStream.ReadAsyncInternal[TIOAdapter](Memory`1 buffer, CancellationToken cancellationToken)
   at System.Runtime.CompilerServices.PoolingAsyncValueTaskMethodBuilder`1.StateMachineBox`1.System.Threading.Tasks.Sources.IValueTaskSource<TResult>.GetResult(Int16 token)
   at System.Net.Http.HttpConnection.SendAsync(HttpRequestMessage request, Boolean async, CancellationToken cancellationToken)
[2025-07-16 10:18:10Z ERR  BrokerServer] #####################################################
[2025-07-16 10:18:10Z ERR  BrokerServer] System.Net.Sockets.SocketException (995): La operación de E/S se anuló por una salida de subproceso o por una solicitud de aplicación.
[2025-07-16 10:18:10Z WARN BrokerServer] Back off 12,629 seconds before next retry. 4 attempt left.
[2025-07-16 10:18:10Z INFO BrokerMessageListener] Get messages has been cancelled using local token source. Continue to get messages with new status.
[2025-07-16 10:18:20Z INFO ConfigurationStore] HasCredentials()
[2025-07-16 10:18:20Z INFO ConfigurationStore] stored True
[2025-07-16 10:18:20Z INFO CredentialManager] GetCredentialProvider
[2025-07-16 10:18:20Z INFO CredentialManager] Creating type OAuth
[2025-07-16 10:18:20Z INFO CredentialManager] Creating credential type: OAuth
[2025-07-16 10:18:20Z INFO RSAEncryptedFileKeyManager] Loading RSA key parameters from file C:\salesforce-pre-sync\actions-runner\.credentials_rsaparams
[2025-07-16 10:18:20Z INFO RSAEncryptedFileKeyManager] Loading RSA key parameters from file C:\salesforce-pre-sync\actions-runner\.credentials_rsaparams
[2025-07-16 10:18:20Z INFO RSAEncryptedFileKeyManager] Loading RSA key parameters from file C:\salesforce-pre-sync\actions-runner\.credentials_rsaparams
[2025-07-16 10:18:21Z INFO GitHubActionsService] AAD Correlation ID for this token request: Unknown
[2025-07-16 10:18:22Z INFO JobDispatcher] Job request 0 for plan 0640508c-6ef4-4134-93b8-53ef2e43cb4a job ae26b95e-19d1-5015-a14d-771dbf61b4d3 received.
[2025-07-16 10:18:22Z INFO BrokerMessageListener] Received job status event. JobState: Busy
[2025-07-16 10:18:22Z INFO BrokerMessageListener] _getMessagesTokenSource is already disposed.
[2025-07-16 10:18:22Z INFO JobDispatcher] Job request d9e6434e-17c0-5b27-b34d-8ed42e6f75d0 processed succeed.
[2025-07-16 10:18:22Z INFO Terminal] WRITE LINE: 2025-07-16 10:18:22Z: Running job: sync
[2025-07-16 10:18:22Z INFO JobDispatcher] Start renew job request 0 for job ae26b95e-19d1-5015-a14d-771dbf61b4d3.
[2025-07-16 10:18:22Z INFO JobDispatcher] Successfully renew job ae26b95e-19d1-5015-a14d-771dbf61b4d3, job is valid till 16/07/2025 10:28:24
[2025-07-16 10:18:22Z INFO HostContext] Well known directory 'Bin': 'C:\salesforce-pre-sync\actions-runner\bin'
[2025-07-16 10:18:22Z INFO ProcessInvokerWrapper] Starting process:
[2025-07-16 10:18:22Z INFO ProcessInvokerWrapper]   File name: 'C:\salesforce-pre-sync\actions-runner\bin\Runner.Worker.exe'
[2025-07-16 10:18:22Z INFO ProcessInvokerWrapper]   Arguments: 'spawnclient 2488 2504'
[2025-07-16 10:18:22Z INFO ProcessInvokerWrapper]   Working directory: 'C:\salesforce-pre-sync\actions-runner\bin'
[2025-07-16 10:18:22Z INFO ProcessInvokerWrapper]   Require exit code zero: 'False'
[2025-07-16 10:18:22Z INFO ProcessInvokerWrapper]   Encoding web name:  ; code page: ''
[2025-07-16 10:18:22Z INFO ProcessInvokerWrapper]   Force kill process on cancellation: 'True'
[2025-07-16 10:18:22Z INFO ProcessInvokerWrapper]   Redirected STDIN: 'False'
[2025-07-16 10:18:22Z INFO ProcessInvokerWrapper]   Persist current code page: 'False'
[2025-07-16 10:18:22Z INFO ProcessInvokerWrapper]   Keep redirected STDIN open: 'False'
[2025-07-16 10:18:22Z INFO ProcessInvokerWrapper]   High priority process: 'True'
[2025-07-16 10:18:22Z INFO ProcessInvokerWrapper] Process started with process id 3972, waiting for process exit.
[2025-07-16 10:18:22Z INFO JobDispatcher] Send job request message to worker for job ae26b95e-19d1-5015-a14d-771dbf61b4d3.
[2025-07-16 10:18:22Z INFO ProcessChannel] Sending message of length 18746, with hash '93fbe128b1bdef33cf44850b2f64cfc84018e0ae2de9b5cdf73646686732fd32'
[2025-07-16 10:18:23Z INFO JobNotification] Entering JobStarted Notification
[2025-07-16 10:18:23Z INFO JobNotification] Entering StartMonitor
[2025-07-16 10:18:44Z INFO ProcessInvokerWrapper] STDOUT/STDERR stream read finished.
[2025-07-16 10:18:44Z INFO ProcessInvokerWrapper] STDOUT/STDERR stream read finished.
[2025-07-16 10:18:44Z INFO ProcessInvokerWrapper] Finished process 3972 with exit code 102, and elapsed time 00:00:21.5705808.
[2025-07-16 10:18:44Z INFO JobDispatcher] Worker finished for job ae26b95e-19d1-5015-a14d-771dbf61b4d3. Code: 102
[2025-07-16 10:18:44Z INFO JobDispatcher] finish job request for job ae26b95e-19d1-5015-a14d-771dbf61b4d3 with result: Failed
[2025-07-16 10:18:44Z INFO Terminal] WRITE LINE: 2025-07-16 10:18:44Z: Job sync completed with result: Failed
[2025-07-16 10:18:44Z INFO JobDispatcher] Stop renew job request for job ae26b95e-19d1-5015-a14d-771dbf61b4d3.
[2025-07-16 10:18:44Z INFO JobDispatcher] job renew has been cancelled, stop renew job ae26b95e-19d1-5015-a14d-771dbf61b4d3.
[2025-07-16 10:18:44Z INFO JobNotification] Entering JobCompleted Notification
[2025-07-16 10:18:44Z INFO JobNotification] Entering EndMonitor
[2025-07-16 10:18:44Z INFO BrokerMessageListener] Received job status event. JobState: Online
[2025-07-16 10:18:44Z WARN GitHubActionsService] GET request to https://broker.actions.githubusercontent.com/message?sessionId=152fef9d-9034-4f95-b1b6-5d7ae1bb850d&status=Busy&runnerVersion=2.326.0&os=Windows&architecture=X64&disableUpdate=false has been cancelled.
[2025-07-16 10:18:44Z ERR  BrokerServer] Catch exception during request
[2025-07-16 10:18:44Z ERR  BrokerServer] System.Threading.Tasks.TaskCanceledException: The operation was canceled.
 ---> System.Threading.Tasks.TaskCanceledException: The operation was canceled.
 ---> System.IO.IOException: Unable to read data from the transport connection: La operación de E/S se anuló por una salida de subproceso o por una solicitud de aplicación..
 ---> System.Net.Sockets.SocketException (995): La operación de E/S se anuló por una salida de subproceso o por una solicitud de aplicación.
   --- End of inner exception stack trace ---
   at System.Net.Sockets.Socket.AwaitableSocketAsyncEventArgs.ThrowException(SocketError error, CancellationToken cancellationToken)
   at System.Net.Sockets.Socket.AwaitableSocketAsyncEventArgs.System.Threading.Tasks.Sources.IValueTaskSource<System.Int32>.GetResult(Int16 token)
   at System.Net.Security.SslStream.EnsureFullTlsFrameAsync[TIOAdapter](CancellationToken cancellationToken, Int32 estimatedSize)
   at System.Runtime.CompilerServices.PoolingAsyncValueTaskMethodBuilder`1.StateMachineBox`1.System.Threading.Tasks.Sources.IValueTaskSource<TResult>.GetResult(Int16 token)
   at System.Net.Security.SslStream.ReadAsyncInternal[TIOAdapter](Memory`1 buffer, CancellationToken cancellationToken)
   at System.Runtime.CompilerServices.PoolingAsyncValueTaskMethodBuilder`1.StateMachineBox`1.System.Threading.Tasks.Sources.IValueTaskSource<TResult>.GetResult(Int16 token)
   at System.Net.Http.HttpConnection.SendAsync(HttpRequestMessage request, Boolean async, CancellationToken cancellationToken)
   --- End of inner exception stack trace ---
   at System.Net.Http.HttpConnection.SendAsync(HttpRequestMessage request, Boolean async, CancellationToken cancellationToken)
   at System.Net.Http.AuthenticationHelper.SendWithNtAuthAsync(HttpRequestMessage request, Uri authUri, Boolean async, ICredentials credentials, Boolean isProxyAuth, HttpConnection connection, HttpConnectionPool connectionPool, CancellationToken cancellationToken)
   at System.Net.Http.HttpConnectionPool.SendWithVersionDetectionAndRetryAsync(HttpRequestMessage request, Boolean async, Boolean doRequestAuth, CancellationToken cancellationToken)
   at System.Net.Http.AuthenticationHelper.SendWithAuthAsync(HttpRequestMessage request, Uri authUri, Boolean async, ICredentials credentials, Boolean preAuthenticate, Boolean isProxyAuth, Boolean doRequestAuth, HttpConnectionPool pool, CancellationToken cancellationToken)
   at System.Net.Http.RedirectHandler.SendAsync(HttpRequestMessage request, Boolean async, CancellationToken cancellationToken)
   at GitHub.Services.Common.RawHttpMessageHandler.SendAsync(HttpRequestMessage request, CancellationToken cancellationToken)
   at GitHub.Services.Common.VssHttpRetryMessageHandler.SendAsync(HttpRequestMessage request, CancellationToken cancellationToken)
   at System.Net.Http.HttpClient.<SendAsync>g__Core|83_0(HttpRequestMessage request, HttpCompletionOption completionOption, CancellationTokenSource cts, Boolean disposeCts, CancellationTokenSource pendingRequestsCts, CancellationToken originalCancellationToken)
   --- End of inner exception stack trace ---
   at System.Net.Http.HttpClient.HandleFailure(Exception e, Boolean telemetryStarted, HttpResponseMessage response, CancellationTokenSource cts, CancellationToken cancellationToken, CancellationTokenSource pendingRequestsCts)
   at System.Net.Http.HttpClient.<SendAsync>g__Core|83_0(HttpRequestMessage request, HttpCompletionOption completionOption, CancellationTokenSource cts, Boolean disposeCts, CancellationTokenSource pendingRequestsCts, CancellationToken originalCancellationToken)
   at Sdk.WebApi.WebApi.RawHttpClientBase.SendAsync(HttpRequestMessage message, HttpCompletionOption completionOption, Object userState, CancellationToken cancellationToken)
   at Sdk.WebApi.WebApi.RawHttpClientBase.SendAsync[T](HttpRequestMessage message, Boolean readErrorBody, Object userState, CancellationToken cancellationToken)
   at Sdk.WebApi.WebApi.RawHttpClientBase.SendAsync[T](HttpMethod method, IEnumerable`1 additionalHeaders, Uri requestUri, HttpContent content, IEnumerable`1 queryParameters, Boolean readErrorBody, Object userState, CancellationToken cancellationToken)
   at GitHub.Actions.RunService.WebApi.BrokerHttpClient.GetRunnerMessageAsync(Nullable`1 sessionId, String runnerVersion, Nullable`1 status, String os, String architecture, Nullable`1 disableUpdate, CancellationToken cancellationToken)
   at GitHub.Runner.Common.BrokerServer.<>c__DisplayClass7_0.<<GetRunnerMessageAsync>b__0>d.MoveNext()
--- End of stack trace from previous location ---
   at GitHub.Runner.Common.RunnerService.RetryRequest[T](Func`1 func, CancellationToken cancellationToken, Int32 maxRetryAttemptsCount, Func`2 shouldRetry)
[2025-07-16 10:18:44Z ERR  BrokerServer] #####################################################
[2025-07-16 10:18:44Z ERR  BrokerServer] System.Threading.Tasks.TaskCanceledException: The operation was canceled.
 ---> System.IO.IOException: Unable to read data from the transport connection: La operación de E/S se anuló por una salida de subproceso o por una solicitud de aplicación..
 ---> System.Net.Sockets.SocketException (995): La operación de E/S se anuló por una salida de subproceso o por una solicitud de aplicación.
   --- End of inner exception stack trace ---
   at System.Net.Sockets.Socket.AwaitableSocketAsyncEventArgs.ThrowException(SocketError error, CancellationToken cancellationToken)
   at System.Net.Sockets.Socket.AwaitableSocketAsyncEventArgs.System.Threading.Tasks.Sources.IValueTaskSource<System.Int32>.GetResult(Int16 token)
   at System.Net.Security.SslStream.EnsureFullTlsFrameAsync[TIOAdapter](CancellationToken cancellationToken, Int32 estimatedSize)
   at System.Runtime.CompilerServices.PoolingAsyncValueTaskMethodBuilder`1.StateMachineBox`1.System.Threading.Tasks.Sources.IValueTaskSource<TResult>.GetResult(Int16 token)
   at System.Net.Security.SslStream.ReadAsyncInternal[TIOAdapter](Memory`1 buffer, CancellationToken cancellationToken)
   at System.Runtime.CompilerServices.PoolingAsyncValueTaskMethodBuilder`1.StateMachineBox`1.System.Threading.Tasks.Sources.IValueTaskSource<TResult>.GetResult(Int16 token)
   at System.Net.Http.HttpConnection.SendAsync(HttpRequestMessage request, Boolean async, CancellationToken cancellationToken)
   --- End of inner exception stack trace ---
   at System.Net.Http.HttpConnection.SendAsync(HttpRequestMessage request, Boolean async, CancellationToken cancellationToken)
   at System.Net.Http.AuthenticationHelper.SendWithNtAuthAsync(HttpRequestMessage request, Uri authUri, Boolean async, ICredentials credentials, Boolean isProxyAuth, HttpConnection connection, HttpConnectionPool connectionPool, CancellationToken cancellationToken)
   at System.Net.Http.HttpConnectionPool.SendWithVersionDetectionAndRetryAsync(HttpRequestMessage request, Boolean async, Boolean doRequestAuth, CancellationToken cancellationToken)
   at System.Net.Http.AuthenticationHelper.SendWithAuthAsync(HttpRequestMessage request, Uri authUri, Boolean async, ICredentials credentials, Boolean preAuthenticate, Boolean isProxyAuth, Boolean doRequestAuth, HttpConnectionPool pool, CancellationToken cancellationToken)
   at System.Net.Http.RedirectHandler.SendAsync(HttpRequestMessage request, Boolean async, CancellationToken cancellationToken)
   at GitHub.Services.Common.RawHttpMessageHandler.SendAsync(HttpRequestMessage request, CancellationToken cancellationToken)
   at GitHub.Services.Common.VssHttpRetryMessageHandler.SendAsync(HttpRequestMessage request, CancellationToken cancellationToken)
   at System.Net.Http.HttpClient.<SendAsync>g__Core|83_0(HttpRequestMessage request, HttpCompletionOption completionOption, CancellationTokenSource cts, Boolean disposeCts, CancellationTokenSource pendingRequestsCts, CancellationToken originalCancellationToken)
[2025-07-16 10:18:44Z ERR  BrokerServer] #####################################################
[2025-07-16 10:18:44Z ERR  BrokerServer] System.IO.IOException: Unable to read data from the transport connection: La operación de E/S se anuló por una salida de subproceso o por una solicitud de aplicación..
 ---> System.Net.Sockets.SocketException (995): La operación de E/S se anuló por una salida de subproceso o por una solicitud de aplicación.
   --- End of inner exception stack trace ---
   at System.Net.Sockets.Socket.AwaitableSocketAsyncEventArgs.ThrowException(SocketError error, CancellationToken cancellationToken)
   at System.Net.Sockets.Socket.AwaitableSocketAsyncEventArgs.System.Threading.Tasks.Sources.IValueTaskSource<System.Int32>.GetResult(Int16 token)
   at System.Net.Security.SslStream.EnsureFullTlsFrameAsync[TIOAdapter](CancellationToken cancellationToken, Int32 estimatedSize)
   at System.Runtime.CompilerServices.PoolingAsyncValueTaskMethodBuilder`1.StateMachineBox`1.System.Threading.Tasks.Sources.IValueTaskSource<TResult>.GetResult(Int16 token)
   at System.Net.Security.SslStream.ReadAsyncInternal[TIOAdapter](Memory`1 buffer, CancellationToken cancellationToken)
   at System.Runtime.CompilerServices.PoolingAsyncValueTaskMethodBuilder`1.StateMachineBox`1.System.Threading.Tasks.Sources.IValueTaskSource<TResult>.GetResult(Int16 token)
   at System.Net.Http.HttpConnection.SendAsync(HttpRequestMessage request, Boolean async, CancellationToken cancellationToken)
[2025-07-16 10:18:44Z ERR  BrokerServer] #####################################################
[2025-07-16 10:18:44Z ERR  BrokerServer] System.Net.Sockets.SocketException (995): La operación de E/S se anuló por una salida de subproceso o por una solicitud de aplicación.
[2025-07-16 10:18:44Z WARN BrokerServer] Back off 5,749 seconds before next retry. 4 attempt left.
[2025-07-16 10:18:44Z INFO BrokerMessageListener] Get messages has been cancelled using local token source. Continue to get messages with new status.
[2025-07-16 10:20:00Z INFO ConfigurationStore] HasCredentials()
[2025-07-16 10:20:00Z INFO ConfigurationStore] stored True
[2025-07-16 10:20:00Z INFO CredentialManager] GetCredentialProvider
[2025-07-16 10:20:00Z INFO CredentialManager] Creating type OAuth
[2025-07-16 10:20:00Z INFO CredentialManager] Creating credential type: OAuth
[2025-07-16 10:20:00Z INFO RSAEncryptedFileKeyManager] Loading RSA key parameters from file C:\salesforce-pre-sync\actions-runner\.credentials_rsaparams
[2025-07-16 10:20:00Z INFO RSAEncryptedFileKeyManager] Loading RSA key parameters from file C:\salesforce-pre-sync\actions-runner\.credentials_rsaparams
[2025-07-16 10:20:00Z INFO RSAEncryptedFileKeyManager] Loading RSA key parameters from file C:\salesforce-pre-sync\actions-runner\.credentials_rsaparams
[2025-07-16 10:20:01Z INFO GitHubActionsService] AAD Correlation ID for this token request: Unknown
[2025-07-16 10:20:02Z INFO JobDispatcher] Job request 0 for plan 059153f5-7a2c-4656-b261-dbd2fd7752bb job e9dc8d4a-fa0f-54f5-a59e-1eed5a5fdd9b received.
[2025-07-16 10:20:02Z INFO BrokerMessageListener] Received job status event. JobState: Busy
[2025-07-16 10:20:02Z INFO BrokerMessageListener] _getMessagesTokenSource is already disposed.
[2025-07-16 10:20:02Z INFO JobDispatcher] Job request ae26b95e-19d1-5015-a14d-771dbf61b4d3 processed succeed.
[2025-07-16 10:20:02Z INFO Terminal] WRITE LINE: 2025-07-16 10:20:02Z: Running job: sync
