[2025-07-16 10:21:53Z INFO HostContext] No proxy settings were found based on environmental variables (http_proxy/https_proxy/HTTP_PROXY/HTTPS_PROXY)
[2025-07-16 10:21:53Z INFO HostContext] Well known directory 'Bin': 'C:\salesforce-pre-sync\actions-runner\bin'
[2025-07-16 10:21:53Z INFO HostContext] Well known directory 'Root': 'C:\salesforce-pre-sync\actions-runner'
[2025-07-16 10:21:53Z INFO HostContext] Well known config file 'Credentials': 'C:\salesforce-pre-sync\actions-runner\.credentials'
[2025-07-16 10:21:54Z INFO HostContext] Well known directory 'Bin': 'C:\salesforce-pre-sync\actions-runner\bin'
[2025-07-16 10:21:54Z INFO HostContext] Well known directory 'Root': 'C:\salesforce-pre-sync\actions-runner'
[2025-07-16 10:21:54Z INFO HostContext] Well known config file 'Runner': 'C:\salesforce-pre-sync\actions-runner\.runner'
[2025-07-16 10:21:54Z INFO Worker] Version: 2.326.0
[2025-07-16 10:21:54Z INFO Worker] Commit: de0233c4d64676d8ebd16074221ae1e0e0bf2a13
[2025-07-16 10:21:54Z INFO Worker] Culture: es-ES
[2025-07-16 10:21:54Z INFO Worker] UI Culture: es-ES
[2025-07-16 10:21:54Z INFO Worker] Waiting to receive the job message from the channel.
[2025-07-16 10:21:54Z INFO ProcessChannel] Receiving message of length 18746, with hash '81fd4dacb6d4573c60530dbc9f4eb17ee2caaf9be854669d57d2b8f9cbc1ec96'
[2025-07-16 10:21:54Z INFO Worker] Message received.
[2025-07-16 10:21:54Z INFO Worker] Job message:
 {
  "fileTable": [
    ".github/workflows/sync.yml"
  ],
  "mask": [
    {
      "type": "regex",
      "value": "***"
    },
    {
      "type": "regex",
      "value": "***"
    },
    {
      "type": "regex",
      "value": "***"
    },
    {
      "type": "regex",
      "value": "***"
    },
    {
      "type": "regex",
      "value": "***"
    },
    {
      "type": "regex",
      "value": "***"
    },
    {
      "type": "regex",
      "value": "***"
    },
    {
      "type": "regex",
      "value": "***"
    },
    {
      "type": "regex",
      "value": "***"
    },
    {
      "type": "regex",
      "value": "***"
    },
    {
      "type": "regex",
      "value": "***"
    },
    {
      "type": "regex",
      "value": "***"
    },
    {
      "type": "regex",
      "value": "***"
    },
    {
      "type": "regex",
      "value": "***"
    },
    {
      "type": "regex",
      "value": "***"
    },
    {
      "type": "regex",
      "value": "***"
    },
    {
      "type": "regex",
      "value": "***"
    },
    {
      "type": "regex",
      "value": "***"
    }
  ],
  "steps": [
    {
      "type": "action",
      "reference": {
        "type": "repository",
        "name": "actions/checkout",
        "ref": "v3",
        "repositoryType": "GitHub"
      },
      "displayNameToken": {
        "type": 0,
        "file": 1,
        "line": 13,
        "col": 15,
        "lit": "Checkout code"
      },
      "contextName": "__actions_checkout",
      "condition": "success()",
      "id": "7313e051-e88a-470d-92ee-a9f61e00dc82",
      "name": "__actions_checkout"
    },
    {
      "type": "action",
      "reference": {
        "type": "script"
      },
      "displayNameToken": {
        "type": 0,
        "file": 1,
        "line": 16,
        "col": 15,
        "lit": "Authenticate Salesforce Org"
      },
      "contextName": "__run",
      "inputs": {
        "type": 2,
        "map": [
          {
            "key": "script",
            "value": {
              "type": 3,
              "file": 1,
              "line": 17,
              "col": 14,
              "expr": "format('echo \"{0}\" > auth.txt\nsfdx auth:sfdxurl:store -f auth.txt -a PRE\n', secrets.SF_AUTH_URL)"
            }
          }
        ]
      },
      "condition": "success()",
      "id": "668011f3-f141-4b33-b2a9-22241a626496",
      "name": "__run"
    },
    {
      "type": "action",
      "reference": {
        "type": "script"
      },
      "displayNameToken": {
        "type": 0,
        "file": 1,
        "line": 21,
        "col": 15,
        "lit": "Retrieve metadata from Salesforce"
      },
      "contextName": "__run_2",
      "inputs": {
        "type": 2,
        "map": [
          {
            "key": "script",
            "value": {
              "type": 0,
              "file": 1,
              "line": 22,
              "col": 14,
              "lit": "mkdir -p force-app\nsfdx force:source:retrieve -x manifest/package.xml -u PRE\n"
            }
          }
        ]
      },
      "condition": "success()",
      "id": "4d65043d-64b6-41cc-887c-f3761347ddee",
      "name": "__run_2"
    },
    {
      "type": "action",
      "reference": {
        "type": "script"
      },
      "displayNameToken": {
        "type": 0,
        "file": 1,
        "line": 26,
        "col": 15,
        "lit": "Commit and push changes"
      },
      "contextName": "__run_3",
      "inputs": {
        "type": 2,
        "map": [
          {
            "key": "script",
            "value": {
              "type": 0,
              "file": 1,
              "line": 27,
              "col": 14,
              "lit": "git config --global user.email \"bot@example.com\"\ngit config --global user.name \"Salesforce Sync Bot\"\ngit add .\ngit diff --cached --quiet || git commit -m \"Sync from PRE $(date)\"\ngit push\n"
            }
          }
        ]
      },
      "condition": "success()",
      "id": "4d06ce2d-a88f-42e2-ba61-487facd90d24",
      "name": "__run_3"
    }
  ],
  "variables": {
    "Actions.EnableHttpRedirects": {
      "value": "true"
    },
    "DistributedTask.AddWarningToNode12Action": {
      "value": "true"
    },
    "DistributedTask.AddWarningToNode16Action": {
      "value": "true"
    },
    "DistributedTask.AllowRunnerContainerHooks": {
      "value": "true"
    },
    "DistributedTask.DeprecateStepOutputCommands": {
      "value": "true"
    },
    "DistributedTask.DetailUntarFailure": {
      "value": "true"
    },
    "DistributedTask.EnableCompositeActions": {
      "value": "true"
    },
    "DistributedTask.EnableJobServerQueueTelemetry": {
      "value": "true"
    },
    "DistributedTask.EnhancedAnnotations": {
      "value": "true"
    },
    "DistributedTask.ForceGithubJavascriptActionsToNode16": {
      "value": "true"
    },
    "DistributedTask.ForceGithubJavascriptActionsToNode20": {
      "value": "true"
    },
    "DistributedTask.LogTemplateErrorsAsDebugMessages": {
      "value": "true"
    },
    "DistributedTask.MarkJobAsFailedOnWorkerCrash": {
      "value": "true"
    },
    "DistributedTask.NewActionMetadata": {
      "value": "true"
    },
    "DistributedTask.UploadStepSummary": {
      "value": "true"
    },
    "DistributedTask.UseActionArchiveCache": {
      "value": "true"
    },
    "DistributedTask.UseWhich2": {
      "value": "true"
    },
    "RunService.FixEmbeddedIssues": {
      "value": "true"
    },
    "SF_AUTH_URL": {
      "value": "***",
      "isSecret": true
    },
    "actions_add_check_run_id_to_job_context": {
      "value": "false"
    },
    "actions_display_helpful_actions_download_errors": {
      "value": "true"
    },
    "actions_skip_retry_complete_job_upon_known_errors": {
      "value": "true"
    },
    "actions_uses_cache_service_v2": {
      "value": "true"
    },
    "github_token": {
      "value": "***",
      "isSecret": true
    },
    "system.from_run_service": {
      "value": "true"
    },
    "system.github.job": {
      "value": "sync"
    },
    "system.github.launch_endpoint": {
      "value": "https://launch.actions.githubusercontent.com"
    },
    "system.github.results_endpoint": {
      "value": "https://results-receiver.actions.githubusercontent.com/"
    },
    "system.github.results_upload_with_sdk": {
      "value": "true"
    },
    "system.github.token": {
      "value": "***",
      "isSecret": true
    },
    "system.github.token.permissions": {
      "value": "{\"Actions\":\"write\",\"Attestations\":\"write\",\"Checks\":\"write\",\"Contents\":\"write\",\"Deployments\":\"write\",\"Discussions\":\"write\",\"Issues\":\"write\",\"Metadata\":\"read\",\"Models\":\"read\",\"Packages\":\"write\",\"Pages\":\"write\",\"PullRequests\":\"write\",\"RepositoryProjects\":\"write\",\"SecurityEvents\":\"write\",\"Statuses\":\"write\"}"
    },
    "system.orchestrationId": {
      "value": "059153f5-7a2c-4656-b261-dbd2fd7752bb.sync.__default"
    },
    "system.phaseDisplayName": {
      "value": "sync"
    },
    "system.runner.lowdiskspacethreshold": {
      "value": "100"
    },
    "system.runnerEnvironment": {
      "value": "self-hosted"
    },
    "system.runnerGroupName": {
      "value": "Default"
    }
  },
  "messageType": "RunnerJobRequest",
  "plan": {
    "scopeIdentifier": "00000000-0000-0000-0000-000000000000",
    "planType": "actions",
    "version": 0,
    "planId": "059153f5-7a2c-4656-b261-dbd2fd7752bb",
    "planGroup": null,
    "artifactUri": null,
    "artifactLocation": null,
    "definition": null,
    "owner": null
  },
  "timeline": {
    "id": "059153f5-7a2c-4656-b261-dbd2fd7752bb",
    "changeId": 0,
    "location": null
  },
  "jobId": "e9dc8d4a-fa0f-54f5-a59e-1eed5a5fdd9b",
  "jobDisplayName": "sync",
  "jobName": "__default",
  "requestId": 0,
  "lockedUntil": "0001-01-01T00:00:00",
  "resources": {
    "endpoints": [
      {
        "data": {
          "ServerId": "",
          "ServerName": "",
          "CacheServerUrl": "https://artifactcache.actions.githubusercontent.com/x7356iyVm9kpWE8yzw7AR8gvmToSsHs9pLcxV0eas7qMGTpW3B/",
          "FeedStreamUrl": "wss://results-receiver.actions.githubusercontent.com/_ws/ingest.sock",
          "ResultsServiceUrl": "https://results-receiver.actions.githubusercontent.com/",
          "PipelinesServiceUrl": "https://pipelinesghubeus10.actions.githubusercontent.com/x7356iyVm9kpWE8yzw7AR8gvmToSsHs9pLcxV0eas7qMGTpW3B/",
          "GenerateIdTokenUrl": ""
        },
        "name": "SystemVssConnection",
        "url": "https://run-actions-2-azure-eastus.actions.githubusercontent.com/72/",
        "authorization": {
          "parameters": {
            "AccessToken": "***"
          },
          "scheme": "OAuth"
        },
        "isShared": false,
        "isReady": true
      }
    ]
  },
  "contextData": {
    "github": {
      "t": 2,
      "d": [
        {
          "k": "ref",
          "v": "refs/heads/main"
        },
        {
          "k": "sha",
          "v": "c5e56a5ca83881e09bdef5ee69fbd918248bc61c"
        },
        {
          "k": "repository",
          "v": "soporteoaci/salesforce-pre-sync"
        },
        {
          "k": "repository_owner",
          "v": "soporteoaci"
        },
        {
          "k": "repository_owner_id",
          "v": "221091634"
        },
        {
          "k": "repositoryUrl",
          "v": "git://github.com/soporteoaci/salesforce-pre-sync.git"
        },
        {
          "k": "run_id",
          "v": "16316850312"
        },
        {
          "k": "run_number",
          "v": "8"
        },
        {
          "k": "retention_days",
          "v": "90"
        },
        {
          "k": "run_attempt",
          "v": "1"
        },
        {
          "k": "artifact_cache_size_limit",
          "v": "10"
        },
        {
          "k": "repository_visibility",
          "v": "public"
        },
        {
          "k": "actor_id",
          "v": "221091634"
        },
        {
          "k": "actor",
          "v": "soporteoaci"
        },
        {
          "k": "workflow",
          "v": "Sync Salesforce PRE with GitHub"
        },
        {
          "k": "head_ref",
          "v": ""
        },
        {
          "k": "base_ref",
          "v": ""
        },
        {
          "k": "event_name",
          "v": "workflow_dispatch"
        },
        {
          "k": "server_url",
          "v": "https://github.com"
        },
        {
          "k": "api_url",
          "v": "https://api.github.com"
        },
        {
          "k": "graphql_url",
          "v": "https://api.github.com/graphql"
        },
        {
          "k": "ref_name",
          "v": "main"
        },
        {
          "k": "ref_protected",
          "v": false
        },
        {
          "k": "ref_type",
          "v": "branch"
        },
        {
          "k": "secret_source",
          "v": "Actions"
        },
        {
          "k": "event",
          "v": {
            "t": 2,
            "d": [
              {
                "k": "inputs",
                "v": null
              },
              {
                "k": "ref",
                "v": "refs/heads/main"
              },
              {
                "k": "repository",
                "v": {
                  "t": 2,
                  "d": [
                    {
                      "k": "allow_forking",
                      "v": true
                    },
                    {
                      "k": "archive_url",
                      "v": "https://api.github.com/repos/soporteoaci/salesforce-pre-sync/{archive_format}{/ref}"
                    },
                    {
                      "k": "archived",
                      "v": false
                    },
                    {
                      "k": "assignees_url",
                      "v": "https://api.github.com/repos/soporteoaci/salesforce-pre-sync/assignees{/user}"
                    },
                    {
                      "k": "blobs_url",
                      "v": "https://api.github.com/repos/soporteoaci/salesforce-pre-sync/git/blobs{/sha}"
                    },
                    {
                      "k": "branches_url",
                      "v": "https://api.github.com/repos/soporteoaci/salesforce-pre-sync/branches{/branch}"
                    },
                    {
                      "k": "clone_url",
                      "v": "https://github.com/soporteoaci/salesforce-pre-sync.git"
                    },
                    {
                      "k": "collaborators_url",
                      "v": "https://api.github.com/repos/soporteoaci/salesforce-pre-sync/collaborators{/collaborator}"
                    },
                    {
                      "k": "comments_url",
                      "v": "https://api.github.com/repos/soporteoaci/salesforce-pre-sync/comments{/number}"
                    },
                    {
                      "k": "commits_url",
                      "v": "https://api.github.com/repos/soporteoaci/salesforce-pre-sync/commits{/sha}"
                    },
                    {
                      "k": "compare_url",
                      "v": "https://api.github.com/repos/soporteoaci/salesforce-pre-sync/compare/{base}...{head}"
                    },
                    {
                      "k": "contents_url",
                      "v": "https://api.github.com/repos/soporteoaci/salesforce-pre-sync/contents/{+path}"
                    },
                    {
                      "k": "contributors_url",
                      "v": "https://api.github.com/repos/soporteoaci/salesforce-pre-sync/contributors"
                    },
                    {
                      "k": "created_at",
                      "v": "2025-07-16T08:41:37Z"
                    },
                    {
                      "k": "default_branch",
                      "v": "main"
                    },
                    {
                      "k": "deployments_url",
                      "v": "https://api.github.com/repos/soporteoaci/salesforce-pre-sync/deployments"
                    },
                    {
                      "k": "description",
                      "v": "salesforce-pre-sync"
                    },
                    {
                      "k": "disabled",
                      "v": false
                    },
                    {
                      "k": "downloads_url",
                      "v": "https://api.github.com/repos/soporteoaci/salesforce-pre-sync/downloads"
                    },
                    {
                      "k": "events_url",
                      "v": "https://api.github.com/repos/soporteoaci/salesforce-pre-sync/events"
                    },
                    {
                      "k": "fork",
                      "v": false
                    },
                    {
                      "k": "forks",
                      "v": 0.0
                    },
                    {
                      "k": "forks_count",
                      "v": 0.0
                    },
                    {
                      "k": "forks_url",
                      "v": "https://api.github.com/repos/soporteoaci/salesforce-pre-sync/forks"
                    },
                    {
                      "k": "full_name",
                      "v": "soporteoaci/salesforce-pre-sync"
                    },
                    {
                      "k": "git_commits_url",
                      "v": "https://api.github.com/repos/soporteoaci/salesforce-pre-sync/git/commits{/sha}"
                    },
                    {
                      "k": "git_refs_url",
                      "v": "https://api.github.com/repos/soporteoaci/salesforce-pre-sync/git/refs{/sha}"
                    },
                    {
                      "k": "git_tags_url",
                      "v": "https://api.github.com/repos/soporteoaci/salesforce-pre-sync/git/tags{/sha}"
                    },
                    {
                      "k": "git_url",
                      "v": "git://github.com/soporteoaci/salesforce-pre-sync.git"
                    },
                    {
                      "k": "has_discussions",
                      "v": false
                    },
                    {
                      "k": "has_downloads",
                      "v": true
                    },
                    {
                      "k": "has_issues",
                      "v": true
                    },
                    {
                      "k": "has_pages",
                      "v": false
                    },
                    {
                      "k": "has_projects",
                      "v": true
                    },
                    {
                      "k": "has_wiki",
                      "v": true
                    },
                    {
                      "k": "homepage",
                      "v": null
                    },
                    {
                      "k": "hooks_url",
                      "v": "https://api.github.com/repos/soporteoaci/salesforce-pre-sync/hooks"
                    },
                    {
                      "k": "html_url",
                      "v": "https://github.com/soporteoaci/salesforce-pre-sync"
                    },
                    {
                      "k": "id",
                      "v": 1020687527.0
                    },
                    {
                      "k": "is_template",
                      "v": false
                    },
                    {
                      "k": "issue_comment_url",
                      "v": "https://api.github.com/repos/soporteoaci/salesforce-pre-sync/issues/comments{/number}"
                    },
                    {
                      "k": "issue_events_url",
                      "v": "https://api.github.com/repos/soporteoaci/salesforce-pre-sync/issues/events{/number}"
                    },
                    {
                      "k": "issues_url",
                      "v": "https://api.github.com/repos/soporteoaci/salesforce-pre-sync/issues{/number}"
                    },
                    {
                      "k": "keys_url",
                      "v": "https://api.github.com/repos/soporteoaci/salesforce-pre-sync/keys{/key_id}"
                    },
                    {
                      "k": "labels_url",
                      "v": "https://api.github.com/repos/soporteoaci/salesforce-pre-sync/labels{/name}"
                    },
                    {
                      "k": "language",
                      "v": "JavaScript"
                    },
                    {
                      "k": "languages_url",
                      "v": "https://api.github.com/repos/soporteoaci/salesforce-pre-sync/languages"
                    },
                    {
                      "k": "license",
                      "v": null
                    },
                    {
                      "k": "merges_url",
                      "v": "https://api.github.com/repos/soporteoaci/salesforce-pre-sync/merges"
                    },
                    {
                      "k": "milestones_url",
                      "v": "https://api.github.com/repos/soporteoaci/salesforce-pre-sync/milestones{/number}"
                    },
                    {
                      "k": "mirror_url",
                      "v": null
                    },
                    {
                      "k": "name",
                      "v": "salesforce-pre-sync"
                    },
                    {
                      "k": "node_id",
                      "v": "R_kgDOPNZ0pw"
                    },
                    {
                      "k": "notifications_url",
                      "v": "https://api.github.com/repos/soporteoaci/salesforce-pre-sync/notifications{?since,all,participating}"
                    },
                    {
                      "k": "open_issues",
                      "v": 0.0
                    },
                    {
                      "k": "open_issues_count",
                      "v": 0.0
                    },
                    {
                      "k": "owner",
                      "v": {
                        "t": 2,
                        "d": [
                          {
                            "k": "avatar_url",
                            "v": "https://avatars.githubusercontent.com/u/221091634?v=4"
                          },
                          {
                            "k": "events_url",
                            "v": "https://api.github.com/users/soporteoaci/events{/privacy}"
                          },
                          {
                            "k": "followers_url",
                            "v": "https://api.github.com/users/soporteoaci/followers"
                          },
                          {
                            "k": "following_url",
                            "v": "https://api.github.com/users/soporteoaci/following{/other_user}"
                          },
                          {
                            "k": "gists_url",
                            "v": "https://api.github.com/users/soporteoaci/gists{/gist_id}"
                          },
                          {
                            "k": "gravatar_id",
                            "v": ""
                          },
                          {
                            "k": "html_url",
                            "v": "https://github.com/soporteoaci"
                          },
                          {
                            "k": "id",
                            "v": 221091634.0
                          },
                          {
                            "k": "login",
                            "v": "soporteoaci"
                          },
                          {
                            "k": "node_id",
                            "v": "U_kgDODS2XMg"
                          },
                          {
                            "k": "organizations_url",
                            "v": "https://api.github.com/users/soporteoaci/orgs"
                          },
                          {
                            "k": "received_events_url",
                            "v": "https://api.github.com/users/soporteoaci/received_events"
                          },
                          {
                            "k": "repos_url",
                            "v": "https://api.github.com/users/soporteoaci/repos"
                          },
                          {
                            "k": "site_admin",
                            "v": false
                          },
                          {
                            "k": "starred_url",
                            "v": "https://api.github.com/users/soporteoaci/starred{/owner}{/repo}"
                          },
                          {
                            "k": "subscriptions_url",
                            "v": "https://api.github.com/users/soporteoaci/subscriptions"
                          },
                          {
                            "k": "type",
                            "v": "User"
                          },
                          {
                            "k": "url",
                            "v": "https://api.github.com/users/soporteoaci"
                          },
                          {
                            "k": "user_view_type",
                            "v": "public"
                          }
                        ]
                      }
                    },
                    {
                      "k": "private",
                      "v": false
                    },
                    {
                      "k": "pulls_url",
                      "v": "https://api.github.com/repos/soporteoaci/salesforce-pre-sync/pulls{/number}"
                    },
                    {
                      "k": "pushed_at",
                      "v": "2025-07-16T10:17:28Z"
                    },
                    {
                      "k": "releases_url",
                      "v": "https://api.github.com/repos/soporteoaci/salesforce-pre-sync/releases{/id}"
                    },
                    {
                      "k": "size",
                      "v": 122905.0
                    },
                    {
                      "k": "ssh_url",
                      "v": "git@github.com:soporteoaci/salesforce-pre-sync.git"
                    },
                    {
                      "k": "stargazers_count",
                      "v": 0.0
                    },
                    {
                      "k": "stargazers_url",
                      "v": "https://api.github.com/repos/soporteoaci/salesforce-pre-sync/stargazers"
                    },
                    {
                      "k": "statuses_url",
                      "v": "https://api.github.com/repos/soporteoaci/salesforce-pre-sync/statuses/{sha}"
                    },
                    {
                      "k": "subscribers_url",
                      "v": "https://api.github.com/repos/soporteoaci/salesforce-pre-sync/subscribers"
                    },
                    {
                      "k": "subscription_url",
                      "v": "https://api.github.com/repos/soporteoaci/salesforce-pre-sync/subscription"
                    },
                    {
                      "k": "svn_url",
                      "v": "https://github.com/soporteoaci/salesforce-pre-sync"
                    },
                    {
                      "k": "tags_url",
                      "v": "https://api.github.com/repos/soporteoaci/salesforce-pre-sync/tags"
                    },
                    {
                      "k": "teams_url",
                      "v": "https://api.github.com/repos/soporteoaci/salesforce-pre-sync/teams"
                    },
                    {
                      "k": "topics",
                      "v": {
                        "t": 1
                      }
                    },
                    {
                      "k": "trees_url",
                      "v": "https://api.github.com/repos/soporteoaci/salesforce-pre-sync/git/trees{/sha}"
                    },
                    {
                      "k": "updated_at",
                      "v": "2025-07-16T10:17:33Z"
                    },
                    {
                      "k": "url",
                      "v": "https://api.github.com/repos/soporteoaci/salesforce-pre-sync"
                    },
                    {
                      "k": "visibility",
                      "v": "public"
                    },
                    {
                      "k": "watchers",
                      "v": 0.0
                    },
                    {
                      "k": "watchers_count",
                      "v": 0.0
                    },
                    {
                      "k": "web_commit_signoff_required",
                      "v": false
                    }
                  ]
                }
              },
              {
                "k": "sender",
                "v": {
                  "t": 2,
                  "d": [
                    {
                      "k": "avatar_url",
                      "v": "https://avatars.githubusercontent.com/u/221091634?v=4"
                    },
                    {
                      "k": "events_url",
                      "v": "https://api.github.com/users/soporteoaci/events{/privacy}"
                    },
                    {
                      "k": "followers_url",
                      "v": "https://api.github.com/users/soporteoaci/followers"
                    },
                    {
                      "k": "following_url",
                      "v": "https://api.github.com/users/soporteoaci/following{/other_user}"
                    },
                    {
                      "k": "gists_url",
                      "v": "https://api.github.com/users/soporteoaci/gists{/gist_id}"
                    },
                    {
                      "k": "gravatar_id",
                      "v": ""
                    },
                    {
                      "k": "html_url",
                      "v": "https://github.com/soporteoaci"
                    },
                    {
                      "k": "id",
                      "v": 221091634.0
                    },
                    {
                      "k": "login",
                      "v": "soporteoaci"
                    },
                    {
                      "k": "node_id",
                      "v": "U_kgDODS2XMg"
                    },
                    {
                      "k": "organizations_url",
                      "v": "https://api.github.com/users/soporteoaci/orgs"
                    },
                    {
                      "k": "received_events_url",
                      "v": "https://api.github.com/users/soporteoaci/received_events"
                    },
                    {
                      "k": "repos_url",
                      "v": "https://api.github.com/users/soporteoaci/repos"
                    },
                    {
                      "k": "site_admin",
                      "v": false
                    },
                    {
                      "k": "starred_url",
                      "v": "https://api.github.com/users/soporteoaci/starred{/owner}{/repo}"
                    },
                    {
                      "k": "subscriptions_url",
                      "v": "https://api.github.com/users/soporteoaci/subscriptions"
                    },
                    {
                      "k": "type",
                      "v": "User"
                    },
                    {
                      "k": "url",
                      "v": "https://api.github.com/users/soporteoaci"
                    },
                    {
                      "k": "user_view_type",
                      "v": "public"
                    }
                  ]
                }
              },
              {
                "k": "workflow",
                "v": ".github/workflows/sync.yml"
              }
            ]
          }
        },
        {
          "k": "workflow_ref",
          "v": "soporteoaci/salesforce-pre-sync/.github/workflows/sync.yml@refs/heads/main"
        },
        {
          "k": "workflow_sha",
          "v": "c5e56a5ca83881e09bdef5ee69fbd918248bc61c"
        },
        {
          "k": "repository_id",
          "v": "1020687527"
        },
        {
          "k": "triggering_actor",
          "v": "soporteoaci"
        }
      ]
    },
    "inputs": {
      "t": 2
    },
    "matrix": null,
    "needs": {
      "t": 2
    },
    "strategy": {
      "t": 2,
      "d": [
        {
          "k": "fail-fast",
          "v": true
        },
        {
          "k": "job-index",
          "v": 0.0
        },
        {
          "k": "job-total",
          "v": 1.0
        },
        {
          "k": "max-parallel",
          "v": 1.0
        }
      ]
    },
    "vars": {
      "t": 2
    }
  },
  "billingOwnerId": "U_kgDODS2XMg"
}
[2025-07-16 10:21:54Z INFO JobRunner] Job ID e9dc8d4a-fa0f-54f5-a59e-1eed5a5fdd9b
[2025-07-16 10:21:54Z INFO ConfigurationStore] currentAssemblyLocation: C:\salesforce-pre-sync\actions-runner\bin\Runner.Worker.dll
[2025-07-16 10:21:54Z INFO HostContext] Well known directory 'Bin': 'C:\salesforce-pre-sync\actions-runner\bin'
[2025-07-16 10:21:54Z INFO ConfigurationStore] binPath: C:\salesforce-pre-sync\actions-runner\bin
[2025-07-16 10:21:54Z INFO HostContext] Well known directory 'Bin': 'C:\salesforce-pre-sync\actions-runner\bin'
[2025-07-16 10:21:54Z INFO HostContext] Well known directory 'Root': 'C:\salesforce-pre-sync\actions-runner'
[2025-07-16 10:21:54Z INFO ConfigurationStore] RootFolder: C:\salesforce-pre-sync\actions-runner
[2025-07-16 10:21:54Z INFO HostContext] Well known directory 'Bin': 'C:\salesforce-pre-sync\actions-runner\bin'
[2025-07-16 10:21:54Z INFO HostContext] Well known directory 'Root': 'C:\salesforce-pre-sync\actions-runner'
[2025-07-16 10:21:54Z INFO HostContext] Well known config file 'Runner': 'C:\salesforce-pre-sync\actions-runner\.runner'
[2025-07-16 10:21:54Z INFO ConfigurationStore] ConfigFilePath: C:\salesforce-pre-sync\actions-runner\.runner
[2025-07-16 10:21:54Z INFO HostContext] Well known directory 'Bin': 'C:\salesforce-pre-sync\actions-runner\bin'
[2025-07-16 10:21:54Z INFO HostContext] Well known directory 'Root': 'C:\salesforce-pre-sync\actions-runner'
[2025-07-16 10:21:54Z INFO HostContext] Well known config file 'MigratedRunner': 'C:\salesforce-pre-sync\actions-runner\.runner_migrated'
[2025-07-16 10:21:54Z INFO ConfigurationStore] MigratedConfigFilePath: C:\salesforce-pre-sync\actions-runner\.runner_migrated
[2025-07-16 10:21:54Z INFO HostContext] Well known directory 'Bin': 'C:\salesforce-pre-sync\actions-runner\bin'
[2025-07-16 10:21:54Z INFO HostContext] Well known directory 'Root': 'C:\salesforce-pre-sync\actions-runner'
[2025-07-16 10:21:54Z INFO HostContext] Well known config file 'Credentials': 'C:\salesforce-pre-sync\actions-runner\.credentials'
[2025-07-16 10:21:54Z INFO ConfigurationStore] CredFilePath: C:\salesforce-pre-sync\actions-runner\.credentials
[2025-07-16 10:21:54Z INFO HostContext] Well known directory 'Bin': 'C:\salesforce-pre-sync\actions-runner\bin'
[2025-07-16 10:21:54Z INFO HostContext] Well known directory 'Root': 'C:\salesforce-pre-sync\actions-runner'
[2025-07-16 10:21:54Z INFO HostContext] Well known config file 'MigratedCredentials': 'C:\salesforce-pre-sync\actions-runner\.credentials_migrated'
[2025-07-16 10:21:54Z INFO ConfigurationStore] MigratedCredFilePath: C:\salesforce-pre-sync\actions-runner\.credentials_migrated
[2025-07-16 10:21:54Z INFO HostContext] Well known directory 'Bin': 'C:\salesforce-pre-sync\actions-runner\bin'
[2025-07-16 10:21:54Z INFO HostContext] Well known directory 'Root': 'C:\salesforce-pre-sync\actions-runner'
[2025-07-16 10:21:54Z INFO HostContext] Well known config file 'Service': 'C:\salesforce-pre-sync\actions-runner\.service'
[2025-07-16 10:21:54Z INFO ConfigurationStore] ServiceConfigFilePath: C:\salesforce-pre-sync\actions-runner\.service
[2025-07-16 10:21:54Z INFO ConfigurationStore] Read setting file: 410 chars
[2025-07-16 10:21:54Z INFO JobRunner] Initializing launch client
[2025-07-16 10:21:54Z INFO JobServerQueue] Initializing results client
[2025-07-16 10:21:54Z INFO ResultServer] Creating websocket client ...wss://results-receiver.actions.githubusercontent.com/_ws/ingest.sock
[2025-07-16 10:21:54Z INFO ResultServer] Attempting to start websocket client with delay 00:00:00.
[2025-07-16 10:21:54Z INFO JobServerQueue] Start process web console line queue.
[2025-07-16 10:21:54Z INFO JobServerQueue] Start process file upload queue.
[2025-07-16 10:21:54Z INFO JobServerQueue] Start results file upload queue.
[2025-07-16 10:21:54Z INFO JobServerQueue] Starting results-based upload queue...
[2025-07-16 10:21:54Z INFO JobServerQueue] Start process timeline update queue.
[2025-07-16 10:21:54Z INFO ExecutionContext] Initializing Job context
[2025-07-16 10:21:54Z INFO ExecutionContext] Initialize GitHub context
[2025-07-16 10:21:54Z INFO ExecutionContext] Initialize Env context
[2025-07-16 10:21:54Z INFO HostContext] Well known directory 'Bin': 'C:\salesforce-pre-sync\actions-runner\bin'
[2025-07-16 10:21:54Z INFO HostContext] Well known directory 'Root': 'C:\salesforce-pre-sync\actions-runner'
[2025-07-16 10:21:54Z INFO HostContext] Well known directory 'Diag': 'C:\salesforce-pre-sync\actions-runner\_diag'
[2025-07-16 10:21:54Z INFO HostContext] Well known directory 'Bin': 'C:\salesforce-pre-sync\actions-runner\bin'
[2025-07-16 10:21:54Z INFO HostContext] Well known directory 'Root': 'C:\salesforce-pre-sync\actions-runner'
[2025-07-16 10:21:54Z INFO HostContext] Well known directory 'Diag': 'C:\salesforce-pre-sync\actions-runner\_diag'
[2025-07-16 10:21:54Z INFO JobRunner] Starting the job execution context.
[2025-07-16 10:21:54Z INFO HostContext] Well known directory 'Bin': 'C:\salesforce-pre-sync\actions-runner\bin'
[2025-07-16 10:21:54Z INFO HostContext] Well known directory 'Root': 'C:\salesforce-pre-sync\actions-runner'
[2025-07-16 10:21:54Z INFO HostContext] Well known directory 'Work': 'C:\salesforce-pre-sync\actions-runner\_work'
[2025-07-16 10:21:54Z INFO JobRunner] Validating directory permissions for: 'C:\salesforce-pre-sync\actions-runner\_work'
[2025-07-16 10:21:54Z INFO HostContext] Well known directory 'Bin': 'C:\salesforce-pre-sync\actions-runner\bin'
[2025-07-16 10:21:54Z INFO HostContext] Well known directory 'Root': 'C:\salesforce-pre-sync\actions-runner'
[2025-07-16 10:21:54Z INFO HostContext] Well known directory 'Work': 'C:\salesforce-pre-sync\actions-runner\_work'
[2025-07-16 10:21:54Z INFO HostContext] Well known directory 'Tools': 'C:\salesforce-pre-sync\actions-runner\_work\_tool'
[2025-07-16 10:21:54Z INFO HostContext] Well known directory 'Bin': 'C:\salesforce-pre-sync\actions-runner\bin'
[2025-07-16 10:21:54Z INFO HostContext] Well known directory 'Root': 'C:\salesforce-pre-sync\actions-runner'
[2025-07-16 10:21:54Z INFO HostContext] Well known directory 'Work': 'C:\salesforce-pre-sync\actions-runner\_work'
[2025-07-16 10:21:54Z INFO HostContext] Well known directory 'Temp': 'C:\salesforce-pre-sync\actions-runner\_work\_temp'
[2025-07-16 10:21:54Z INFO JobRunner] Getting job extension.
[2025-07-16 10:21:54Z INFO JobRunner] Initialize job. Getting all job steps.
[2025-07-16 10:21:54Z INFO HostContext] Well known directory 'Bin': 'C:\salesforce-pre-sync\actions-runner\bin'
[2025-07-16 10:21:54Z INFO HostContext] Well known directory 'Root': 'C:\salesforce-pre-sync\actions-runner'
[2025-07-16 10:21:54Z INFO HostContext] Well known directory 'Diag': 'C:\salesforce-pre-sync\actions-runner\_diag'
[2025-07-16 10:21:54Z INFO HostContext] Well known directory 'Bin': 'C:\salesforce-pre-sync\actions-runner\bin'
[2025-07-16 10:21:54Z INFO HostContext] Well known directory 'Root': 'C:\salesforce-pre-sync\actions-runner'
[2025-07-16 10:21:54Z INFO HostContext] Well known directory 'Diag': 'C:\salesforce-pre-sync\actions-runner\_diag'
[2025-07-16 10:21:54Z INFO HostContext] Well known directory 'Bin': 'C:\salesforce-pre-sync\actions-runner\bin'
[2025-07-16 10:21:54Z INFO HostContext] Well known directory 'Root': 'C:\salesforce-pre-sync\actions-runner'
[2025-07-16 10:21:54Z INFO HostContext] Well known config file 'Credentials': 'C:\salesforce-pre-sync\actions-runner\.credentials'
[2025-07-16 10:21:54Z INFO HostContext] Well known directory 'Bin': 'C:\salesforce-pre-sync\actions-runner\bin'
[2025-07-16 10:21:54Z INFO HostContext] Well known directory 'Root': 'C:\salesforce-pre-sync\actions-runner'
[2025-07-16 10:21:54Z INFO HostContext] Well known config file 'SetupInfo': 'C:\salesforce-pre-sync\actions-runner\.setup_info'
[2025-07-16 10:21:54Z INFO HostContext] Well known directory 'Bin': 'C:\salesforce-pre-sync\actions-runner\bin'
[2025-07-16 10:21:54Z INFO HostContext] Well known directory 'Root': 'C:\salesforce-pre-sync\actions-runner'
[2025-07-16 10:21:54Z INFO HostContext] Well known directory 'Work': 'C:\salesforce-pre-sync\actions-runner\_work'
[2025-07-16 10:21:54Z INFO PipelineDirectoryManager] Loading tracking config if exists: C:\salesforce-pre-sync\actions-runner\_work\_PipelineMapping\soporteoaci/salesforce-pre-sync\PipelineFolder.json
[2025-07-16 10:21:54Z INFO PipelineDirectoryManager] Updating job run properties.
[2025-07-16 10:21:54Z INFO HostContext] Well known directory 'Bin': 'C:\salesforce-pre-sync\actions-runner\bin'
[2025-07-16 10:21:54Z INFO HostContext] Well known directory 'Root': 'C:\salesforce-pre-sync\actions-runner'
[2025-07-16 10:21:54Z INFO HostContext] Well known directory 'Work': 'C:\salesforce-pre-sync\actions-runner\_work'
[2025-07-16 10:21:54Z INFO HostContext] Well known directory 'Bin': 'C:\salesforce-pre-sync\actions-runner\bin'
[2025-07-16 10:21:54Z INFO HostContext] Well known directory 'Root': 'C:\salesforce-pre-sync\actions-runner'
[2025-07-16 10:21:54Z INFO HostContext] Well known directory 'Work': 'C:\salesforce-pre-sync\actions-runner\_work'
[2025-07-16 10:21:54Z INFO HostContext] Well known directory 'Bin': 'C:\salesforce-pre-sync\actions-runner\bin'
[2025-07-16 10:21:54Z INFO HostContext] Well known directory 'Root': 'C:\salesforce-pre-sync\actions-runner'
[2025-07-16 10:21:54Z INFO HostContext] Well known directory 'Work': 'C:\salesforce-pre-sync\actions-runner\_work'
[2025-07-16 10:21:54Z INFO JobExtension] Downloading actions
[2025-07-16 10:21:54Z INFO HostContext] Well known directory 'Bin': 'C:\salesforce-pre-sync\actions-runner\bin'
[2025-07-16 10:21:54Z INFO HostContext] Well known directory 'Root': 'C:\salesforce-pre-sync\actions-runner'
[2025-07-16 10:21:54Z INFO HostContext] Well known directory 'Work': 'C:\salesforce-pre-sync\actions-runner\_work'
[2025-07-16 10:21:54Z INFO HostContext] Well known directory 'Actions': 'C:\salesforce-pre-sync\actions-runner\_work\_actions'
[2025-07-16 10:21:54Z INFO Worker] Listening for cancel message from the channel.
[2025-07-16 10:21:54Z INFO Worker] Waiting for the job to complete or for a cancel message from the channel.
[2025-07-16 10:21:54Z INFO ProcessChannel] Receiving message of length 0, with hash 'e3b0c44298fc1c149afbf4c8996fb92427ae41e4649b934ca495991b7852b855'
[2025-07-16 10:21:54Z INFO Worker] Cancellation/Shutdown message received.
[2025-07-16 10:21:54Z WARN GitHubActionsService] POST request to https://launch.actions.githubusercontent.com/actions/build/059153f5-7a2c-4656-b261-dbd2fd7752bb/jobs/e9dc8d4a-fa0f-54f5-a59e-1eed5a5fdd9b/runnerresolve/actions has been cancelled.
[2025-07-16 10:21:54Z ERR  JobExtension] Caught cancellation exception from JobExtension Initialization: System.Threading.Tasks.TaskCanceledException: A task was canceled.
 ---> System.Threading.Tasks.TaskCanceledException: A task was canceled.
   at System.Threading.Tasks.TaskCompletionSourceWithCancellation`1.WaitWithCancellationAsync(CancellationToken cancellationToken)
   at System.Net.Http.HttpConnectionPool.SendWithVersionDetectionAndRetryAsync(HttpRequestMessage request, Boolean async, Boolean doRequestAuth, CancellationToken cancellationToken)
   at System.Net.Http.AuthenticationHelper.SendWithAuthAsync(HttpRequestMessage request, Uri authUri, Boolean async, ICredentials credentials, Boolean preAuthenticate, Boolean isProxyAuth, Boolean doRequestAuth, HttpConnectionPool pool, CancellationToken cancellationToken)
   at System.Net.Http.RedirectHandler.SendAsync(HttpRequestMessage request, Boolean async, CancellationToken cancellationToken)
   at GitHub.Services.Common.RawHttpMessageHandler.SendAsync(HttpRequestMessage request, CancellationToken cancellationToken)
   at GitHub.Services.Common.VssHttpRetryMessageHandler.SendAsync(HttpRequestMessage request, CancellationToken cancellationToken)
   at System.Net.Http.HttpClient.<SendAsync>g__Core|83_0(HttpRequestMessage request, HttpCompletionOption completionOption, CancellationTokenSource cts, Boolean disposeCts, CancellationTokenSource pendingRequestsCts, CancellationToken originalCancellationToken)
   --- End of inner exception stack trace ---
   at System.Net.Http.HttpClient.HandleFailure(Exception e, Boolean telemetryStarted, HttpResponseMessage response, CancellationTokenSource cts, CancellationToken cancellationToken, CancellationTokenSource pendingRequestsCts)
   at System.Net.Http.HttpClient.<SendAsync>g__Core|83_0(HttpRequestMessage request, HttpCompletionOption completionOption, CancellationTokenSource cts, Boolean disposeCts, CancellationTokenSource pendingRequestsCts, CancellationToken originalCancellationToken)
   at Sdk.WebApi.WebApi.RawHttpClientBase.SendAsync(HttpRequestMessage message, HttpCompletionOption completionOption, Object userState, CancellationToken cancellationToken)
   at GitHub.Services.Launch.Client.LaunchHttpClient.GetLaunchSignedURLResponse[R](Uri uri, R request, CancellationToken cancellationToken)
   at GitHub.Services.Launch.Client.LaunchHttpClient.GetResolveActionsDownloadInfoAsyncV2(Guid planId, Guid jobId, ActionReferenceList actionReferenceList, CancellationToken cancellationToken)
   at GitHub.Runner.Worker.ActionManager.GetDownloadInfoAsync(IExecutionContext executionContext, List`1 actions)
   at GitHub.Runner.Worker.ActionManager.PrepareActionsRecursiveAsync(IExecutionContext executionContext, PrepareActionsState state, IEnumerable`1 actions, Int32 depth, Guid parentStepId)
   at GitHub.Runner.Worker.ActionManager.PrepareActionsAsync(IExecutionContext executionContext, IEnumerable`1 steps, Guid rootStepId)
   at GitHub.Runner.Worker.JobExtension.InitializeJob(IExecutionContext jobContext, AgentJobRequestMessage message)
[2025-07-16 10:21:54Z INFO ExecutionContext] Publish step telemetry for current step {
  "action": "setup_job",
  "type": "runner",
  "stage": "Pre",
  "stepId": "65577e2d-12e9-473e-8ee9-db3fd829658c",
  "result": "canceled",
  "errorMessages": [
    "A task was canceled."
  ],
  "executionTimeInSeconds": 1,
  "startTime": "2025-07-16T10:21:54.2924595Z",
  "finishTime": "2025-07-16T10:21:54.3950627Z"
}.
[2025-07-16 10:21:54Z ERR  JobRunner] Job is cancelled during initialize.
[2025-07-16 10:21:54Z ERR  JobRunner] Caught exception: System.Threading.Tasks.TaskCanceledException: A task was canceled.
 ---> System.Threading.Tasks.TaskCanceledException: A task was canceled.
   at System.Threading.Tasks.TaskCompletionSourceWithCancellation`1.WaitWithCancellationAsync(CancellationToken cancellationToken)
   at System.Net.Http.HttpConnectionPool.SendWithVersionDetectionAndRetryAsync(HttpRequestMessage request, Boolean async, Boolean doRequestAuth, CancellationToken cancellationToken)
   at System.Net.Http.AuthenticationHelper.SendWithAuthAsync(HttpRequestMessage request, Uri authUri, Boolean async, ICredentials credentials, Boolean preAuthenticate, Boolean isProxyAuth, Boolean doRequestAuth, HttpConnectionPool pool, CancellationToken cancellationToken)
   at System.Net.Http.RedirectHandler.SendAsync(HttpRequestMessage request, Boolean async, CancellationToken cancellationToken)
   at GitHub.Services.Common.RawHttpMessageHandler.SendAsync(HttpRequestMessage request, CancellationToken cancellationToken)
   at GitHub.Services.Common.VssHttpRetryMessageHandler.SendAsync(HttpRequestMessage request, CancellationToken cancellationToken)
   at System.Net.Http.HttpClient.<SendAsync>g__Core|83_0(HttpRequestMessage request, HttpCompletionOption completionOption, CancellationTokenSource cts, Boolean disposeCts, CancellationTokenSource pendingRequestsCts, CancellationToken originalCancellationToken)
   --- End of inner exception stack trace ---
   at System.Net.Http.HttpClient.HandleFailure(Exception e, Boolean telemetryStarted, HttpResponseMessage response, CancellationTokenSource cts, CancellationToken cancellationToken, CancellationTokenSource pendingRequestsCts)
   at System.Net.Http.HttpClient.<SendAsync>g__Core|83_0(HttpRequestMessage request, HttpCompletionOption completionOption, CancellationTokenSource cts, Boolean disposeCts, CancellationTokenSource pendingRequestsCts, CancellationToken originalCancellationToken)
   at Sdk.WebApi.WebApi.RawHttpClientBase.SendAsync(HttpRequestMessage message, HttpCompletionOption completionOption, Object userState, CancellationToken cancellationToken)
   at GitHub.Services.Launch.Client.LaunchHttpClient.GetLaunchSignedURLResponse[R](Uri uri, R request, CancellationToken cancellationToken)
   at GitHub.Services.Launch.Client.LaunchHttpClient.GetResolveActionsDownloadInfoAsyncV2(Guid planId, Guid jobId, ActionReferenceList actionReferenceList, CancellationToken cancellationToken)
   at GitHub.Runner.Worker.ActionManager.GetDownloadInfoAsync(IExecutionContext executionContext, List`1 actions)
   at GitHub.Runner.Worker.ActionManager.PrepareActionsRecursiveAsync(IExecutionContext executionContext, PrepareActionsState state, IEnumerable`1 actions, Int32 depth, Guid parentStepId)
   at GitHub.Runner.Worker.ActionManager.PrepareActionsAsync(IExecutionContext executionContext, IEnumerable`1 steps, Guid rootStepId)
   at GitHub.Runner.Worker.JobExtension.InitializeJob(IExecutionContext jobContext, AgentJobRequestMessage message)
   at GitHub.Runner.Worker.JobRunner.RunAsync(AgentJobRequestMessage message, CancellationToken jobRequestCancellationToken)
[2025-07-16 10:21:54Z INFO JobRunner] Shutting down the job server queue.
[2025-07-16 10:21:54Z INFO JobServerQueue] Fire signal to shutdown all queues.
[2025-07-16 10:21:54Z INFO ResultServer] Successfully started websocket client.
[2025-07-16 10:21:55Z INFO JobServerQueue] All queue process task stopped.
[2025-07-16 10:21:55Z INFO JobServerQueue] Try to append 1 batches web console lines for record '65577e2d-12e9-473e-8ee9-db3fd829658c', success rate: 1/1.
[2025-07-16 10:21:55Z INFO JobServerQueue] Web console line queue drained.
[2025-07-16 10:21:55Z INFO JobServerQueue] Uploading 2 files in one shot.
[2025-07-16 10:21:55Z INFO JobServerQueue] Try to upload 2 log files or attachments, success rate: 2/2.
[2025-07-16 10:21:55Z INFO JobServerQueue] File upload queue drained.
[2025-07-16 10:21:55Z INFO JobServerQueue] Starting results-based upload queue...
[2025-07-16 10:21:55Z INFO JobServerQueue] Uploading 2 file(s) in one shot through results service.
[2025-07-16 10:21:55Z INFO JobServerQueue] Got a step log file to send to results service.
[2025-07-16 10:21:55Z INFO JobServerQueue] Starting upload of step log file to results service ResultsLog, C:\salesforce-pre-sync\actions-runner\_diag\blocks\059153f5-7a2c-4656-b261-dbd2fd7752bb_65577e2d-12e9-473e-8ee9-db3fd829658c.1
[2025-07-16 10:21:56Z INFO JobServerQueue] Got a job log file to send to results service.
[2025-07-16 10:21:56Z INFO JobServerQueue] Starting upload of job log file to results service ResultsLog, C:\salesforce-pre-sync\actions-runner\_diag\blocks\059153f5-7a2c-4656-b261-dbd2fd7752bb_e9dc8d4a-fa0f-54f5-a59e-1eed5a5fdd9b.1
[2025-07-16 10:21:56Z INFO JobServerQueue] Tried to upload 2 file(s) to results, success rate: 2/2.
[2025-07-16 10:21:56Z INFO JobServerQueue] Results upload queue drained.
[2025-07-16 10:21:57Z INFO JobServerQueue] Job timeline record has been updated for the first time.
[2025-07-16 10:21:57Z INFO JobServerQueue] Timeline update queue drained.
[2025-07-16 10:21:57Z INFO JobServerQueue] Disposing job server ...
[2025-07-16 10:21:57Z INFO JobServerQueue] Disposing results server ...
[2025-07-16 10:21:57Z INFO JobServerQueue] All queue process tasks have been stopped, and all queues are drained.
[2025-07-16 10:21:57Z INFO TempDirectoryManager] Cleaning runner temp folder: C:\salesforce-pre-sync\actions-runner\_work\_temp
[2025-07-16 10:21:57Z INFO HostContext] Well known directory 'Bin': 'C:\salesforce-pre-sync\actions-runner\bin'
[2025-07-16 10:21:57Z INFO HostContext] Well known directory 'Root': 'C:\salesforce-pre-sync\actions-runner'
[2025-07-16 10:21:57Z INFO HostContext] Well known directory 'Diag': 'C:\salesforce-pre-sync\actions-runner\_diag'
[2025-07-16 10:21:57Z INFO HostContext] Well known config file 'Telemetry': 'C:\salesforce-pre-sync\actions-runner\_diag\.telemetry'
[2025-07-16 10:21:57Z INFO JobRunner] Raising job completed against run service
